[0.015s] Invoking command in '/home/kuba/PBL/build/pbl_bringup': CMAKE_PREFIX_PATH=${CMAKE_PREFIX_PATH}:/opt/ros/humble /usr/bin/cmake --build /home/kuba/PBL/build/pbl_bringup -- -j16 -l16
[0.075s] Invoked command in '/home/kuba/PBL/build/pbl_bringup' returned '0': CMAKE_PREFIX_PATH=${CMAKE_PREFIX_PATH}:/opt/ros/humble /usr/bin/cmake --build /home/kuba/PBL/build/pbl_bringup -- -j16 -l16
[0.095s] Invoking command in '/home/kuba/PBL/build/pbl_bringup': CMAKE_PREFIX_PATH=${CMAKE_PREFIX_PATH}:/opt/ros/humble /usr/bin/cmake --install /home/kuba/PBL/build/pbl_bringup
[0.100s] -- Install configuration: ""
[0.101s] -- Execute custom install script
[0.103s] -- Up-to-date symlink: /home/kuba/PBL/install/pbl_bringup/share/ament_index/resource_index/package_run_dependencies/pbl_bringup
[0.104s] -- Up-to-date symlink: /home/kuba/PBL/install/pbl_bringup/share/ament_index/resource_index/parent_prefix_path/pbl_bringup
[0.105s] -- Up-to-date symlink: /home/kuba/PBL/install/pbl_bringup/share/pbl_bringup/environment/ament_prefix_path.sh
[0.105s] -- Up-to-date symlink: /home/kuba/PBL/install/pbl_bringup/share/pbl_bringup/environment/ament_prefix_path.dsv
[0.105s] -- Up-to-date symlink: /home/kuba/PBL/install/pbl_bringup/share/pbl_bringup/environment/path.sh
[0.106s] -- Up-to-date symlink: /home/kuba/PBL/install/pbl_bringup/share/pbl_bringup/environment/path.dsv
[0.106s] -- Up-to-date symlink: /home/kuba/PBL/install/pbl_bringup/share/pbl_bringup/local_setup.bash
[0.106s] -- Up-to-date symlink: /home/kuba/PBL/install/pbl_bringup/share/pbl_bringup/local_setup.sh
[0.106s] -- Up-to-date symlink: /home/kuba/PBL/install/pbl_bringup/share/pbl_bringup/local_setup.zsh
[0.106s] -- Up-to-date symlink: /home/kuba/PBL/install/pbl_bringup/share/pbl_bringup/local_setup.dsv
[0.107s] -- Symlinking: /home/kuba/PBL/install/pbl_bringup/share/pbl_bringup/package.dsv
[0.113s] -- Up-to-date symlink: /home/kuba/PBL/install/pbl_bringup/share/ament_index/resource_index/packages/pbl_bringup
[0.114s] -- Up-to-date symlink: /home/kuba/PBL/install/pbl_bringup/share/pbl_bringup/cmake/pbl_bringupConfig.cmake
[0.114s] -- Up-to-date symlink: /home/kuba/PBL/install/pbl_bringup/share/pbl_bringup/cmake/pbl_bringupConfig-version.cmake
[0.114s] -- Up-to-date symlink: /home/kuba/PBL/install/pbl_bringup/share/pbl_bringup/package.xml
[0.115s] Invoked command in '/home/kuba/PBL/build/pbl_bringup' returned '0': CMAKE_PREFIX_PATH=${CMAKE_PREFIX_PATH}:/opt/ros/humble /usr/bin/cmake --install /home/kuba/PBL/build/pbl_bringup
