[0.014s] Invoking command in '/home/kuba/PBL/build/odrive': CMAKE_PREFIX_PATH=${CMAKE_PREFIX_PATH}:/opt/ros/humble /usr/bin/cmake /home/kuba/PBL/src/odrive -DAMENT_CMAKE_SYMLINK_INSTALL=1 -DCMAKE_INSTALL_PREFIX=/home/kuba/PBL/install/odrive
[0.056s] -- The C compiler identification is GNU 11.4.0
[0.099s] -- The CXX compiler identification is GNU 11.4.0
[0.105s] -- Detecting C compiler ABI info
[0.156s] -- Detecting C compiler ABI info - done
[0.164s] -- Check for working C compiler: /usr/bin/cc - skipped
[0.164s] -- Detecting C compile features
[0.165s] -- Detecting C compile features - done
[0.168s] -- Detecting CXX compiler ABI info
[0.227s] -- Detecting CXX compiler ABI info - done
[0.235s] -- Check for working CXX compiler: /usr/bin/c++ - skipped
[0.235s] -- Detecting CXX compile features
[0.235s] -- Detecting CXX compile features - done
[0.237s] -- Found ament_cmake: 1.3.10 (/opt/ros/humble/share/ament_cmake/cmake)
[0.342s] -- Found Python3: /usr/bin/python3 (found version "3.10.12") found components: Interpreter 
[0.386s] -- Override CMake install command with custom implementation using symlinks instead of copying resources
[0.406s] -- Found ament_lint_auto: 0.12.11 (/opt/ros/humble/share/ament_lint_auto/cmake)
[0.463s] -- Added test 'cppcheck' to perform static code analysis on C / C++ code
[0.463s] -- Configured cppcheck include dirs: 
[0.463s] -- Configured cppcheck exclude dirs and/or files: 
[0.464s] -- Added test 'flake8' to check Python code syntax and style conventions
[0.465s] -- Added test 'lint_cmake' to check CMake code style
[0.465s] -- Added test 'pep257' to check Python code against some of the docstring style conventions in PEP 257
[0.469s] -- Added test 'uncrustify' to check C / C++ code style
[0.469s] -- Configured uncrustify additional arguments: 
[0.469s] -- Added test 'xmllint' to check XML markup files
[0.470s] -- Configuring done
[0.472s] -- Generating done
[0.472s] -- Build files have been written to: /home/kuba/PBL/build/odrive
[0.475s] Invoked command in '/home/kuba/PBL/build/odrive' returned '0': CMAKE_PREFIX_PATH=${CMAKE_PREFIX_PATH}:/opt/ros/humble /usr/bin/cmake /home/kuba/PBL/src/odrive -DAMENT_CMAKE_SYMLINK_INSTALL=1 -DCMAKE_INSTALL_PREFIX=/home/kuba/PBL/install/odrive
[0.476s] Invoking command in '/home/kuba/PBL/build/odrive': CMAKE_PREFIX_PATH=${CMAKE_PREFIX_PATH}:/opt/ros/humble /usr/bin/cmake --build /home/kuba/PBL/build/odrive -- -j16 -l16
[0.500s] Invoked command in '/home/kuba/PBL/build/odrive' returned '0': CMAKE_PREFIX_PATH=${CMAKE_PREFIX_PATH}:/opt/ros/humble /usr/bin/cmake --build /home/kuba/PBL/build/odrive -- -j16 -l16
[0.515s] Invoking command in '/home/kuba/PBL/build/odrive': CMAKE_PREFIX_PATH=${CMAKE_PREFIX_PATH}:/opt/ros/humble /usr/bin/cmake --install /home/kuba/PBL/build/odrive
[0.520s] -- Install configuration: ""
[0.520s] -- Execute custom install script
[0.520s] -- Symlinking: /home/kuba/PBL/install/odrive/share/ament_index/resource_index/package_run_dependencies/odrive
[0.526s] -- Symlinking: /home/kuba/PBL/install/odrive/share/ament_index/resource_index/parent_prefix_path/odrive
[0.532s] -- Symlinking: /home/kuba/PBL/install/odrive/share/odrive/environment/ament_prefix_path.sh
[0.537s] -- Symlinking: /home/kuba/PBL/install/odrive/share/odrive/environment/ament_prefix_path.dsv
[0.543s] -- Symlinking: /home/kuba/PBL/install/odrive/share/odrive/environment/path.sh
[0.548s] -- Symlinking: /home/kuba/PBL/install/odrive/share/odrive/environment/path.dsv
[0.554s] -- Symlinking: /home/kuba/PBL/install/odrive/share/odrive/local_setup.bash
[0.559s] -- Symlinking: /home/kuba/PBL/install/odrive/share/odrive/local_setup.sh
[0.564s] -- Symlinking: /home/kuba/PBL/install/odrive/share/odrive/local_setup.zsh
[0.570s] -- Symlinking: /home/kuba/PBL/install/odrive/share/odrive/local_setup.dsv
[0.575s] -- Symlinking: /home/kuba/PBL/install/odrive/share/odrive/package.dsv
[0.581s] -- Symlinking: /home/kuba/PBL/install/odrive/share/ament_index/resource_index/packages/odrive
[0.586s] -- Symlinking: /home/kuba/PBL/install/odrive/share/odrive/cmake/odriveConfig.cmake
[0.591s] -- Symlinking: /home/kuba/PBL/install/odrive/share/odrive/cmake/odriveConfig-version.cmake
[0.597s] -- Symlinking: /home/kuba/PBL/install/odrive/share/odrive/package.xml
[0.603s] Invoked command in '/home/kuba/PBL/build/odrive' returned '0': CMAKE_PREFIX_PATH=${CMAKE_PREFIX_PATH}:/opt/ros/humble /usr/bin/cmake --install /home/kuba/PBL/build/odrive
