[0.095s] DEBUG:colcon:Command line arguments: ['/usr/bin/colcon', 'build', '--symlink-install']
[0.095s] DEBUG:colcon:Parsed command line arguments: Namespace(log_base=None, log_level=None, verb_name='build', build_base='build', install_base='install', merge_install=False, symlink_install=True, test_result_base=None, continue_on_error=False, executor='parallel', parallel_workers=16, event_handlers=None, ignore_user_meta=False, metas=['./colcon.meta'], base_paths=['.'], packages_ignore=None, packages_ignore_regex=None, paths=None, packages_up_to=None, packages_up_to_regex=None, packages_above=None, packages_above_and_dependencies=None, packages_above_depth=None, packages_select_by_dep=None, packages_skip_by_dep=None, packages_skip_up_to=None, packages_select_build_failed=False, packages_skip_build_finished=False, packages_select_test_failures=False, packages_skip_test_passed=False, packages_select=None, packages_skip=None, packages_select_regex=None, packages_skip_regex=None, packages_start=None, packages_end=None, allow_overriding=[], cmake_args=None, cmake_target=None, cmake_target_skip_unavailable=False, cmake_clean_cache=False, cmake_clean_first=False, cmake_force_configure=False, ament_cmake_args=None, catkin_cmake_args=None, catkin_skip_building_tests=False, verb_parser=<colcon_defaults.argument_parser.defaults.DefaultArgumentsDecorator object at 0x7f2b1c644c40>, verb_extension=<colcon_core.verb.build.BuildVerb object at 0x7f2b1c644730>, main=<bound method BuildVerb.main of <colcon_core.verb.build.BuildVerb object at 0x7f2b1c644730>>)
[0.237s] Level 1:colcon.colcon_core.package_discovery:discover_packages(colcon_meta) check parameters
[0.237s] Level 1:colcon.colcon_core.package_discovery:discover_packages(recursive) check parameters
[0.237s] Level 1:colcon.colcon_core.package_discovery:discover_packages(ignore) check parameters
[0.237s] Level 1:colcon.colcon_core.package_discovery:discover_packages(path) check parameters
[0.237s] Level 1:colcon.colcon_core.package_discovery:discover_packages(colcon_meta) discover
[0.237s] Level 1:colcon.colcon_core.package_discovery:discover_packages(recursive) discover
[0.237s] INFO:colcon.colcon_core.package_discovery:Crawling recursively for packages in '/home/kuba/PBL'
[0.237s] Level 1:colcon.colcon_core.package_identification:_identify(.) by extensions ['ignore', 'ignore_ament_install']
[0.237s] Level 1:colcon.colcon_core.package_identification:_identify(.) by extension 'ignore'
[0.237s] Level 1:colcon.colcon_core.package_identification:_identify(.) by extension 'ignore_ament_install'
[0.237s] Level 1:colcon.colcon_core.package_identification:_identify(.) by extensions ['colcon_pkg']
[0.238s] Level 1:colcon.colcon_core.package_identification:_identify(.) by extension 'colcon_pkg'
[0.238s] Level 1:colcon.colcon_core.package_identification:_identify(.) by extensions ['colcon_meta']
[0.238s] Level 1:colcon.colcon_core.package_identification:_identify(.) by extension 'colcon_meta'
[0.238s] Level 1:colcon.colcon_core.package_identification:_identify(.) by extensions ['ros']
[0.238s] Level 1:colcon.colcon_core.package_identification:_identify(.) by extension 'ros'
[0.247s] Level 1:colcon.colcon_core.package_identification:_identify(.) by extensions ['cmake', 'python']
[0.247s] Level 1:colcon.colcon_core.package_identification:_identify(.) by extension 'cmake'
[0.247s] Level 1:colcon.colcon_core.package_identification:_identify(.) by extension 'python'
[0.247s] Level 1:colcon.colcon_core.package_identification:_identify(.) by extensions ['python_setup_py']
[0.247s] Level 1:colcon.colcon_core.package_identification:_identify(.) by extension 'python_setup_py'
[0.247s] Level 1:colcon.colcon_core.package_identification:_identify(build) by extensions ['ignore', 'ignore_ament_install']
[0.248s] Level 1:colcon.colcon_core.package_identification:_identify(build) by extension 'ignore'
[0.248s] Level 1:colcon.colcon_core.package_identification:_identify(build) ignored
[0.248s] Level 1:colcon.colcon_core.package_identification:_identify(install) by extensions ['ignore', 'ignore_ament_install']
[0.248s] Level 1:colcon.colcon_core.package_identification:_identify(install) by extension 'ignore'
[0.248s] Level 1:colcon.colcon_core.package_identification:_identify(install) ignored
[0.248s] Level 1:colcon.colcon_core.package_identification:_identify(log) by extensions ['ignore', 'ignore_ament_install']
[0.248s] Level 1:colcon.colcon_core.package_identification:_identify(log) by extension 'ignore'
[0.248s] Level 1:colcon.colcon_core.package_identification:_identify(log) ignored
[0.248s] Level 1:colcon.colcon_core.package_identification:_identify(models) by extensions ['ignore', 'ignore_ament_install']
[0.249s] Level 1:colcon.colcon_core.package_identification:_identify(models) by extension 'ignore'
[0.249s] Level 1:colcon.colcon_core.package_identification:_identify(models) by extension 'ignore_ament_install'
[0.249s] Level 1:colcon.colcon_core.package_identification:_identify(models) by extensions ['colcon_pkg']
[0.249s] Level 1:colcon.colcon_core.package_identification:_identify(models) by extension 'colcon_pkg'
[0.249s] Level 1:colcon.colcon_core.package_identification:_identify(models) by extensions ['colcon_meta']
[0.249s] Level 1:colcon.colcon_core.package_identification:_identify(models) by extension 'colcon_meta'
[0.249s] Level 1:colcon.colcon_core.package_identification:_identify(models) by extensions ['ros']
[0.249s] Level 1:colcon.colcon_core.package_identification:_identify(models) by extension 'ros'
[0.249s] Level 1:colcon.colcon_core.package_identification:_identify(models) by extensions ['cmake', 'python']
[0.249s] Level 1:colcon.colcon_core.package_identification:_identify(models) by extension 'cmake'
[0.249s] Level 1:colcon.colcon_core.package_identification:_identify(models) by extension 'python'
[0.249s] Level 1:colcon.colcon_core.package_identification:_identify(models) by extensions ['python_setup_py']
[0.249s] Level 1:colcon.colcon_core.package_identification:_identify(models) by extension 'python_setup_py'
[0.249s] Level 1:colcon.colcon_core.package_identification:_identify(models/build) by extensions ['ignore', 'ignore_ament_install']
[0.249s] Level 1:colcon.colcon_core.package_identification:_identify(models/build) by extension 'ignore'
[0.250s] Level 1:colcon.colcon_core.package_identification:_identify(models/build) by extension 'ignore_ament_install'
[0.250s] Level 1:colcon.colcon_core.package_identification:_identify(models/build) by extensions ['colcon_pkg']
[0.250s] Level 1:colcon.colcon_core.package_identification:_identify(models/build) by extension 'colcon_pkg'
[0.250s] Level 1:colcon.colcon_core.package_identification:_identify(models/build) by extensions ['colcon_meta']
[0.250s] Level 1:colcon.colcon_core.package_identification:_identify(models/build) by extension 'colcon_meta'
[0.250s] Level 1:colcon.colcon_core.package_identification:_identify(models/build) by extensions ['ros']
[0.250s] Level 1:colcon.colcon_core.package_identification:_identify(models/build) by extension 'ros'
[0.250s] Level 1:colcon.colcon_core.package_identification:_identify(models/build) by extensions ['cmake', 'python']
[0.250s] Level 1:colcon.colcon_core.package_identification:_identify(models/build) by extension 'cmake'
[0.250s] Level 1:colcon.colcon_core.package_identification:_identify(models/build) by extension 'python'
[0.250s] Level 1:colcon.colcon_core.package_identification:_identify(models/build) by extensions ['python_setup_py']
[0.250s] Level 1:colcon.colcon_core.package_identification:_identify(models/build) by extension 'python_setup_py'
[0.250s] Level 1:colcon.colcon_core.package_identification:_identify(models/build/salamanca) by extensions ['ignore', 'ignore_ament_install']
[0.250s] Level 1:colcon.colcon_core.package_identification:_identify(models/build/salamanca) by extension 'ignore'
[0.250s] Level 1:colcon.colcon_core.package_identification:_identify(models/build/salamanca) by extension 'ignore_ament_install'
[0.251s] Level 1:colcon.colcon_core.package_identification:_identify(models/build/salamanca) by extensions ['colcon_pkg']
[0.251s] Level 1:colcon.colcon_core.package_identification:_identify(models/build/salamanca) by extension 'colcon_pkg'
[0.251s] Level 1:colcon.colcon_core.package_identification:_identify(models/build/salamanca) by extensions ['colcon_meta']
[0.251s] Level 1:colcon.colcon_core.package_identification:_identify(models/build/salamanca) by extension 'colcon_meta'
[0.251s] Level 1:colcon.colcon_core.package_identification:_identify(models/build/salamanca) by extensions ['ros']
[0.251s] Level 1:colcon.colcon_core.package_identification:_identify(models/build/salamanca) by extension 'ros'
[0.251s] Level 1:colcon.colcon_core.package_identification:_identify(models/build/salamanca) by extensions ['cmake', 'python']
[0.251s] Level 1:colcon.colcon_core.package_identification:_identify(models/build/salamanca) by extension 'cmake'
[0.251s] Level 1:colcon.colcon_core.package_identification:_identify(models/build/salamanca) by extension 'python'
[0.251s] Level 1:colcon.colcon_core.package_identification:_identify(models/build/salamanca) by extensions ['python_setup_py']
[0.251s] Level 1:colcon.colcon_core.package_identification:_identify(models/build/salamanca) by extension 'python_setup_py'
[0.251s] Level 1:colcon.colcon_core.package_identification:_identify(models/install) by extensions ['ignore', 'ignore_ament_install']
[0.251s] Level 1:colcon.colcon_core.package_identification:_identify(models/install) by extension 'ignore'
[0.251s] Level 1:colcon.colcon_core.package_identification:_identify(models/install) by extension 'ignore_ament_install'
[0.251s] Level 1:colcon.colcon_core.package_identification:_identify(models/install) by extensions ['colcon_pkg']
[0.251s] Level 1:colcon.colcon_core.package_identification:_identify(models/install) by extension 'colcon_pkg'
[0.252s] Level 1:colcon.colcon_core.package_identification:_identify(models/install) by extensions ['colcon_meta']
[0.252s] Level 1:colcon.colcon_core.package_identification:_identify(models/install) by extension 'colcon_meta'
[0.252s] Level 1:colcon.colcon_core.package_identification:_identify(models/install) by extensions ['ros']
[0.252s] Level 1:colcon.colcon_core.package_identification:_identify(models/install) by extension 'ros'
[0.252s] Level 1:colcon.colcon_core.package_identification:_identify(models/install) by extensions ['cmake', 'python']
[0.252s] Level 1:colcon.colcon_core.package_identification:_identify(models/install) by extension 'cmake'
[0.252s] Level 1:colcon.colcon_core.package_identification:_identify(models/install) by extension 'python'
[0.252s] Level 1:colcon.colcon_core.package_identification:_identify(models/install) by extensions ['python_setup_py']
[0.252s] Level 1:colcon.colcon_core.package_identification:_identify(models/install) by extension 'python_setup_py'
[0.252s] Level 1:colcon.colcon_core.package_identification:_identify(models/install/salamanca) by extensions ['ignore', 'ignore_ament_install']
[0.252s] Level 1:colcon.colcon_core.package_identification:_identify(models/install/salamanca) by extension 'ignore'
[0.252s] Level 1:colcon.colcon_core.package_identification:_identify(models/install/salamanca) by extension 'ignore_ament_install'
[0.252s] Level 1:colcon.colcon_core.package_identification:_identify(models/install/salamanca) by extensions ['colcon_pkg']
[0.252s] Level 1:colcon.colcon_core.package_identification:_identify(models/install/salamanca) by extension 'colcon_pkg'
[0.252s] Level 1:colcon.colcon_core.package_identification:_identify(models/install/salamanca) by extensions ['colcon_meta']
[0.253s] Level 1:colcon.colcon_core.package_identification:_identify(models/install/salamanca) by extension 'colcon_meta'
[0.253s] Level 1:colcon.colcon_core.package_identification:_identify(models/install/salamanca) by extensions ['ros']
[0.253s] Level 1:colcon.colcon_core.package_identification:_identify(models/install/salamanca) by extension 'ros'
[0.253s] Level 1:colcon.colcon_core.package_identification:_identify(models/install/salamanca) by extensions ['cmake', 'python']
[0.253s] Level 1:colcon.colcon_core.package_identification:_identify(models/install/salamanca) by extension 'cmake'
[0.253s] Level 1:colcon.colcon_core.package_identification:_identify(models/install/salamanca) by extension 'python'
[0.253s] Level 1:colcon.colcon_core.package_identification:_identify(models/install/salamanca) by extensions ['python_setup_py']
[0.253s] Level 1:colcon.colcon_core.package_identification:_identify(models/install/salamanca) by extension 'python_setup_py'
[0.253s] Level 1:colcon.colcon_core.package_identification:_identify(models/install/salamanca/share) by extensions ['ignore', 'ignore_ament_install']
[0.253s] Level 1:colcon.colcon_core.package_identification:_identify(models/install/salamanca/share) by extension 'ignore'
[0.253s] Level 1:colcon.colcon_core.package_identification:_identify(models/install/salamanca/share) by extension 'ignore_ament_install'
[0.253s] Level 1:colcon.colcon_core.package_identification:_identify(models/install/salamanca/share) by extensions ['colcon_pkg']
[0.253s] Level 1:colcon.colcon_core.package_identification:_identify(models/install/salamanca/share) by extension 'colcon_pkg'
[0.253s] Level 1:colcon.colcon_core.package_identification:_identify(models/install/salamanca/share) by extensions ['colcon_meta']
[0.254s] Level 1:colcon.colcon_core.package_identification:_identify(models/install/salamanca/share) by extension 'colcon_meta'
[0.254s] Level 1:colcon.colcon_core.package_identification:_identify(models/install/salamanca/share) by extensions ['ros']
[0.254s] Level 1:colcon.colcon_core.package_identification:_identify(models/install/salamanca/share) by extension 'ros'
[0.254s] Level 1:colcon.colcon_core.package_identification:_identify(models/install/salamanca/share) by extensions ['cmake', 'python']
[0.254s] Level 1:colcon.colcon_core.package_identification:_identify(models/install/salamanca/share) by extension 'cmake'
[0.254s] Level 1:colcon.colcon_core.package_identification:_identify(models/install/salamanca/share) by extension 'python'
[0.254s] Level 1:colcon.colcon_core.package_identification:_identify(models/install/salamanca/share) by extensions ['python_setup_py']
[0.254s] Level 1:colcon.colcon_core.package_identification:_identify(models/install/salamanca/share) by extension 'python_setup_py'
[0.254s] Level 1:colcon.colcon_core.package_identification:_identify(models/install/salamanca/share/salamanca) by extensions ['ignore', 'ignore_ament_install']
[0.254s] Level 1:colcon.colcon_core.package_identification:_identify(models/install/salamanca/share/salamanca) by extension 'ignore'
[0.254s] Level 1:colcon.colcon_core.package_identification:_identify(models/install/salamanca/share/salamanca) by extension 'ignore_ament_install'
[0.254s] Level 1:colcon.colcon_core.package_identification:_identify(models/install/salamanca/share/salamanca) by extensions ['colcon_pkg']
[0.254s] Level 1:colcon.colcon_core.package_identification:_identify(models/install/salamanca/share/salamanca) by extension 'colcon_pkg'
[0.255s] Level 1:colcon.colcon_core.package_identification:_identify(models/install/salamanca/share/salamanca) by extensions ['colcon_meta']
[0.255s] Level 1:colcon.colcon_core.package_identification:_identify(models/install/salamanca/share/salamanca) by extension 'colcon_meta'
[0.255s] Level 1:colcon.colcon_core.package_identification:_identify(models/install/salamanca/share/salamanca) by extensions ['ros']
[0.255s] Level 1:colcon.colcon_core.package_identification:_identify(models/install/salamanca/share/salamanca) by extension 'ros'
[0.259s] DEBUG:colcon.colcon_core.package_identification:Package 'models/install/salamanca/share/salamanca' with type 'ros.ament_cmake' and name 'salamanca'
[0.259s] Level 1:colcon.colcon_core.package_identification:_identify(models/src) by extensions ['ignore', 'ignore_ament_install']
[0.260s] Level 1:colcon.colcon_core.package_identification:_identify(models/src) by extension 'ignore'
[0.260s] Level 1:colcon.colcon_core.package_identification:_identify(models/src) by extension 'ignore_ament_install'
[0.260s] Level 1:colcon.colcon_core.package_identification:_identify(models/src) by extensions ['colcon_pkg']
[0.260s] Level 1:colcon.colcon_core.package_identification:_identify(models/src) by extension 'colcon_pkg'
[0.260s] Level 1:colcon.colcon_core.package_identification:_identify(models/src) by extensions ['colcon_meta']
[0.260s] Level 1:colcon.colcon_core.package_identification:_identify(models/src) by extension 'colcon_meta'
[0.260s] Level 1:colcon.colcon_core.package_identification:_identify(models/src) by extensions ['ros']
[0.260s] Level 1:colcon.colcon_core.package_identification:_identify(models/src) by extension 'ros'
[0.260s] Level 1:colcon.colcon_core.package_identification:_identify(models/src) by extensions ['cmake', 'python']
[0.260s] Level 1:colcon.colcon_core.package_identification:_identify(models/src) by extension 'cmake'
[0.260s] Level 1:colcon.colcon_core.package_identification:_identify(models/src) by extension 'python'
[0.260s] Level 1:colcon.colcon_core.package_identification:_identify(models/src) by extensions ['python_setup_py']
[0.260s] Level 1:colcon.colcon_core.package_identification:_identify(models/src) by extension 'python_setup_py'
[0.260s] Level 1:colcon.colcon_core.package_identification:_identify(models/src/salamanca) by extensions ['ignore', 'ignore_ament_install']
[0.261s] Level 1:colcon.colcon_core.package_identification:_identify(models/src/salamanca) by extension 'ignore'
[0.261s] Level 1:colcon.colcon_core.package_identification:_identify(models/src/salamanca) by extension 'ignore_ament_install'
[0.261s] Level 1:colcon.colcon_core.package_identification:_identify(models/src/salamanca) by extensions ['colcon_pkg']
[0.261s] Level 1:colcon.colcon_core.package_identification:_identify(models/src/salamanca) by extension 'colcon_pkg'
[0.261s] Level 1:colcon.colcon_core.package_identification:_identify(models/src/salamanca) by extensions ['colcon_meta']
[0.261s] Level 1:colcon.colcon_core.package_identification:_identify(models/src/salamanca) by extension 'colcon_meta'
[0.261s] Level 1:colcon.colcon_core.package_identification:_identify(models/src/salamanca) by extensions ['ros']
[0.261s] Level 1:colcon.colcon_core.package_identification:_identify(models/src/salamanca) by extension 'ros'
[0.262s] DEBUG:colcon.colcon_core.package_identification:Package 'models/src/salamanca' with type 'ros.ament_cmake' and name 'salamanca'
[0.262s] Level 1:colcon.colcon_core.package_identification:_identify(src) by extensions ['ignore', 'ignore_ament_install']
[0.262s] Level 1:colcon.colcon_core.package_identification:_identify(src) by extension 'ignore'
[0.262s] Level 1:colcon.colcon_core.package_identification:_identify(src) by extension 'ignore_ament_install'
[0.263s] Level 1:colcon.colcon_core.package_identification:_identify(src) by extensions ['colcon_pkg']
[0.263s] Level 1:colcon.colcon_core.package_identification:_identify(src) by extension 'colcon_pkg'
[0.263s] Level 1:colcon.colcon_core.package_identification:_identify(src) by extensions ['colcon_meta']
[0.263s] Level 1:colcon.colcon_core.package_identification:_identify(src) by extension 'colcon_meta'
[0.263s] Level 1:colcon.colcon_core.package_identification:_identify(src) by extensions ['ros']
[0.263s] Level 1:colcon.colcon_core.package_identification:_identify(src) by extension 'ros'
[0.263s] Level 1:colcon.colcon_core.package_identification:_identify(src) by extensions ['cmake', 'python']
[0.263s] Level 1:colcon.colcon_core.package_identification:_identify(src) by extension 'cmake'
[0.263s] Level 1:colcon.colcon_core.package_identification:_identify(src) by extension 'python'
[0.263s] Level 1:colcon.colcon_core.package_identification:_identify(src) by extensions ['python_setup_py']
[0.263s] Level 1:colcon.colcon_core.package_identification:_identify(src) by extension 'python_setup_py'
[0.263s] Level 1:colcon.colcon_core.package_identification:_identify(src/pbl_bringup) by extensions ['ignore', 'ignore_ament_install']
[0.263s] Level 1:colcon.colcon_core.package_identification:_identify(src/pbl_bringup) by extension 'ignore'
[0.263s] Level 1:colcon.colcon_core.package_identification:_identify(src/pbl_bringup) by extension 'ignore_ament_install'
[0.264s] Level 1:colcon.colcon_core.package_identification:_identify(src/pbl_bringup) by extensions ['colcon_pkg']
[0.264s] Level 1:colcon.colcon_core.package_identification:_identify(src/pbl_bringup) by extension 'colcon_pkg'
[0.264s] Level 1:colcon.colcon_core.package_identification:_identify(src/pbl_bringup) by extensions ['colcon_meta']
[0.264s] Level 1:colcon.colcon_core.package_identification:_identify(src/pbl_bringup) by extension 'colcon_meta'
[0.264s] Level 1:colcon.colcon_core.package_identification:_identify(src/pbl_bringup) by extensions ['ros']
[0.264s] Level 1:colcon.colcon_core.package_identification:_identify(src/pbl_bringup) by extension 'ros'
[0.265s] DEBUG:colcon.colcon_core.package_identification:Found ROS schema reference in package manifest in 'src/pbl_bringup'
[0.265s] WARNING:colcon.colcon_core.package_identification:Failed to parse ROS package manifest in 'src/pbl_bringup': Error(s) in package 'src/pbl_bringup/package.xml':
The manifest must not contain more than one "export" tags
[0.265s] Level 1:colcon.colcon_core.package_identification:_identify(src/pbl_bringup) by extensions ['cmake', 'python']
[0.265s] Level 1:colcon.colcon_core.package_identification:_identify(src/pbl_bringup) by extension 'cmake'
[0.267s] Level 1:colcon.colcon_core.package_identification:_identify(src/pbl_bringup) by extension 'python'
[0.267s] DEBUG:colcon.colcon_core.package_identification:Package 'src/pbl_bringup' with type 'cmake' and name 'pbl_bringup'
[0.267s] Level 1:colcon.colcon_core.package_identification:_identify(src/pbl_description) by extensions ['ignore', 'ignore_ament_install']
[0.267s] Level 1:colcon.colcon_core.package_identification:_identify(src/pbl_description) by extension 'ignore'
[0.267s] Level 1:colcon.colcon_core.package_identification:_identify(src/pbl_description) by extension 'ignore_ament_install'
[0.267s] Level 1:colcon.colcon_core.package_identification:_identify(src/pbl_description) by extensions ['colcon_pkg']
[0.267s] Level 1:colcon.colcon_core.package_identification:_identify(src/pbl_description) by extension 'colcon_pkg'
[0.267s] Level 1:colcon.colcon_core.package_identification:_identify(src/pbl_description) by extensions ['colcon_meta']
[0.267s] Level 1:colcon.colcon_core.package_identification:_identify(src/pbl_description) by extension 'colcon_meta'
[0.267s] Level 1:colcon.colcon_core.package_identification:_identify(src/pbl_description) by extensions ['ros']
[0.267s] Level 1:colcon.colcon_core.package_identification:_identify(src/pbl_description) by extension 'ros'
[0.268s] DEBUG:colcon.colcon_core.package_identification:Package 'src/pbl_description' with type 'ros.ament_cmake' and name 'pbl_description'
[0.268s] Level 1:colcon.colcon_core.package_identification:_identify(src/rplidar_ros) by extensions ['ignore', 'ignore_ament_install']
[0.268s] Level 1:colcon.colcon_core.package_identification:_identify(src/rplidar_ros) by extension 'ignore'
[0.268s] Level 1:colcon.colcon_core.package_identification:_identify(src/rplidar_ros) by extension 'ignore_ament_install'
[0.268s] Level 1:colcon.colcon_core.package_identification:_identify(src/rplidar_ros) by extensions ['colcon_pkg']
[0.268s] Level 1:colcon.colcon_core.package_identification:_identify(src/rplidar_ros) by extension 'colcon_pkg'
[0.269s] Level 1:colcon.colcon_core.package_identification:_identify(src/rplidar_ros) by extensions ['colcon_meta']
[0.269s] Level 1:colcon.colcon_core.package_identification:_identify(src/rplidar_ros) by extension 'colcon_meta'
[0.269s] Level 1:colcon.colcon_core.package_identification:_identify(src/rplidar_ros) by extensions ['ros']
[0.269s] Level 1:colcon.colcon_core.package_identification:_identify(src/rplidar_ros) by extension 'ros'
[0.269s] DEBUG:colcon.colcon_core.package_identification:Package 'src/rplidar_ros' with type 'ros.ament_cmake' and name 'rplidar_ros'
[0.270s] Level 1:colcon.colcon_core.package_discovery:discover_packages(recursive) using defaults
[0.270s] Level 1:colcon.colcon_core.package_discovery:discover_packages(ignore) discover
[0.270s] Level 1:colcon.colcon_core.package_discovery:discover_packages(ignore) using defaults
[0.270s] Level 1:colcon.colcon_core.package_discovery:discover_packages(path) discover
[0.270s] Level 1:colcon.colcon_core.package_discovery:discover_packages(path) using defaults
[0.290s] Level 1:colcon.colcon_core.package_discovery:discover_packages(prefix_path) check parameters
[0.290s] Level 1:colcon.colcon_core.package_discovery:discover_packages(prefix_path) discover
[0.294s] DEBUG:colcon.colcon_installed_package_information.package_discovery:Found 3 installed packages in /home/kuba/PBL_SLAM_ws/install
[0.297s] DEBUG:colcon.colcon_installed_package_information.package_discovery:Found 378 installed packages in /opt/ros/humble
[0.308s] Level 1:colcon.colcon_core.package_discovery:discover_packages(prefix_path) using defaults
[0.356s] ERROR:colcon:colcon build: Duplicate package names not supported:
- salamanca:
  - models/install/salamanca/share/salamanca
  - models/src/salamanca
