[0.093s] DEBUG:colcon:Command line arguments: ['/usr/bin/colcon', 'list', '-p', '--base-paths', '/home/kuba/PBL']
[0.093s] DEBUG:colcon:Parsed command line arguments: Namespace(log_base=None, log_level=None, verb_name='list', build_base='build', ignore_user_meta=False, metas=['./colcon.meta'], base_paths=['/home/kuba/PBL'], packages_ignore=None, packages_ignore_regex=None, paths=None, packages_up_to=None, packages_up_to_regex=None, packages_above=None, packages_above_and_dependencies=None, packages_above_depth=None, packages_select_by_dep=None, packages_skip_by_dep=None, packages_skip_up_to=None, packages_select_build_failed=False, packages_skip_build_finished=False, packages_select_test_failures=False, packages_skip_test_passed=False, packages_select=None, packages_skip=None, packages_select_regex=None, packages_skip_regex=None, packages_start=None, packages_end=None, allow_overriding=[], topological_order=False, names_only=False, paths_only=True, topological_graph=False, topological_graph_dot=False, topological_graph_density=False, topological_graph_legend=False, topological_graph_dot_cluster=False, topological_graph_dot_include_skipped=False, verb_parser=<colcon_defaults.argument_parser.defaults.DefaultArgumentsDecorator object at 0x7a4537c3db10>, verb_extension=<colcon_package_information.verb.list.ListVerb object at 0x7a4537c3caf0>, main=<bound method ListVerb.main of <colcon_package_information.verb.list.ListVerb object at 0x7a4537c3caf0>>)
[0.262s] Level 1:colcon.colcon_core.package_discovery:discover_packages(colcon_meta) check parameters
[0.262s] Level 1:colcon.colcon_core.package_discovery:discover_packages(recursive) check parameters
[0.262s] Level 1:colcon.colcon_core.package_discovery:discover_packages(ignore) check parameters
[0.262s] Level 1:colcon.colcon_core.package_discovery:discover_packages(path) check parameters
[0.262s] Level 1:colcon.colcon_core.package_discovery:discover_packages(recursive) discover
[0.262s] INFO:colcon.colcon_core.package_discovery:Crawling recursively for packages in '/home/kuba/PBL'
[0.262s] Level 1:colcon.colcon_core.package_identification:_identify(/home/kuba/PBL) by extensions ['ignore', 'ignore_ament_install']
[0.262s] Level 1:colcon.colcon_core.package_identification:_identify(/home/kuba/PBL) by extension 'ignore'
[0.262s] Level 1:colcon.colcon_core.package_identification:_identify(/home/kuba/PBL) by extension 'ignore_ament_install'
[0.263s] Level 1:colcon.colcon_core.package_identification:_identify(/home/kuba/PBL) by extensions ['colcon_pkg']
[0.263s] Level 1:colcon.colcon_core.package_identification:_identify(/home/kuba/PBL) by extension 'colcon_pkg'
[0.263s] Level 1:colcon.colcon_core.package_identification:_identify(/home/kuba/PBL) by extensions ['colcon_meta']
[0.263s] Level 1:colcon.colcon_core.package_identification:_identify(/home/kuba/PBL) by extension 'colcon_meta'
[0.263s] Level 1:colcon.colcon_core.package_identification:_identify(/home/kuba/PBL) by extensions ['ros']
[0.263s] Level 1:colcon.colcon_core.package_identification:_identify(/home/kuba/PBL) by extension 'ros'
[0.275s] Level 1:colcon.colcon_core.package_identification:_identify(/home/kuba/PBL) by extensions ['cmake', 'python']
[0.276s] Level 1:colcon.colcon_core.package_identification:_identify(/home/kuba/PBL) by extension 'cmake'
[0.276s] Level 1:colcon.colcon_core.package_identification:_identify(/home/kuba/PBL) by extension 'python'
[0.276s] Level 1:colcon.colcon_core.package_identification:_identify(/home/kuba/PBL) by extensions ['python_setup_py']
[0.276s] Level 1:colcon.colcon_core.package_identification:_identify(/home/kuba/PBL) by extension 'python_setup_py'
[0.276s] Level 1:colcon.colcon_core.package_identification:_identify(/home/kuba/PBL/build) by extensions ['ignore', 'ignore_ament_install']
[0.276s] Level 1:colcon.colcon_core.package_identification:_identify(/home/kuba/PBL/build) by extension 'ignore'
[0.276s] Level 1:colcon.colcon_core.package_identification:_identify(/home/kuba/PBL/build) ignored
[0.276s] Level 1:colcon.colcon_core.package_identification:_identify(/home/kuba/PBL/install) by extensions ['ignore', 'ignore_ament_install']
[0.276s] Level 1:colcon.colcon_core.package_identification:_identify(/home/kuba/PBL/install) by extension 'ignore'
[0.276s] Level 1:colcon.colcon_core.package_identification:_identify(/home/kuba/PBL/install) ignored
[0.277s] Level 1:colcon.colcon_core.package_identification:_identify(/home/kuba/PBL/log) by extensions ['ignore', 'ignore_ament_install']
[0.277s] Level 1:colcon.colcon_core.package_identification:_identify(/home/kuba/PBL/log) by extension 'ignore'
[0.277s] Level 1:colcon.colcon_core.package_identification:_identify(/home/kuba/PBL/log) ignored
[0.277s] Level 1:colcon.colcon_core.package_identification:_identify(/home/kuba/PBL/src) by extensions ['ignore', 'ignore_ament_install']
[0.277s] Level 1:colcon.colcon_core.package_identification:_identify(/home/kuba/PBL/src) by extension 'ignore'
[0.277s] Level 1:colcon.colcon_core.package_identification:_identify(/home/kuba/PBL/src) by extension 'ignore_ament_install'
[0.277s] Level 1:colcon.colcon_core.package_identification:_identify(/home/kuba/PBL/src) by extensions ['colcon_pkg']
[0.277s] Level 1:colcon.colcon_core.package_identification:_identify(/home/kuba/PBL/src) by extension 'colcon_pkg'
[0.277s] Level 1:colcon.colcon_core.package_identification:_identify(/home/kuba/PBL/src) by extensions ['colcon_meta']
[0.277s] Level 1:colcon.colcon_core.package_identification:_identify(/home/kuba/PBL/src) by extension 'colcon_meta'
[0.277s] Level 1:colcon.colcon_core.package_identification:_identify(/home/kuba/PBL/src) by extensions ['ros']
[0.277s] Level 1:colcon.colcon_core.package_identification:_identify(/home/kuba/PBL/src) by extension 'ros'
[0.278s] Level 1:colcon.colcon_core.package_identification:_identify(/home/kuba/PBL/src) by extensions ['cmake', 'python']
[0.278s] Level 1:colcon.colcon_core.package_identification:_identify(/home/kuba/PBL/src) by extension 'cmake'
[0.278s] Level 1:colcon.colcon_core.package_identification:_identify(/home/kuba/PBL/src) by extension 'python'
[0.278s] Level 1:colcon.colcon_core.package_identification:_identify(/home/kuba/PBL/src) by extensions ['python_setup_py']
[0.278s] Level 1:colcon.colcon_core.package_identification:_identify(/home/kuba/PBL/src) by extension 'python_setup_py'
[0.278s] Level 1:colcon.colcon_core.package_identification:_identify(/home/kuba/PBL/src/odrive_ros2_control) by extensions ['ignore', 'ignore_ament_install']
[0.278s] Level 1:colcon.colcon_core.package_identification:_identify(/home/kuba/PBL/src/odrive_ros2_control) by extension 'ignore'
[0.278s] Level 1:colcon.colcon_core.package_identification:_identify(/home/kuba/PBL/src/odrive_ros2_control) by extension 'ignore_ament_install'
[0.278s] Level 1:colcon.colcon_core.package_identification:_identify(/home/kuba/PBL/src/odrive_ros2_control) by extensions ['colcon_pkg']
[0.278s] Level 1:colcon.colcon_core.package_identification:_identify(/home/kuba/PBL/src/odrive_ros2_control) by extension 'colcon_pkg'
[0.278s] Level 1:colcon.colcon_core.package_identification:_identify(/home/kuba/PBL/src/odrive_ros2_control) by extensions ['colcon_meta']
[0.278s] Level 1:colcon.colcon_core.package_identification:_identify(/home/kuba/PBL/src/odrive_ros2_control) by extension 'colcon_meta'
[0.278s] Level 1:colcon.colcon_core.package_identification:_identify(/home/kuba/PBL/src/odrive_ros2_control) by extensions ['ros']
[0.278s] Level 1:colcon.colcon_core.package_identification:_identify(/home/kuba/PBL/src/odrive_ros2_control) by extension 'ros'
[0.281s] DEBUG:colcon.colcon_core.package_identification:Package '/home/kuba/PBL/src/odrive_ros2_control' with type 'ros.ament_cmake' and name 'odrive_ros2_control'
[0.281s] Level 1:colcon.colcon_core.package_identification:_identify(/home/kuba/PBL/src/pbl_bringup) by extensions ['ignore', 'ignore_ament_install']
[0.282s] Level 1:colcon.colcon_core.package_identification:_identify(/home/kuba/PBL/src/pbl_bringup) by extension 'ignore'
[0.282s] Level 1:colcon.colcon_core.package_identification:_identify(/home/kuba/PBL/src/pbl_bringup) by extension 'ignore_ament_install'
[0.282s] Level 1:colcon.colcon_core.package_identification:_identify(/home/kuba/PBL/src/pbl_bringup) by extensions ['colcon_pkg']
[0.282s] Level 1:colcon.colcon_core.package_identification:_identify(/home/kuba/PBL/src/pbl_bringup) by extension 'colcon_pkg'
[0.282s] Level 1:colcon.colcon_core.package_identification:_identify(/home/kuba/PBL/src/pbl_bringup) by extensions ['colcon_meta']
[0.282s] Level 1:colcon.colcon_core.package_identification:_identify(/home/kuba/PBL/src/pbl_bringup) by extension 'colcon_meta'
[0.282s] Level 1:colcon.colcon_core.package_identification:_identify(/home/kuba/PBL/src/pbl_bringup) by extensions ['ros']
[0.282s] Level 1:colcon.colcon_core.package_identification:_identify(/home/kuba/PBL/src/pbl_bringup) by extension 'ros'
[0.283s] DEBUG:colcon.colcon_core.package_identification:Package '/home/kuba/PBL/src/pbl_bringup' with type 'ros.ament_cmake' and name 'pbl_bringup'
[0.283s] Level 1:colcon.colcon_core.package_identification:_identify(/home/kuba/PBL/src/pbl_description) by extensions ['ignore', 'ignore_ament_install']
[0.283s] Level 1:colcon.colcon_core.package_identification:_identify(/home/kuba/PBL/src/pbl_description) by extension 'ignore'
[0.283s] Level 1:colcon.colcon_core.package_identification:_identify(/home/kuba/PBL/src/pbl_description) by extension 'ignore_ament_install'
[0.283s] Level 1:colcon.colcon_core.package_identification:_identify(/home/kuba/PBL/src/pbl_description) by extensions ['colcon_pkg']
[0.283s] Level 1:colcon.colcon_core.package_identification:_identify(/home/kuba/PBL/src/pbl_description) by extension 'colcon_pkg'
[0.283s] Level 1:colcon.colcon_core.package_identification:_identify(/home/kuba/PBL/src/pbl_description) by extensions ['colcon_meta']
[0.283s] Level 1:colcon.colcon_core.package_identification:_identify(/home/kuba/PBL/src/pbl_description) by extension 'colcon_meta'
[0.283s] Level 1:colcon.colcon_core.package_identification:_identify(/home/kuba/PBL/src/pbl_description) by extensions ['ros']
[0.283s] Level 1:colcon.colcon_core.package_identification:_identify(/home/kuba/PBL/src/pbl_description) by extension 'ros'
[0.284s] DEBUG:colcon.colcon_core.package_identification:Package '/home/kuba/PBL/src/pbl_description' with type 'ros.ament_cmake' and name 'pbl_description'
[0.284s] Level 1:colcon.colcon_core.package_discovery:discover_packages(recursive) using defaults
