-- Found ament_cmake: 1.3.10 (/opt/ros/humble/share/ament_cmake/cmake)
-- Override CMake install command with custom implementation using symlinks instead of copying resources
-- Configuring done
-- Generating done
-- Build files have been written to: /home/kuba/PBL/build/odrive
-- Install configuration: ""
-- Execute custom install script
-- Symlinking: /home/kuba/PBL/install/odrive/share/odrive/ros_odrive/.clang-format
-- Symlinking: /home/kuba/PBL/install/odrive/share/odrive/ros_odrive/.devcontainer/humble/Dockerfile
-- Symlinking: /home/kuba/PBL/install/odrive/share/odrive/ros_odrive/.devcontainer/humble/devcontainer.json
-- Symlinking: /home/kuba/PBL/install/odrive/share/odrive/ros_odrive/.devcontainer/iron-remote/Dockerfile
-- Symlinking: /home/kuba/PBL/install/odrive/share/odrive/ros_odrive/.devcontainer/iron-remote/devcontainer.json
-- Symlinking: /home/kuba/PBL/install/odrive/share/odrive/ros_odrive/.devcontainer/iron/Dockerfile
-- Symlinking: /home/kuba/PBL/install/odrive/share/odrive/ros_odrive/.devcontainer/iron/devcontainer.json
-- Symlinking: /home/kuba/PBL/install/odrive/share/odrive/ros_odrive/.git/HEAD
-- Symlinking: /home/kuba/PBL/install/odrive/share/odrive/ros_odrive/.git/config
-- Symlinking: /home/kuba/PBL/install/odrive/share/odrive/ros_odrive/.git/description
-- Symlinking: /home/kuba/PBL/install/odrive/share/odrive/ros_odrive/.git/hooks/applypatch-msg.sample
-- Symlinking: /home/kuba/PBL/install/odrive/share/odrive/ros_odrive/.git/hooks/commit-msg.sample
-- Symlinking: /home/kuba/PBL/install/odrive/share/odrive/ros_odrive/.git/hooks/fsmonitor-watchman.sample
-- Symlinking: /home/kuba/PBL/install/odrive/share/odrive/ros_odrive/.git/hooks/post-update.sample
-- Symlinking: /home/kuba/PBL/install/odrive/share/odrive/ros_odrive/.git/hooks/pre-applypatch.sample
-- Symlinking: /home/kuba/PBL/install/odrive/share/odrive/ros_odrive/.git/hooks/pre-commit.sample
-- Symlinking: /home/kuba/PBL/install/odrive/share/odrive/ros_odrive/.git/hooks/pre-merge-commit.sample
-- Symlinking: /home/kuba/PBL/install/odrive/share/odrive/ros_odrive/.git/hooks/pre-push.sample
-- Symlinking: /home/kuba/PBL/install/odrive/share/odrive/ros_odrive/.git/hooks/pre-rebase.sample
-- Symlinking: /home/kuba/PBL/install/odrive/share/odrive/ros_odrive/.git/hooks/pre-receive.sample
-- Symlinking: /home/kuba/PBL/install/odrive/share/odrive/ros_odrive/.git/hooks/prepare-commit-msg.sample
-- Symlinking: /home/kuba/PBL/install/odrive/share/odrive/ros_odrive/.git/hooks/push-to-checkout.sample
-- Symlinking: /home/kuba/PBL/install/odrive/share/odrive/ros_odrive/.git/hooks/update.sample
-- Symlinking: /home/kuba/PBL/install/odrive/share/odrive/ros_odrive/.git/index
-- Symlinking: /home/kuba/PBL/install/odrive/share/odrive/ros_odrive/.git/info/exclude
-- Symlinking: /home/kuba/PBL/install/odrive/share/odrive/ros_odrive/.git/logs/HEAD
-- Symlinking: /home/kuba/PBL/install/odrive/share/odrive/ros_odrive/.git/logs/refs/heads/main
-- Symlinking: /home/kuba/PBL/install/odrive/share/odrive/ros_odrive/.git/logs/refs/remotes/origin/HEAD
-- Symlinking: /home/kuba/PBL/install/odrive/share/odrive/ros_odrive/.git/objects/pack/pack-50a628cc330874862f86548790d90c971813cb99.idx
-- Symlinking: /home/kuba/PBL/install/odrive/share/odrive/ros_odrive/.git/objects/pack/pack-50a628cc330874862f86548790d90c971813cb99.pack
-- Symlinking: /home/kuba/PBL/install/odrive/share/odrive/ros_odrive/.git/packed-refs
-- Symlinking: /home/kuba/PBL/install/odrive/share/odrive/ros_odrive/.git/refs/heads/main
-- Symlinking: /home/kuba/PBL/install/odrive/share/odrive/ros_odrive/.git/refs/remotes/origin/HEAD
-- Symlinking: /home/kuba/PBL/install/odrive/share/odrive/ros_odrive/.github/workflows/ros-build-test.yaml
-- Symlinking: /home/kuba/PBL/install/odrive/share/odrive/ros_odrive/.gitignore
-- Symlinking: /home/kuba/PBL/install/odrive/share/odrive/ros_odrive/.vscode/c_cpp_properties.json
-- Symlinking: /home/kuba/PBL/install/odrive/share/odrive/ros_odrive/.vscode/settings.json
-- Symlinking: /home/kuba/PBL/install/odrive/share/odrive/ros_odrive/.vscode/tasks.json
-- Symlinking: /home/kuba/PBL/install/odrive/share/odrive/ros_odrive/LICENSE
-- Symlinking: /home/kuba/PBL/install/odrive/share/odrive/ros_odrive/README.md
-- Symlinking: /home/kuba/PBL/install/odrive/share/odrive/ros_odrive/odrive_base/include/can_helpers.hpp
-- Symlinking: /home/kuba/PBL/install/odrive/share/odrive/ros_odrive/odrive_base/include/can_simple_messages.hpp
-- Symlinking: /home/kuba/PBL/install/odrive/share/odrive/ros_odrive/odrive_base/include/epoll_event_loop.hpp
-- Symlinking: /home/kuba/PBL/install/odrive/share/odrive/ros_odrive/odrive_base/include/odrive_enums.h
-- Symlinking: /home/kuba/PBL/install/odrive/share/odrive/ros_odrive/odrive_base/include/socket_can.hpp
-- Symlinking: /home/kuba/PBL/install/odrive/share/odrive/ros_odrive/odrive_base/src/epoll_event_loop.cpp
-- Symlinking: /home/kuba/PBL/install/odrive/share/odrive/ros_odrive/odrive_base/src/socket_can.cpp
-- Symlinking: /home/kuba/PBL/install/odrive/share/odrive/ros_odrive/odrive_botwheel_explorer/CMakeLists.txt
-- Symlinking: /home/kuba/PBL/install/odrive/share/odrive/ros_odrive/odrive_botwheel_explorer/README.md
-- Symlinking: /home/kuba/PBL/install/odrive/share/odrive/ros_odrive/odrive_botwheel_explorer/config/diffbot_controllers.yaml
-- Symlinking: /home/kuba/PBL/install/odrive/share/odrive/ros_odrive/odrive_botwheel_explorer/description/urdf/diffbot.ros2_control.xacro
-- Symlinking: /home/kuba/PBL/install/odrive/share/odrive/ros_odrive/odrive_botwheel_explorer/description/urdf/diffbot.urdf.xacro
-- Symlinking: /home/kuba/PBL/install/odrive/share/odrive/ros_odrive/odrive_botwheel_explorer/description/urdf/diffbot_description.urdf.xacro
-- Symlinking: /home/kuba/PBL/install/odrive/share/odrive/ros_odrive/odrive_botwheel_explorer/launch/botwheel_explorer.launch.py
-- Symlinking: /home/kuba/PBL/install/odrive/share/odrive/ros_odrive/odrive_botwheel_explorer/package.xml
-- Symlinking: /home/kuba/PBL/install/odrive/share/odrive/ros_odrive/odrive_botwheel_explorer/structure.png
-- Symlinking: /home/kuba/PBL/install/odrive/share/odrive/ros_odrive/odrive_node/CMakeLists.txt
-- Symlinking: /home/kuba/PBL/install/odrive/share/odrive/ros_odrive/odrive_node/README.md
-- Symlinking: /home/kuba/PBL/install/odrive/share/odrive/ros_odrive/odrive_node/include/byte_swap.hpp
-- Symlinking: /home/kuba/PBL/install/odrive/share/odrive/ros_odrive/odrive_node/include/odrive_can_node.hpp
-- Symlinking: /home/kuba/PBL/install/odrive/share/odrive/ros_odrive/odrive_node/launch/example_launch.yaml
-- Symlinking: /home/kuba/PBL/install/odrive/share/odrive/ros_odrive/odrive_node/msg/ControlMessage.msg
-- Symlinking: /home/kuba/PBL/install/odrive/share/odrive/ros_odrive/odrive_node/msg/ControllerStatus.msg
-- Symlinking: /home/kuba/PBL/install/odrive/share/odrive/ros_odrive/odrive_node/msg/ODriveStatus.msg
-- Symlinking: /home/kuba/PBL/install/odrive/share/odrive/ros_odrive/odrive_node/package.xml
-- Symlinking: /home/kuba/PBL/install/odrive/share/odrive/ros_odrive/odrive_node/src/main.cpp
-- Symlinking: /home/kuba/PBL/install/odrive/share/odrive/ros_odrive/odrive_node/src/odrive_can_node.cpp
-- Symlinking: /home/kuba/PBL/install/odrive/share/odrive/ros_odrive/odrive_node/srv/AxisState.srv
-- Symlinking: /home/kuba/PBL/install/odrive/share/odrive/ros_odrive/odrive_ros2_control/CMakeLists.txt
-- Symlinking: /home/kuba/PBL/install/odrive/share/odrive/ros_odrive/odrive_ros2_control/README.md
-- Symlinking: /home/kuba/PBL/install/odrive/share/odrive/ros_odrive/odrive_ros2_control/odrive_hardware_interface.xml
-- Symlinking: /home/kuba/PBL/install/odrive/share/odrive/ros_odrive/odrive_ros2_control/package.xml
-- Symlinking: /home/kuba/PBL/install/odrive/share/odrive/ros_odrive/odrive_ros2_control/src/odrive_hardware_interface.cpp
-- Up-to-date symlink: /home/kuba/PBL/install/odrive/share/ament_index/resource_index/package_run_dependencies/odrive
-- Up-to-date symlink: /home/kuba/PBL/install/odrive/share/ament_index/resource_index/parent_prefix_path/odrive
-- Up-to-date symlink: /home/kuba/PBL/install/odrive/share/odrive/environment/ament_prefix_path.sh
-- Up-to-date symlink: /home/kuba/PBL/install/odrive/share/odrive/environment/ament_prefix_path.dsv
-- Up-to-date symlink: /home/kuba/PBL/install/odrive/share/odrive/environment/path.sh
-- Up-to-date symlink: /home/kuba/PBL/install/odrive/share/odrive/environment/path.dsv
-- Up-to-date symlink: /home/kuba/PBL/install/odrive/share/odrive/local_setup.bash
-- Up-to-date symlink: /home/kuba/PBL/install/odrive/share/odrive/local_setup.sh
-- Up-to-date symlink: /home/kuba/PBL/install/odrive/share/odrive/local_setup.zsh
-- Up-to-date symlink: /home/kuba/PBL/install/odrive/share/odrive/local_setup.dsv
-- Symlinking: /home/kuba/PBL/install/odrive/share/odrive/package.dsv
-- Up-to-date symlink: /home/kuba/PBL/install/odrive/share/ament_index/resource_index/packages/odrive
-- Up-to-date symlink: /home/kuba/PBL/install/odrive/share/odrive/cmake/odriveConfig.cmake
-- Up-to-date symlink: /home/kuba/PBL/install/odrive/share/odrive/cmake/odriveConfig-version.cmake
-- Up-to-date symlink: /home/kuba/PBL/install/odrive/share/odrive/package.xml
