[0.016s] Invoking command in '/home/kuba/PBL/build/odrive': CMAKE_PREFIX_PATH=${CMAKE_PREFIX_PATH}:/opt/ros/humble /usr/bin/cmake --build /home/kuba/PBL/build/odrive -- -j16 -l16
[0.034s] -- Found ament_cmake: 1.3.10 (/opt/ros/humble/share/ament_cmake/cmake)
[0.129s] -- Override CMake install command with custom implementation using symlinks instead of copying resources
[0.181s] -- Configuring done
[0.183s] -- Generating done
[0.184s] -- Build files have been written to: /home/kuba/PBL/build/odrive
[0.197s] Invoked command in '/home/kuba/PBL/build/odrive' returned '0': CMAKE_PREFIX_PATH=${CMAKE_PREFIX_PATH}:/opt/ros/humble /usr/bin/cmake --build /home/kuba/PBL/build/odrive -- -j16 -l16
[0.212s] Invoking command in '/home/kuba/PBL/build/odrive': CMAKE_PREFIX_PATH=${CMAKE_PREFIX_PATH}:/opt/ros/humble /usr/bin/cmake --install /home/kuba/PBL/build/odrive
[0.218s] -- Install configuration: ""
[0.218s] -- Execute custom install script
[0.219s] -- Symlinking: /home/kuba/PBL/install/odrive/share/odrive/ros_odrive/.clang-format
[0.225s] -- Symlinking: /home/kuba/PBL/install/odrive/share/odrive/ros_odrive/.devcontainer/humble/Dockerfile
[0.231s] -- Symlinking: /home/kuba/PBL/install/odrive/share/odrive/ros_odrive/.devcontainer/humble/devcontainer.json
[0.237s] -- Symlinking: /home/kuba/PBL/install/odrive/share/odrive/ros_odrive/.devcontainer/iron-remote/Dockerfile
[0.242s] -- Symlinking: /home/kuba/PBL/install/odrive/share/odrive/ros_odrive/.devcontainer/iron-remote/devcontainer.json
[0.247s] -- Symlinking: /home/kuba/PBL/install/odrive/share/odrive/ros_odrive/.devcontainer/iron/Dockerfile
[0.253s] -- Symlinking: /home/kuba/PBL/install/odrive/share/odrive/ros_odrive/.devcontainer/iron/devcontainer.json
[0.258s] -- Symlinking: /home/kuba/PBL/install/odrive/share/odrive/ros_odrive/.git/HEAD
[0.263s] -- Symlinking: /home/kuba/PBL/install/odrive/share/odrive/ros_odrive/.git/config
[0.269s] -- Symlinking: /home/kuba/PBL/install/odrive/share/odrive/ros_odrive/.git/description
[0.274s] -- Symlinking: /home/kuba/PBL/install/odrive/share/odrive/ros_odrive/.git/hooks/applypatch-msg.sample
[0.280s] -- Symlinking: /home/kuba/PBL/install/odrive/share/odrive/ros_odrive/.git/hooks/commit-msg.sample
[0.285s] -- Symlinking: /home/kuba/PBL/install/odrive/share/odrive/ros_odrive/.git/hooks/fsmonitor-watchman.sample
[0.290s] -- Symlinking: /home/kuba/PBL/install/odrive/share/odrive/ros_odrive/.git/hooks/post-update.sample
[0.296s] -- Symlinking: /home/kuba/PBL/install/odrive/share/odrive/ros_odrive/.git/hooks/pre-applypatch.sample
[0.301s] -- Symlinking: /home/kuba/PBL/install/odrive/share/odrive/ros_odrive/.git/hooks/pre-commit.sample
[0.307s] -- Symlinking: /home/kuba/PBL/install/odrive/share/odrive/ros_odrive/.git/hooks/pre-merge-commit.sample
[0.312s] -- Symlinking: /home/kuba/PBL/install/odrive/share/odrive/ros_odrive/.git/hooks/pre-push.sample
[0.317s] -- Symlinking: /home/kuba/PBL/install/odrive/share/odrive/ros_odrive/.git/hooks/pre-rebase.sample
[0.323s] -- Symlinking: /home/kuba/PBL/install/odrive/share/odrive/ros_odrive/.git/hooks/pre-receive.sample
[0.328s] -- Symlinking: /home/kuba/PBL/install/odrive/share/odrive/ros_odrive/.git/hooks/prepare-commit-msg.sample
[0.334s] -- Symlinking: /home/kuba/PBL/install/odrive/share/odrive/ros_odrive/.git/hooks/push-to-checkout.sample
[0.340s] -- Symlinking: /home/kuba/PBL/install/odrive/share/odrive/ros_odrive/.git/hooks/update.sample
[0.345s] -- Symlinking: /home/kuba/PBL/install/odrive/share/odrive/ros_odrive/.git/index
[0.351s] -- Symlinking: /home/kuba/PBL/install/odrive/share/odrive/ros_odrive/.git/info/exclude
[0.356s] -- Symlinking: /home/kuba/PBL/install/odrive/share/odrive/ros_odrive/.git/logs/HEAD
[0.361s] -- Symlinking: /home/kuba/PBL/install/odrive/share/odrive/ros_odrive/.git/logs/refs/heads/main
[0.367s] -- Symlinking: /home/kuba/PBL/install/odrive/share/odrive/ros_odrive/.git/logs/refs/remotes/origin/HEAD
[0.372s] -- Symlinking: /home/kuba/PBL/install/odrive/share/odrive/ros_odrive/.git/objects/pack/pack-50a628cc330874862f86548790d90c971813cb99.idx
[0.377s] -- Symlinking: /home/kuba/PBL/install/odrive/share/odrive/ros_odrive/.git/objects/pack/pack-50a628cc330874862f86548790d90c971813cb99.pack
[0.383s] -- Symlinking: /home/kuba/PBL/install/odrive/share/odrive/ros_odrive/.git/packed-refs
[0.388s] -- Symlinking: /home/kuba/PBL/install/odrive/share/odrive/ros_odrive/.git/refs/heads/main
[0.393s] -- Symlinking: /home/kuba/PBL/install/odrive/share/odrive/ros_odrive/.git/refs/remotes/origin/HEAD
[0.399s] -- Symlinking: /home/kuba/PBL/install/odrive/share/odrive/ros_odrive/.github/workflows/ros-build-test.yaml
[0.404s] -- Symlinking: /home/kuba/PBL/install/odrive/share/odrive/ros_odrive/.gitignore
[0.409s] -- Symlinking: /home/kuba/PBL/install/odrive/share/odrive/ros_odrive/.vscode/c_cpp_properties.json
[0.415s] -- Symlinking: /home/kuba/PBL/install/odrive/share/odrive/ros_odrive/.vscode/settings.json
[0.420s] -- Symlinking: /home/kuba/PBL/install/odrive/share/odrive/ros_odrive/.vscode/tasks.json
[0.425s] -- Symlinking: /home/kuba/PBL/install/odrive/share/odrive/ros_odrive/LICENSE
[0.431s] -- Symlinking: /home/kuba/PBL/install/odrive/share/odrive/ros_odrive/README.md
[0.437s] -- Symlinking: /home/kuba/PBL/install/odrive/share/odrive/ros_odrive/odrive_base/include/can_helpers.hpp
[0.444s] -- Symlinking: /home/kuba/PBL/install/odrive/share/odrive/ros_odrive/odrive_base/include/can_simple_messages.hpp
[0.450s] -- Symlinking: /home/kuba/PBL/install/odrive/share/odrive/ros_odrive/odrive_base/include/epoll_event_loop.hpp
[0.455s] -- Symlinking: /home/kuba/PBL/install/odrive/share/odrive/ros_odrive/odrive_base/include/odrive_enums.h
[0.461s] -- Symlinking: /home/kuba/PBL/install/odrive/share/odrive/ros_odrive/odrive_base/include/socket_can.hpp
[0.466s] -- Symlinking: /home/kuba/PBL/install/odrive/share/odrive/ros_odrive/odrive_base/src/epoll_event_loop.cpp
[0.471s] -- Symlinking: /home/kuba/PBL/install/odrive/share/odrive/ros_odrive/odrive_base/src/socket_can.cpp
[0.477s] -- Symlinking: /home/kuba/PBL/install/odrive/share/odrive/ros_odrive/odrive_botwheel_explorer/CMakeLists.txt
[0.482s] -- Symlinking: /home/kuba/PBL/install/odrive/share/odrive/ros_odrive/odrive_botwheel_explorer/README.md
[0.487s] -- Symlinking: /home/kuba/PBL/install/odrive/share/odrive/ros_odrive/odrive_botwheel_explorer/config/diffbot_controllers.yaml
[0.493s] -- Symlinking: /home/kuba/PBL/install/odrive/share/odrive/ros_odrive/odrive_botwheel_explorer/description/urdf/diffbot.ros2_control.xacro
[0.498s] -- Symlinking: /home/kuba/PBL/install/odrive/share/odrive/ros_odrive/odrive_botwheel_explorer/description/urdf/diffbot.urdf.xacro
[0.503s] -- Symlinking: /home/kuba/PBL/install/odrive/share/odrive/ros_odrive/odrive_botwheel_explorer/description/urdf/diffbot_description.urdf.xacro
[0.509s] -- Symlinking: /home/kuba/PBL/install/odrive/share/odrive/ros_odrive/odrive_botwheel_explorer/launch/botwheel_explorer.launch.py
[0.514s] -- Symlinking: /home/kuba/PBL/install/odrive/share/odrive/ros_odrive/odrive_botwheel_explorer/package.xml
[0.519s] -- Symlinking: /home/kuba/PBL/install/odrive/share/odrive/ros_odrive/odrive_botwheel_explorer/structure.png
[0.525s] -- Symlinking: /home/kuba/PBL/install/odrive/share/odrive/ros_odrive/odrive_node/CMakeLists.txt
[0.531s] -- Symlinking: /home/kuba/PBL/install/odrive/share/odrive/ros_odrive/odrive_node/README.md
[0.536s] -- Symlinking: /home/kuba/PBL/install/odrive/share/odrive/ros_odrive/odrive_node/include/byte_swap.hpp
[0.542s] -- Symlinking: /home/kuba/PBL/install/odrive/share/odrive/ros_odrive/odrive_node/include/odrive_can_node.hpp
[0.548s] -- Symlinking: /home/kuba/PBL/install/odrive/share/odrive/ros_odrive/odrive_node/launch/example_launch.yaml
[0.553s] -- Symlinking: /home/kuba/PBL/install/odrive/share/odrive/ros_odrive/odrive_node/msg/ControlMessage.msg
[0.559s] -- Symlinking: /home/kuba/PBL/install/odrive/share/odrive/ros_odrive/odrive_node/msg/ControllerStatus.msg
[0.564s] -- Symlinking: /home/kuba/PBL/install/odrive/share/odrive/ros_odrive/odrive_node/msg/ODriveStatus.msg
[0.569s] -- Symlinking: /home/kuba/PBL/install/odrive/share/odrive/ros_odrive/odrive_node/package.xml
[0.574s] -- Symlinking: /home/kuba/PBL/install/odrive/share/odrive/ros_odrive/odrive_node/src/main.cpp
[0.580s] -- Symlinking: /home/kuba/PBL/install/odrive/share/odrive/ros_odrive/odrive_node/src/odrive_can_node.cpp
[0.585s] -- Symlinking: /home/kuba/PBL/install/odrive/share/odrive/ros_odrive/odrive_node/srv/AxisState.srv
[0.591s] -- Symlinking: /home/kuba/PBL/install/odrive/share/odrive/ros_odrive/odrive_ros2_control/CMakeLists.txt
[0.596s] -- Symlinking: /home/kuba/PBL/install/odrive/share/odrive/ros_odrive/odrive_ros2_control/README.md
[0.601s] -- Symlinking: /home/kuba/PBL/install/odrive/share/odrive/ros_odrive/odrive_ros2_control/odrive_hardware_interface.xml
[0.607s] -- Symlinking: /home/kuba/PBL/install/odrive/share/odrive/ros_odrive/odrive_ros2_control/package.xml
[0.612s] -- Symlinking: /home/kuba/PBL/install/odrive/share/odrive/ros_odrive/odrive_ros2_control/src/odrive_hardware_interface.cpp
[0.617s] -- Up-to-date symlink: /home/kuba/PBL/install/odrive/share/ament_index/resource_index/package_run_dependencies/odrive
[0.618s] -- Up-to-date symlink: /home/kuba/PBL/install/odrive/share/ament_index/resource_index/parent_prefix_path/odrive
[0.618s] -- Up-to-date symlink: /home/kuba/PBL/install/odrive/share/odrive/environment/ament_prefix_path.sh
[0.618s] -- Up-to-date symlink: /home/kuba/PBL/install/odrive/share/odrive/environment/ament_prefix_path.dsv
[0.618s] -- Up-to-date symlink: /home/kuba/PBL/install/odrive/share/odrive/environment/path.sh
[0.618s] -- Up-to-date symlink: /home/kuba/PBL/install/odrive/share/odrive/environment/path.dsv
[0.618s] -- Up-to-date symlink: /home/kuba/PBL/install/odrive/share/odrive/local_setup.bash
[0.618s] -- Up-to-date symlink: /home/kuba/PBL/install/odrive/share/odrive/local_setup.sh
[0.618s] -- Up-to-date symlink: /home/kuba/PBL/install/odrive/share/odrive/local_setup.zsh
[0.618s] -- Up-to-date symlink: /home/kuba/PBL/install/odrive/share/odrive/local_setup.dsv
[0.618s] -- Symlinking: /home/kuba/PBL/install/odrive/share/odrive/package.dsv
[0.624s] -- Up-to-date symlink: /home/kuba/PBL/install/odrive/share/ament_index/resource_index/packages/odrive
[0.624s] -- Up-to-date symlink: /home/kuba/PBL/install/odrive/share/odrive/cmake/odriveConfig.cmake
[0.624s] -- Up-to-date symlink: /home/kuba/PBL/install/odrive/share/odrive/cmake/odriveConfig-version.cmake
[0.624s] -- Up-to-date symlink: /home/kuba/PBL/install/odrive/share/odrive/package.xml
[0.625s] Invoked command in '/home/kuba/PBL/build/odrive' returned '0': CMAKE_PREFIX_PATH=${CMAKE_PREFIX_PATH}:/opt/ros/humble /usr/bin/cmake --install /home/kuba/PBL/build/odrive
