[0.010s] Invoking command in '/home/kuba/PBL/build/pbl_description': CMAKE_PREFIX_PATH=${CMAKE_PREFIX_PATH}:/opt/ros/humble /usr/bin/cmake --build /home/kuba/PBL/build/pbl_description -- -j16 -l16
[0.027s] -- Found ament_cmake: 1.3.10 (/opt/ros/humble/share/ament_cmake/cmake)
[0.116s] -- Override CMake install command with custom implementation using symlinks instead of copying resources
[0.172s] -- Configuring done
[0.175s] -- Generating done
[0.175s] -- Build files have been written to: /home/kuba/PBL/build/pbl_description
[0.189s] Invoked command in '/home/kuba/PBL/build/pbl_description' returned '0': CMAKE_PREFIX_PATH=${CMAKE_PREFIX_PATH}:/opt/ros/humble /usr/bin/cmake --build /home/kuba/PBL/build/pbl_description -- -j16 -l16
[0.203s] Invoking command in '/home/kuba/PBL/build/pbl_description': CMAKE_PREFIX_PATH=${CMAKE_PREFIX_PATH}:/opt/ros/humble /usr/bin/cmake --install /home/kuba/PBL/build/pbl_description
[0.210s] -- Install configuration: ""
[0.210s] -- Execute custom install script
[0.210s] -- Up-to-date symlink: /home/kuba/PBL/install/pbl_description/share/pbl_description//urdf/common_properties.urdf.xacro
[0.210s] -- Up-to-date symlink: /home/kuba/PBL/install/pbl_description/share/pbl_description//urdf/mobile_base.urdf.xacro
[0.210s] -- Up-to-date symlink: /home/kuba/PBL/install/pbl_description/share/pbl_description//urdf/salamanca.urdf.xacro
[0.211s] -- Up-to-date symlink: /home/kuba/PBL/install/pbl_description/share/pbl_description//launch/pbl_salamanca_display.launch.xml
[0.211s] -- Up-to-date symlink: /home/kuba/PBL/install/pbl_description/share/pbl_description//rviz/pbl_rviz_config.rviz
[0.211s] [31mCMake Error at ament_cmake_symlink_install/ament_cmake_symlink_install.cmake:100 (message):
[0.211s]   ament_cmake_symlink_install_directory() can't find
[0.211s]   '/home/kuba/PBL/src/pbl_description/stl'
[0.211s] Call Stack (most recent call first):
[0.211s]   ament_cmake_symlink_install/ament_cmake_symlink_install.cmake:314 (ament_cmake_symlink_install_directory)
[0.211s]   cmake_install.cmake:46 (include)
[0.211s] 
[0.211s] [0m
[0.212s] Invoked command in '/home/kuba/PBL/build/pbl_description' returned '1': CMAKE_PREFIX_PATH=${CMAKE_PREFIX_PATH}:/opt/ros/humble /usr/bin/cmake --install /home/kuba/PBL/build/pbl_description
