[0.034s] Invoking command in '/home/kuba/PBL/build/pbl_bringup': CMAKE_PREFIX_PATH=${CMAKE_PREFIX_PATH}:/opt/ros/humble /usr/bin/cmake --build /home/kuba/PBL/build/pbl_bringup -- -j16 -l16
[0.081s] -- Found ament_cmake: 1.3.10 (/opt/ros/humble/share/ament_cmake/cmake)
[0.241s] -- Override CMake install command with custom implementation using symlinks instead of copying resources
[0.483s] -- Configuring done
[0.489s] -- Generating done
[0.491s] -- Build files have been written to: /home/kuba/PBL/build/pbl_bringup
[0.521s] Invoked command in '/home/kuba/PBL/build/pbl_bringup' returned '0': CMAKE_PREFIX_PATH=${CMAKE_PREFIX_PATH}:/opt/ros/humble /usr/bin/cmake --build /home/kuba/PBL/build/pbl_bringup -- -j16 -l16
[0.562s] Invoking command in '/home/kuba/PBL/build/pbl_bringup': CMAKE_PREFIX_PATH=${CMAKE_PREFIX_PATH}:/opt/ros/humble /usr/bin/cmake --install /home/kuba/PBL/build/pbl_bringup
[0.572s] -- Install configuration: ""
[0.572s] -- Execute custom install script
[0.573s] -- Up-to-date symlink: /home/kuba/PBL/install/pbl_bringup/share/pbl_bringup//launch/pbl_bringup.launch.xml
[0.574s] -- Up-to-date symlink: /home/kuba/PBL/install/pbl_bringup/share/pbl_bringup//rviz/pbl_rviz_config.rviz
[0.574s] -- Up-to-date symlink: /home/kuba/PBL/install/pbl_bringup/share/pbl_bringup//worlds/pbl_world.world
[0.575s] -- Up-to-date symlink: /home/kuba/PBL/install/pbl_bringup/share/ament_index/resource_index/package_run_dependencies/pbl_bringup
[0.575s] -- Up-to-date symlink: /home/kuba/PBL/install/pbl_bringup/share/ament_index/resource_index/parent_prefix_path/pbl_bringup
[0.576s] -- Up-to-date symlink: /home/kuba/PBL/install/pbl_bringup/share/pbl_bringup/environment/ament_prefix_path.sh
[0.576s] -- Up-to-date symlink: /home/kuba/PBL/install/pbl_bringup/share/pbl_bringup/environment/ament_prefix_path.dsv
[0.576s] -- Up-to-date symlink: /home/kuba/PBL/install/pbl_bringup/share/pbl_bringup/environment/path.sh
[0.576s] -- Up-to-date symlink: /home/kuba/PBL/install/pbl_bringup/share/pbl_bringup/environment/path.dsv
[0.577s] -- Up-to-date symlink: /home/kuba/PBL/install/pbl_bringup/share/pbl_bringup/local_setup.bash
[0.577s] -- Up-to-date symlink: /home/kuba/PBL/install/pbl_bringup/share/pbl_bringup/local_setup.sh
[0.578s] -- Up-to-date symlink: /home/kuba/PBL/install/pbl_bringup/share/pbl_bringup/local_setup.zsh
[0.578s] -- Up-to-date symlink: /home/kuba/PBL/install/pbl_bringup/share/pbl_bringup/local_setup.dsv
[0.579s] -- Symlinking: /home/kuba/PBL/install/pbl_bringup/share/pbl_bringup/package.dsv
[0.590s] -- Up-to-date symlink: /home/kuba/PBL/install/pbl_bringup/share/ament_index/resource_index/packages/pbl_bringup
[0.590s] -- Up-to-date symlink: /home/kuba/PBL/install/pbl_bringup/share/pbl_bringup/cmake/pbl_bringupConfig.cmake
[0.590s] -- Up-to-date symlink: /home/kuba/PBL/install/pbl_bringup/share/pbl_bringup/cmake/pbl_bringupConfig-version.cmake
[0.591s] -- Up-to-date symlink: /home/kuba/PBL/install/pbl_bringup/share/pbl_bringup/package.xml
[0.593s] Invoked command in '/home/kuba/PBL/build/pbl_bringup' returned '0': CMAKE_PREFIX_PATH=${CMAKE_PREFIX_PATH}:/opt/ros/humble /usr/bin/cmake --install /home/kuba/PBL/build/pbl_bringup
