[0.093s] DEBUG:colcon:Command line arguments: ['/usr/bin/colcon', 'build', '--symlink-install']
[0.093s] DEBUG:colcon:Parsed command line arguments: Namespace(log_base=None, log_level=None, verb_name='build', build_base='build', install_base='install', merge_install=False, symlink_install=True, test_result_base=None, continue_on_error=False, executor='parallel', parallel_workers=16, event_handlers=None, ignore_user_meta=False, metas=['./colcon.meta'], base_paths=['.'], packages_ignore=None, packages_ignore_regex=None, paths=None, packages_up_to=None, packages_up_to_regex=None, packages_above=None, packages_above_and_dependencies=None, packages_above_depth=None, packages_select_by_dep=None, packages_skip_by_dep=None, packages_skip_up_to=None, packages_select_build_failed=False, packages_skip_build_finished=False, packages_select_test_failures=False, packages_skip_test_passed=False, packages_select=None, packages_skip=None, packages_select_regex=None, packages_skip_regex=None, packages_start=None, packages_end=None, allow_overriding=[], cmake_args=None, cmake_target=None, cmake_target_skip_unavailable=False, cmake_clean_cache=False, cmake_clean_first=False, cmake_force_configure=False, ament_cmake_args=None, catkin_cmake_args=None, catkin_skip_building_tests=False, verb_parser=<colcon_defaults.argument_parser.defaults.DefaultArgumentsDecorator object at 0x7139d704cc40>, verb_extension=<colcon_core.verb.build.BuildVerb object at 0x7139d704c730>, main=<bound method BuildVerb.main of <colcon_core.verb.build.BuildVerb object at 0x7139d704c730>>)
[0.252s] Level 1:colcon.colcon_core.package_discovery:discover_packages(colcon_meta) check parameters
[0.252s] Level 1:colcon.colcon_core.package_discovery:discover_packages(recursive) check parameters
[0.252s] Level 1:colcon.colcon_core.package_discovery:discover_packages(ignore) check parameters
[0.252s] Level 1:colcon.colcon_core.package_discovery:discover_packages(path) check parameters
[0.252s] Level 1:colcon.colcon_core.package_discovery:discover_packages(colcon_meta) discover
[0.252s] Level 1:colcon.colcon_core.package_discovery:discover_packages(recursive) discover
[0.252s] INFO:colcon.colcon_core.package_discovery:Crawling recursively for packages in '/home/kuba/PBL'
[0.252s] Level 1:colcon.colcon_core.package_identification:_identify(.) by extensions ['ignore', 'ignore_ament_install']
[0.252s] Level 1:colcon.colcon_core.package_identification:_identify(.) by extension 'ignore'
[0.252s] Level 1:colcon.colcon_core.package_identification:_identify(.) by extension 'ignore_ament_install'
[0.252s] Level 1:colcon.colcon_core.package_identification:_identify(.) by extensions ['colcon_pkg']
[0.252s] Level 1:colcon.colcon_core.package_identification:_identify(.) by extension 'colcon_pkg'
[0.253s] Level 1:colcon.colcon_core.package_identification:_identify(.) by extensions ['colcon_meta']
[0.253s] Level 1:colcon.colcon_core.package_identification:_identify(.) by extension 'colcon_meta'
[0.253s] Level 1:colcon.colcon_core.package_identification:_identify(.) by extensions ['ros']
[0.253s] Level 1:colcon.colcon_core.package_identification:_identify(.) by extension 'ros'
[0.263s] Level 1:colcon.colcon_core.package_identification:_identify(.) by extensions ['cmake', 'python']
[0.263s] Level 1:colcon.colcon_core.package_identification:_identify(.) by extension 'cmake'
[0.263s] Level 1:colcon.colcon_core.package_identification:_identify(.) by extension 'python'
[0.263s] Level 1:colcon.colcon_core.package_identification:_identify(.) by extensions ['python_setup_py']
[0.263s] Level 1:colcon.colcon_core.package_identification:_identify(.) by extension 'python_setup_py'
[0.263s] Level 1:colcon.colcon_core.package_identification:_identify(build) by extensions ['ignore', 'ignore_ament_install']
[0.263s] Level 1:colcon.colcon_core.package_identification:_identify(build) by extension 'ignore'
[0.263s] Level 1:colcon.colcon_core.package_identification:_identify(build) ignored
[0.263s] Level 1:colcon.colcon_core.package_identification:_identify(install) by extensions ['ignore', 'ignore_ament_install']
[0.263s] Level 1:colcon.colcon_core.package_identification:_identify(install) by extension 'ignore'
[0.263s] Level 1:colcon.colcon_core.package_identification:_identify(install) ignored
[0.264s] Level 1:colcon.colcon_core.package_identification:_identify(log) by extensions ['ignore', 'ignore_ament_install']
[0.264s] Level 1:colcon.colcon_core.package_identification:_identify(log) by extension 'ignore'
[0.264s] Level 1:colcon.colcon_core.package_identification:_identify(log) ignored
[0.264s] Level 1:colcon.colcon_core.package_identification:_identify(map) by extensions ['ignore', 'ignore_ament_install']
[0.264s] Level 1:colcon.colcon_core.package_identification:_identify(map) by extension 'ignore'
[0.264s] Level 1:colcon.colcon_core.package_identification:_identify(map) by extension 'ignore_ament_install'
[0.264s] Level 1:colcon.colcon_core.package_identification:_identify(map) by extensions ['colcon_pkg']
[0.264s] Level 1:colcon.colcon_core.package_identification:_identify(map) by extension 'colcon_pkg'
[0.264s] Level 1:colcon.colcon_core.package_identification:_identify(map) by extensions ['colcon_meta']
[0.264s] Level 1:colcon.colcon_core.package_identification:_identify(map) by extension 'colcon_meta'
[0.264s] Level 1:colcon.colcon_core.package_identification:_identify(map) by extensions ['ros']
[0.264s] Level 1:colcon.colcon_core.package_identification:_identify(map) by extension 'ros'
[0.264s] Level 1:colcon.colcon_core.package_identification:_identify(map) by extensions ['cmake', 'python']
[0.264s] Level 1:colcon.colcon_core.package_identification:_identify(map) by extension 'cmake'
[0.264s] Level 1:colcon.colcon_core.package_identification:_identify(map) by extension 'python'
[0.264s] Level 1:colcon.colcon_core.package_identification:_identify(map) by extensions ['python_setup_py']
[0.264s] Level 1:colcon.colcon_core.package_identification:_identify(map) by extension 'python_setup_py'
[0.264s] Level 1:colcon.colcon_core.package_identification:_identify(src) by extensions ['ignore', 'ignore_ament_install']
[0.265s] Level 1:colcon.colcon_core.package_identification:_identify(src) by extension 'ignore'
[0.265s] Level 1:colcon.colcon_core.package_identification:_identify(src) by extension 'ignore_ament_install'
[0.265s] Level 1:colcon.colcon_core.package_identification:_identify(src) by extensions ['colcon_pkg']
[0.265s] Level 1:colcon.colcon_core.package_identification:_identify(src) by extension 'colcon_pkg'
[0.265s] Level 1:colcon.colcon_core.package_identification:_identify(src) by extensions ['colcon_meta']
[0.265s] Level 1:colcon.colcon_core.package_identification:_identify(src) by extension 'colcon_meta'
[0.265s] Level 1:colcon.colcon_core.package_identification:_identify(src) by extensions ['ros']
[0.265s] Level 1:colcon.colcon_core.package_identification:_identify(src) by extension 'ros'
[0.265s] Level 1:colcon.colcon_core.package_identification:_identify(src) by extensions ['cmake', 'python']
[0.265s] Level 1:colcon.colcon_core.package_identification:_identify(src) by extension 'cmake'
[0.265s] Level 1:colcon.colcon_core.package_identification:_identify(src) by extension 'python'
[0.265s] Level 1:colcon.colcon_core.package_identification:_identify(src) by extensions ['python_setup_py']
[0.265s] Level 1:colcon.colcon_core.package_identification:_identify(src) by extension 'python_setup_py'
[0.265s] Level 1:colcon.colcon_core.package_identification:_identify(src/pbl_bringup) by extensions ['ignore', 'ignore_ament_install']
[0.265s] Level 1:colcon.colcon_core.package_identification:_identify(src/pbl_bringup) by extension 'ignore'
[0.265s] Level 1:colcon.colcon_core.package_identification:_identify(src/pbl_bringup) by extension 'ignore_ament_install'
[0.265s] Level 1:colcon.colcon_core.package_identification:_identify(src/pbl_bringup) by extensions ['colcon_pkg']
[0.265s] Level 1:colcon.colcon_core.package_identification:_identify(src/pbl_bringup) by extension 'colcon_pkg'
[0.265s] Level 1:colcon.colcon_core.package_identification:_identify(src/pbl_bringup) by extensions ['colcon_meta']
[0.265s] Level 1:colcon.colcon_core.package_identification:_identify(src/pbl_bringup) by extension 'colcon_meta'
[0.265s] Level 1:colcon.colcon_core.package_identification:_identify(src/pbl_bringup) by extensions ['ros']
[0.265s] Level 1:colcon.colcon_core.package_identification:_identify(src/pbl_bringup) by extension 'ros'
[0.268s] DEBUG:colcon.colcon_core.package_identification:Package 'src/pbl_bringup' with type 'ros.ament_cmake' and name 'pbl_bringup'
[0.268s] Level 1:colcon.colcon_core.package_identification:_identify(src/pbl_description) by extensions ['ignore', 'ignore_ament_install']
[0.268s] Level 1:colcon.colcon_core.package_identification:_identify(src/pbl_description) by extension 'ignore'
[0.268s] Level 1:colcon.colcon_core.package_identification:_identify(src/pbl_description) by extension 'ignore_ament_install'
[0.268s] Level 1:colcon.colcon_core.package_identification:_identify(src/pbl_description) by extensions ['colcon_pkg']
[0.268s] Level 1:colcon.colcon_core.package_identification:_identify(src/pbl_description) by extension 'colcon_pkg'
[0.268s] Level 1:colcon.colcon_core.package_identification:_identify(src/pbl_description) by extensions ['colcon_meta']
[0.268s] Level 1:colcon.colcon_core.package_identification:_identify(src/pbl_description) by extension 'colcon_meta'
[0.268s] Level 1:colcon.colcon_core.package_identification:_identify(src/pbl_description) by extensions ['ros']
[0.268s] Level 1:colcon.colcon_core.package_identification:_identify(src/pbl_description) by extension 'ros'
[0.269s] DEBUG:colcon.colcon_core.package_identification:Package 'src/pbl_description' with type 'ros.ament_cmake' and name 'pbl_description'
[0.269s] Level 1:colcon.colcon_core.package_identification:_identify(src/rplidar_ros) by extensions ['ignore', 'ignore_ament_install']
[0.269s] Level 1:colcon.colcon_core.package_identification:_identify(src/rplidar_ros) by extension 'ignore'
[0.269s] Level 1:colcon.colcon_core.package_identification:_identify(src/rplidar_ros) by extension 'ignore_ament_install'
[0.269s] Level 1:colcon.colcon_core.package_identification:_identify(src/rplidar_ros) by extensions ['colcon_pkg']
[0.269s] Level 1:colcon.colcon_core.package_identification:_identify(src/rplidar_ros) by extension 'colcon_pkg'
[0.269s] Level 1:colcon.colcon_core.package_identification:_identify(src/rplidar_ros) by extensions ['colcon_meta']
[0.269s] Level 1:colcon.colcon_core.package_identification:_identify(src/rplidar_ros) by extension 'colcon_meta'
[0.269s] Level 1:colcon.colcon_core.package_identification:_identify(src/rplidar_ros) by extensions ['ros']
[0.269s] Level 1:colcon.colcon_core.package_identification:_identify(src/rplidar_ros) by extension 'ros'
[0.270s] DEBUG:colcon.colcon_core.package_identification:Package 'src/rplidar_ros' with type 'ros.ament_cmake' and name 'rplidar_ros'
[0.270s] Level 1:colcon.colcon_core.package_discovery:discover_packages(recursive) using defaults
[0.270s] Level 1:colcon.colcon_core.package_discovery:discover_packages(ignore) discover
[0.270s] Level 1:colcon.colcon_core.package_discovery:discover_packages(ignore) using defaults
[0.270s] Level 1:colcon.colcon_core.package_discovery:discover_packages(path) discover
[0.270s] Level 1:colcon.colcon_core.package_discovery:discover_packages(path) using defaults
[0.286s] Level 1:colcon.colcon_core.package_discovery:discover_packages(prefix_path) check parameters
[0.286s] Level 1:colcon.colcon_core.package_discovery:discover_packages(prefix_path) discover
[0.288s] DEBUG:colcon.colcon_installed_package_information.package_discovery:Found 3 installed packages in /home/kuba/PBL/install
[0.288s] DEBUG:colcon.colcon_installed_package_information.package_discovery:Found 3 installed packages in /home/kuba/PBL_SLAM_ws/install
[0.289s] DEBUG:colcon.colcon_installed_package_information.package_discovery:Found 380 installed packages in /opt/ros/humble
[0.300s] Level 1:colcon.colcon_core.package_discovery:discover_packages(prefix_path) using defaults
[0.343s] Level 5:colcon.colcon_core.verb:set package 'pbl_bringup' build argument 'cmake_args' from command line to 'None'
[0.344s] Level 5:colcon.colcon_core.verb:set package 'pbl_bringup' build argument 'cmake_target' from command line to 'None'
[0.344s] Level 5:colcon.colcon_core.verb:set package 'pbl_bringup' build argument 'cmake_target_skip_unavailable' from command line to 'False'
[0.344s] Level 5:colcon.colcon_core.verb:set package 'pbl_bringup' build argument 'cmake_clean_cache' from command line to 'False'
[0.344s] Level 5:colcon.colcon_core.verb:set package 'pbl_bringup' build argument 'cmake_clean_first' from command line to 'False'
[0.344s] Level 5:colcon.colcon_core.verb:set package 'pbl_bringup' build argument 'cmake_force_configure' from command line to 'False'
[0.344s] Level 5:colcon.colcon_core.verb:set package 'pbl_bringup' build argument 'ament_cmake_args' from command line to 'None'
[0.344s] Level 5:colcon.colcon_core.verb:set package 'pbl_bringup' build argument 'catkin_cmake_args' from command line to 'None'
[0.344s] Level 5:colcon.colcon_core.verb:set package 'pbl_bringup' build argument 'catkin_skip_building_tests' from command line to 'False'
[0.344s] DEBUG:colcon.colcon_core.verb:Building package 'pbl_bringup' with the following arguments: {'ament_cmake_args': None, 'build_base': '/home/kuba/PBL/build/pbl_bringup', 'catkin_cmake_args': None, 'catkin_skip_building_tests': False, 'cmake_args': None, 'cmake_clean_cache': False, 'cmake_clean_first': False, 'cmake_force_configure': False, 'cmake_target': None, 'cmake_target_skip_unavailable': False, 'install_base': '/home/kuba/PBL/install/pbl_bringup', 'merge_install': False, 'path': '/home/kuba/PBL/src/pbl_bringup', 'symlink_install': True, 'test_result_base': None}
[0.344s] Level 5:colcon.colcon_core.verb:set package 'pbl_description' build argument 'cmake_args' from command line to 'None'
[0.344s] Level 5:colcon.colcon_core.verb:set package 'pbl_description' build argument 'cmake_target' from command line to 'None'
[0.344s] Level 5:colcon.colcon_core.verb:set package 'pbl_description' build argument 'cmake_target_skip_unavailable' from command line to 'False'
[0.345s] Level 5:colcon.colcon_core.verb:set package 'pbl_description' build argument 'cmake_clean_cache' from command line to 'False'
[0.345s] Level 5:colcon.colcon_core.verb:set package 'pbl_description' build argument 'cmake_clean_first' from command line to 'False'
[0.345s] Level 5:colcon.colcon_core.verb:set package 'pbl_description' build argument 'cmake_force_configure' from command line to 'False'
[0.345s] Level 5:colcon.colcon_core.verb:set package 'pbl_description' build argument 'ament_cmake_args' from command line to 'None'
[0.345s] Level 5:colcon.colcon_core.verb:set package 'pbl_description' build argument 'catkin_cmake_args' from command line to 'None'
[0.345s] Level 5:colcon.colcon_core.verb:set package 'pbl_description' build argument 'catkin_skip_building_tests' from command line to 'False'
[0.345s] DEBUG:colcon.colcon_core.verb:Building package 'pbl_description' with the following arguments: {'ament_cmake_args': None, 'build_base': '/home/kuba/PBL/build/pbl_description', 'catkin_cmake_args': None, 'catkin_skip_building_tests': False, 'cmake_args': None, 'cmake_clean_cache': False, 'cmake_clean_first': False, 'cmake_force_configure': False, 'cmake_target': None, 'cmake_target_skip_unavailable': False, 'install_base': '/home/kuba/PBL/install/pbl_description', 'merge_install': False, 'path': '/home/kuba/PBL/src/pbl_description', 'symlink_install': True, 'test_result_base': None}
[0.345s] Level 5:colcon.colcon_core.verb:set package 'rplidar_ros' build argument 'cmake_args' from command line to 'None'
[0.345s] Level 5:colcon.colcon_core.verb:set package 'rplidar_ros' build argument 'cmake_target' from command line to 'None'
[0.345s] Level 5:colcon.colcon_core.verb:set package 'rplidar_ros' build argument 'cmake_target_skip_unavailable' from command line to 'False'
[0.345s] Level 5:colcon.colcon_core.verb:set package 'rplidar_ros' build argument 'cmake_clean_cache' from command line to 'False'
[0.345s] Level 5:colcon.colcon_core.verb:set package 'rplidar_ros' build argument 'cmake_clean_first' from command line to 'False'
[0.345s] Level 5:colcon.colcon_core.verb:set package 'rplidar_ros' build argument 'cmake_force_configure' from command line to 'False'
[0.345s] Level 5:colcon.colcon_core.verb:set package 'rplidar_ros' build argument 'ament_cmake_args' from command line to 'None'
[0.345s] Level 5:colcon.colcon_core.verb:set package 'rplidar_ros' build argument 'catkin_cmake_args' from command line to 'None'
[0.345s] Level 5:colcon.colcon_core.verb:set package 'rplidar_ros' build argument 'catkin_skip_building_tests' from command line to 'False'
[0.345s] DEBUG:colcon.colcon_core.verb:Building package 'rplidar_ros' with the following arguments: {'ament_cmake_args': None, 'build_base': '/home/kuba/PBL/build/rplidar_ros', 'catkin_cmake_args': None, 'catkin_skip_building_tests': False, 'cmake_args': None, 'cmake_clean_cache': False, 'cmake_clean_first': False, 'cmake_force_configure': False, 'cmake_target': None, 'cmake_target_skip_unavailable': False, 'install_base': '/home/kuba/PBL/install/rplidar_ros', 'merge_install': False, 'path': '/home/kuba/PBL/src/rplidar_ros', 'symlink_install': True, 'test_result_base': None}
[0.346s] INFO:colcon.colcon_core.executor:Executing jobs using 'parallel' executor
[0.347s] DEBUG:colcon.colcon_parallel_executor.executor.parallel:run_until_complete
[0.348s] INFO:colcon.colcon_ros.task.ament_cmake.build:Building ROS package in '/home/kuba/PBL/src/pbl_bringup' with build type 'ament_cmake'
[0.348s] INFO:colcon.colcon_cmake.task.cmake.build:Building CMake package in '/home/kuba/PBL/src/pbl_bringup'
[0.350s] INFO:colcon.colcon_core.plugin_system:Skipping extension 'colcon_core.shell.bat': Not used on non-Windows systems
[0.350s] INFO:colcon.colcon_core.shell:Skip shell extension 'powershell' for command environment: Not usable outside of PowerShell
[0.350s] DEBUG:colcon.colcon_core.shell:Skip shell extension 'dsv' for command environment
[0.355s] INFO:colcon.colcon_ros.task.ament_cmake.build:Building ROS package in '/home/kuba/PBL/src/pbl_description' with build type 'ament_cmake'
[0.356s] INFO:colcon.colcon_cmake.task.cmake.build:Building CMake package in '/home/kuba/PBL/src/pbl_description'
[0.356s] INFO:colcon.colcon_core.shell:Skip shell extension 'powershell' for command environment: Not usable outside of PowerShell
[0.356s] DEBUG:colcon.colcon_core.shell:Skip shell extension 'dsv' for command environment
[0.365s] INFO:colcon.colcon_ros.task.ament_cmake.build:Building ROS package in '/home/kuba/PBL/src/rplidar_ros' with build type 'ament_cmake'
[0.366s] INFO:colcon.colcon_cmake.task.cmake.build:Building CMake package in '/home/kuba/PBL/src/rplidar_ros'
[0.367s] INFO:colcon.colcon_core.shell:Skip shell extension 'powershell' for command environment: Not usable outside of PowerShell
[0.367s] DEBUG:colcon.colcon_core.shell:Skip shell extension 'dsv' for command environment
[0.379s] DEBUG:colcon.colcon_core.event_handler.log_command:Invoking command in '/home/kuba/PBL/build/pbl_bringup': CMAKE_PREFIX_PATH=${CMAKE_PREFIX_PATH}:/opt/ros/humble /usr/bin/cmake --build /home/kuba/PBL/build/pbl_bringup -- -j16 -l16
[0.382s] DEBUG:colcon.colcon_core.event_handler.log_command:Invoking command in '/home/kuba/PBL/build/pbl_description': CMAKE_PREFIX_PATH=${CMAKE_PREFIX_PATH}:/opt/ros/humble /usr/bin/cmake --build /home/kuba/PBL/build/pbl_description -- -j16 -l16
[0.387s] DEBUG:colcon.colcon_core.event_handler.log_command:Invoking command in '/home/kuba/PBL/build/rplidar_ros': CMAKE_PREFIX_PATH=${CMAKE_PREFIX_PATH}:/opt/ros/humble /usr/bin/cmake --build /home/kuba/PBL/build/rplidar_ros -- -j16 -l16
[0.418s] DEBUG:colcon.colcon_core.event_handler.log_command:Invoked command in '/home/kuba/PBL/build/pbl_bringup' returned '0': CMAKE_PREFIX_PATH=${CMAKE_PREFIX_PATH}:/opt/ros/humble /usr/bin/cmake --build /home/kuba/PBL/build/pbl_bringup -- -j16 -l16
[0.419s] DEBUG:colcon.colcon_core.event_handler.log_command:Invoked command in '/home/kuba/PBL/build/pbl_description' returned '0': CMAKE_PREFIX_PATH=${CMAKE_PREFIX_PATH}:/opt/ros/humble /usr/bin/cmake --build /home/kuba/PBL/build/pbl_description -- -j16 -l16
[0.444s] DEBUG:colcon.colcon_core.event_handler.log_command:Invoking command in '/home/kuba/PBL/build/pbl_bringup': CMAKE_PREFIX_PATH=${CMAKE_PREFIX_PATH}:/opt/ros/humble /usr/bin/cmake --install /home/kuba/PBL/build/pbl_bringup
[0.447s] DEBUG:colcon.colcon_core.event_handler.log_command:Invoking command in '/home/kuba/PBL/build/pbl_description': CMAKE_PREFIX_PATH=${CMAKE_PREFIX_PATH}:/opt/ros/humble /usr/bin/cmake --install /home/kuba/PBL/build/pbl_description
[0.463s] DEBUG:colcon.colcon_core.event_handler.log_command:Invoked command in '/home/kuba/PBL/build/rplidar_ros' returned '0': CMAKE_PREFIX_PATH=${CMAKE_PREFIX_PATH}:/opt/ros/humble /usr/bin/cmake --build /home/kuba/PBL/build/rplidar_ros -- -j16 -l16
[0.469s] Level 1:colcon.colcon_core.environment:create_environment_scripts_only(pbl_bringup)
[0.470s] DEBUG:colcon.colcon_core.event_handler.log_command:Invoked command in '/home/kuba/PBL/build/pbl_bringup' returned '0': CMAKE_PREFIX_PATH=${CMAKE_PREFIX_PATH}:/opt/ros/humble /usr/bin/cmake --install /home/kuba/PBL/build/pbl_bringup
[0.474s] Level 1:colcon.colcon_core.environment:checking '/home/kuba/PBL/install/pbl_bringup' for CMake module files
[0.475s] Level 1:colcon.colcon_core.environment:checking '/home/kuba/PBL/install/pbl_bringup' for CMake config files
[0.475s] Level 1:colcon.colcon_core.shell:create_environment_hook('pbl_bringup', 'cmake_prefix_path')
[0.476s] INFO:colcon.colcon_core.shell:Creating environment hook '/home/kuba/PBL/install/pbl_bringup/share/pbl_bringup/hook/cmake_prefix_path.ps1'
[0.477s] INFO:colcon.colcon_core.shell:Creating environment descriptor '/home/kuba/PBL/install/pbl_bringup/share/pbl_bringup/hook/cmake_prefix_path.dsv'
[0.477s] INFO:colcon.colcon_core.shell:Creating environment hook '/home/kuba/PBL/install/pbl_bringup/share/pbl_bringup/hook/cmake_prefix_path.sh'
[0.479s] Level 1:colcon.colcon_core.environment:checking '/home/kuba/PBL/install/pbl_bringup/lib'
[0.479s] Level 1:colcon.colcon_core.environment:checking '/home/kuba/PBL/install/pbl_bringup/bin'
[0.479s] Level 1:colcon.colcon_core.environment:checking '/home/kuba/PBL/install/pbl_bringup/lib/pkgconfig/pbl_bringup.pc'
[0.479s] Level 1:colcon.colcon_core.environment:checking '/home/kuba/PBL/install/pbl_bringup/lib/python3.10/site-packages'
[0.480s] Level 1:colcon.colcon_core.environment:checking '/home/kuba/PBL/install/pbl_bringup/bin'
[0.480s] INFO:colcon.colcon_core.shell:Creating package script '/home/kuba/PBL/install/pbl_bringup/share/pbl_bringup/package.ps1'
[0.481s] INFO:colcon.colcon_core.shell:Creating package descriptor '/home/kuba/PBL/install/pbl_bringup/share/pbl_bringup/package.dsv'
[0.482s] INFO:colcon.colcon_core.shell:Creating package script '/home/kuba/PBL/install/pbl_bringup/share/pbl_bringup/package.sh'
[0.483s] INFO:colcon.colcon_core.shell:Creating package script '/home/kuba/PBL/install/pbl_bringup/share/pbl_bringup/package.bash'
[0.484s] INFO:colcon.colcon_core.shell:Creating package script '/home/kuba/PBL/install/pbl_bringup/share/pbl_bringup/package.zsh'
[0.485s] Level 1:colcon.colcon_core.environment:create_file_with_runtime_dependencies(/home/kuba/PBL/install/pbl_bringup/share/colcon-core/packages/pbl_bringup)
[0.487s] Level 1:colcon.colcon_core.environment:create_environment_scripts_only(pbl_description)
[0.488s] Level 1:colcon.colcon_core.environment:checking '/home/kuba/PBL/install/pbl_description' for CMake module files
[0.489s] DEBUG:colcon.colcon_core.event_handler.log_command:Invoked command in '/home/kuba/PBL/build/pbl_description' returned '0': CMAKE_PREFIX_PATH=${CMAKE_PREFIX_PATH}:/opt/ros/humble /usr/bin/cmake --install /home/kuba/PBL/build/pbl_description
[0.489s] Level 1:colcon.colcon_core.environment:checking '/home/kuba/PBL/install/pbl_description' for CMake config files
[0.490s] Level 1:colcon.colcon_core.shell:create_environment_hook('pbl_description', 'cmake_prefix_path')
[0.490s] INFO:colcon.colcon_core.shell:Creating environment hook '/home/kuba/PBL/install/pbl_description/share/pbl_description/hook/cmake_prefix_path.ps1'
[0.491s] INFO:colcon.colcon_core.shell:Creating environment descriptor '/home/kuba/PBL/install/pbl_description/share/pbl_description/hook/cmake_prefix_path.dsv'
[0.491s] INFO:colcon.colcon_core.shell:Creating environment hook '/home/kuba/PBL/install/pbl_description/share/pbl_description/hook/cmake_prefix_path.sh'
[0.492s] Level 1:colcon.colcon_core.environment:checking '/home/kuba/PBL/install/pbl_description/bin'
[0.492s] Level 1:colcon.colcon_core.environment:checking '/home/kuba/PBL/install/pbl_description/lib/pkgconfig/pbl_description.pc'
[0.492s] Level 1:colcon.colcon_core.environment:checking '/home/kuba/PBL/install/pbl_description/lib/python3.10/site-packages'
[0.493s] Level 1:colcon.colcon_core.environment:checking '/home/kuba/PBL/install/pbl_description/bin'
[0.493s] INFO:colcon.colcon_core.shell:Creating package script '/home/kuba/PBL/install/pbl_description/share/pbl_description/package.ps1'
[0.494s] INFO:colcon.colcon_core.shell:Creating package descriptor '/home/kuba/PBL/install/pbl_description/share/pbl_description/package.dsv'
[0.494s] INFO:colcon.colcon_core.shell:Creating package script '/home/kuba/PBL/install/pbl_description/share/pbl_description/package.sh'
[0.495s] INFO:colcon.colcon_core.shell:Creating package script '/home/kuba/PBL/install/pbl_description/share/pbl_description/package.bash'
[0.495s] INFO:colcon.colcon_core.shell:Creating package script '/home/kuba/PBL/install/pbl_description/share/pbl_description/package.zsh'
[0.496s] Level 1:colcon.colcon_core.environment:create_file_with_runtime_dependencies(/home/kuba/PBL/install/pbl_description/share/colcon-core/packages/pbl_description)
[0.510s] Level 1:colcon.colcon_core.environment:create_environment_scripts_only(pbl_bringup)
[0.511s] Level 1:colcon.colcon_core.environment:checking '/home/kuba/PBL/install/pbl_bringup' for CMake module files
[0.512s] Level 1:colcon.colcon_core.environment:checking '/home/kuba/PBL/install/pbl_bringup' for CMake config files
[0.512s] Level 1:colcon.colcon_core.shell:create_environment_hook('pbl_bringup', 'cmake_prefix_path')
[0.513s] INFO:colcon.colcon_core.shell:Creating environment hook '/home/kuba/PBL/install/pbl_bringup/share/pbl_bringup/hook/cmake_prefix_path.ps1'
[0.513s] INFO:colcon.colcon_core.shell:Creating environment descriptor '/home/kuba/PBL/install/pbl_bringup/share/pbl_bringup/hook/cmake_prefix_path.dsv'
[0.514s] INFO:colcon.colcon_core.shell:Creating environment hook '/home/kuba/PBL/install/pbl_bringup/share/pbl_bringup/hook/cmake_prefix_path.sh'
[0.514s] Level 1:colcon.colcon_core.environment:checking '/home/kuba/PBL/install/pbl_bringup/lib'
[0.514s] Level 1:colcon.colcon_core.environment:checking '/home/kuba/PBL/install/pbl_bringup/bin'
[0.514s] Level 1:colcon.colcon_core.environment:checking '/home/kuba/PBL/install/pbl_bringup/lib/pkgconfig/pbl_bringup.pc'
[0.515s] Level 1:colcon.colcon_core.environment:checking '/home/kuba/PBL/install/pbl_bringup/lib/python3.10/site-packages'
[0.515s] Level 1:colcon.colcon_core.environment:checking '/home/kuba/PBL/install/pbl_bringup/bin'
[0.515s] INFO:colcon.colcon_core.shell:Creating package script '/home/kuba/PBL/install/pbl_bringup/share/pbl_bringup/package.ps1'
[0.516s] INFO:colcon.colcon_core.shell:Creating package descriptor '/home/kuba/PBL/install/pbl_bringup/share/pbl_bringup/package.dsv'
[0.516s] INFO:colcon.colcon_core.shell:Creating package script '/home/kuba/PBL/install/pbl_bringup/share/pbl_bringup/package.sh'
[0.517s] INFO:colcon.colcon_core.shell:Creating package script '/home/kuba/PBL/install/pbl_bringup/share/pbl_bringup/package.bash'
[0.517s] INFO:colcon.colcon_core.shell:Creating package script '/home/kuba/PBL/install/pbl_bringup/share/pbl_bringup/package.zsh'
[0.517s] Level 1:colcon.colcon_core.environment:create_file_with_runtime_dependencies(/home/kuba/PBL/install/pbl_bringup/share/colcon-core/packages/pbl_bringup)
[0.519s] Level 1:colcon.colcon_core.environment:create_environment_scripts_only(pbl_description)
[0.519s] Level 1:colcon.colcon_core.environment:checking '/home/kuba/PBL/install/pbl_description' for CMake module files
[0.520s] Level 1:colcon.colcon_core.environment:checking '/home/kuba/PBL/install/pbl_description' for CMake config files
[0.520s] Level 1:colcon.colcon_core.shell:create_environment_hook('pbl_description', 'cmake_prefix_path')
[0.521s] INFO:colcon.colcon_core.shell:Creating environment hook '/home/kuba/PBL/install/pbl_description/share/pbl_description/hook/cmake_prefix_path.ps1'
[0.521s] INFO:colcon.colcon_core.shell:Creating environment descriptor '/home/kuba/PBL/install/pbl_description/share/pbl_description/hook/cmake_prefix_path.dsv'
[0.521s] INFO:colcon.colcon_core.shell:Creating environment hook '/home/kuba/PBL/install/pbl_description/share/pbl_description/hook/cmake_prefix_path.sh'
[0.522s] Level 1:colcon.colcon_core.environment:checking '/home/kuba/PBL/install/pbl_description/bin'
[0.522s] Level 1:colcon.colcon_core.environment:checking '/home/kuba/PBL/install/pbl_description/lib/pkgconfig/pbl_description.pc'
[0.523s] Level 1:colcon.colcon_core.environment:checking '/home/kuba/PBL/install/pbl_description/lib/python3.10/site-packages'
[0.523s] Level 1:colcon.colcon_core.environment:checking '/home/kuba/PBL/install/pbl_description/bin'
[0.523s] INFO:colcon.colcon_core.shell:Creating package script '/home/kuba/PBL/install/pbl_description/share/pbl_description/package.ps1'
[0.524s] INFO:colcon.colcon_core.shell:Creating package descriptor '/home/kuba/PBL/install/pbl_description/share/pbl_description/package.dsv'
[0.525s] INFO:colcon.colcon_core.shell:Creating package script '/home/kuba/PBL/install/pbl_description/share/pbl_description/package.sh'
[0.525s] INFO:colcon.colcon_core.shell:Creating package script '/home/kuba/PBL/install/pbl_description/share/pbl_description/package.bash'
[0.526s] INFO:colcon.colcon_core.shell:Creating package script '/home/kuba/PBL/install/pbl_description/share/pbl_description/package.zsh'
[0.526s] Level 1:colcon.colcon_core.environment:create_file_with_runtime_dependencies(/home/kuba/PBL/install/pbl_description/share/colcon-core/packages/pbl_description)
[0.529s] DEBUG:colcon.colcon_core.event_handler.log_command:Invoking command in '/home/kuba/PBL/build/rplidar_ros': CMAKE_PREFIX_PATH=${CMAKE_PREFIX_PATH}:/opt/ros/humble /usr/bin/cmake --install /home/kuba/PBL/build/rplidar_ros
[0.552s] Level 1:colcon.colcon_core.environment:create_environment_scripts_only(rplidar_ros)
[0.552s] Level 1:colcon.colcon_core.environment:checking '/home/kuba/PBL/install/rplidar_ros' for CMake module files
[0.553s] DEBUG:colcon.colcon_core.event_handler.log_command:Invoked command in '/home/kuba/PBL/build/rplidar_ros' returned '0': CMAKE_PREFIX_PATH=${CMAKE_PREFIX_PATH}:/opt/ros/humble /usr/bin/cmake --install /home/kuba/PBL/build/rplidar_ros
[0.554s] Level 1:colcon.colcon_core.environment:checking '/home/kuba/PBL/install/rplidar_ros' for CMake config files
[0.554s] Level 1:colcon.colcon_core.shell:create_environment_hook('rplidar_ros', 'cmake_prefix_path')
[0.555s] INFO:colcon.colcon_core.shell:Creating environment hook '/home/kuba/PBL/install/rplidar_ros/share/rplidar_ros/hook/cmake_prefix_path.ps1'
[0.555s] INFO:colcon.colcon_core.shell:Creating environment descriptor '/home/kuba/PBL/install/rplidar_ros/share/rplidar_ros/hook/cmake_prefix_path.dsv'
[0.556s] INFO:colcon.colcon_core.shell:Creating environment hook '/home/kuba/PBL/install/rplidar_ros/share/rplidar_ros/hook/cmake_prefix_path.sh'
[0.556s] Level 1:colcon.colcon_core.environment:checking '/home/kuba/PBL/install/rplidar_ros/lib'
[0.556s] Level 1:colcon.colcon_core.environment:checking '/home/kuba/PBL/install/rplidar_ros/bin'
[0.556s] Level 1:colcon.colcon_core.environment:checking '/home/kuba/PBL/install/rplidar_ros/lib/pkgconfig/rplidar_ros.pc'
[0.557s] Level 1:colcon.colcon_core.environment:checking '/home/kuba/PBL/install/rplidar_ros/lib/python3.10/site-packages'
[0.557s] Level 1:colcon.colcon_core.environment:checking '/home/kuba/PBL/install/rplidar_ros/bin'
[0.557s] INFO:colcon.colcon_core.shell:Creating package script '/home/kuba/PBL/install/rplidar_ros/share/rplidar_ros/package.ps1'
[0.558s] INFO:colcon.colcon_core.shell:Creating package descriptor '/home/kuba/PBL/install/rplidar_ros/share/rplidar_ros/package.dsv'
[0.558s] INFO:colcon.colcon_core.shell:Creating package script '/home/kuba/PBL/install/rplidar_ros/share/rplidar_ros/package.sh'
[0.559s] INFO:colcon.colcon_core.shell:Creating package script '/home/kuba/PBL/install/rplidar_ros/share/rplidar_ros/package.bash'
[0.559s] INFO:colcon.colcon_core.shell:Creating package script '/home/kuba/PBL/install/rplidar_ros/share/rplidar_ros/package.zsh'
[0.560s] Level 1:colcon.colcon_core.environment:create_file_with_runtime_dependencies(/home/kuba/PBL/install/rplidar_ros/share/colcon-core/packages/rplidar_ros)
[0.612s] Level 1:colcon.colcon_core.environment:create_environment_scripts_only(rplidar_ros)
[0.612s] Level 1:colcon.colcon_core.environment:checking '/home/kuba/PBL/install/rplidar_ros' for CMake module files
[0.613s] Level 1:colcon.colcon_core.environment:checking '/home/kuba/PBL/install/rplidar_ros' for CMake config files
[0.613s] Level 1:colcon.colcon_core.shell:create_environment_hook('rplidar_ros', 'cmake_prefix_path')
[0.613s] INFO:colcon.colcon_core.shell:Creating environment hook '/home/kuba/PBL/install/rplidar_ros/share/rplidar_ros/hook/cmake_prefix_path.ps1'
[0.614s] INFO:colcon.colcon_core.shell:Creating environment descriptor '/home/kuba/PBL/install/rplidar_ros/share/rplidar_ros/hook/cmake_prefix_path.dsv'
[0.614s] INFO:colcon.colcon_core.shell:Creating environment hook '/home/kuba/PBL/install/rplidar_ros/share/rplidar_ros/hook/cmake_prefix_path.sh'
[0.614s] Level 1:colcon.colcon_core.environment:checking '/home/kuba/PBL/install/rplidar_ros/lib'
[0.614s] Level 1:colcon.colcon_core.environment:checking '/home/kuba/PBL/install/rplidar_ros/bin'
[0.614s] Level 1:colcon.colcon_core.environment:checking '/home/kuba/PBL/install/rplidar_ros/lib/pkgconfig/rplidar_ros.pc'
[0.615s] Level 1:colcon.colcon_core.environment:checking '/home/kuba/PBL/install/rplidar_ros/lib/python3.10/site-packages'
[0.615s] Level 1:colcon.colcon_core.environment:checking '/home/kuba/PBL/install/rplidar_ros/bin'
[0.615s] INFO:colcon.colcon_core.shell:Creating package script '/home/kuba/PBL/install/rplidar_ros/share/rplidar_ros/package.ps1'
[0.616s] INFO:colcon.colcon_core.shell:Creating package descriptor '/home/kuba/PBL/install/rplidar_ros/share/rplidar_ros/package.dsv'
[0.616s] INFO:colcon.colcon_core.shell:Creating package script '/home/kuba/PBL/install/rplidar_ros/share/rplidar_ros/package.sh'
[0.616s] INFO:colcon.colcon_core.shell:Creating package script '/home/kuba/PBL/install/rplidar_ros/share/rplidar_ros/package.bash'
[0.617s] INFO:colcon.colcon_core.shell:Creating package script '/home/kuba/PBL/install/rplidar_ros/share/rplidar_ros/package.zsh'
[0.617s] Level 1:colcon.colcon_core.environment:create_file_with_runtime_dependencies(/home/kuba/PBL/install/rplidar_ros/share/colcon-core/packages/rplidar_ros)
[0.617s] DEBUG:colcon.colcon_parallel_executor.executor.parallel:closing loop
[0.618s] DEBUG:colcon.colcon_parallel_executor.executor.parallel:loop closed
[0.618s] DEBUG:colcon.colcon_parallel_executor.executor.parallel:run_until_complete finished with '0'
[0.618s] DEBUG:colcon.colcon_core.event_reactor:joining thread
[0.623s] INFO:colcon.colcon_core.plugin_system:Skipping extension 'colcon_notification.desktop_notification.terminal_notifier': Not used on non-Darwin systems
[0.623s] INFO:colcon.colcon_core.plugin_system:Skipping extension 'colcon_notification.desktop_notification.win32': Not used on non-Windows systems
[0.623s] INFO:colcon.colcon_notification.desktop_notification:Sending desktop notification using 'notify2'
[0.632s] DEBUG:colcon.colcon_core.event_reactor:joined thread
[0.633s] INFO:colcon.colcon_core.shell:Creating prefix script '/home/kuba/PBL/install/local_setup.ps1'
[0.633s] INFO:colcon.colcon_core.shell:Creating prefix util module '/home/kuba/PBL/install/_local_setup_util_ps1.py'
[0.635s] INFO:colcon.colcon_core.shell:Creating prefix chain script '/home/kuba/PBL/install/setup.ps1'
[0.636s] INFO:colcon.colcon_core.shell:Creating prefix script '/home/kuba/PBL/install/local_setup.sh'
[0.636s] INFO:colcon.colcon_core.shell:Creating prefix util module '/home/kuba/PBL/install/_local_setup_util_sh.py'
[0.637s] INFO:colcon.colcon_core.shell:Creating prefix chain script '/home/kuba/PBL/install/setup.sh'
[0.638s] INFO:colcon.colcon_core.shell:Creating prefix script '/home/kuba/PBL/install/local_setup.bash'
[0.639s] INFO:colcon.colcon_core.shell:Creating prefix chain script '/home/kuba/PBL/install/setup.bash'
[0.640s] INFO:colcon.colcon_core.shell:Creating prefix script '/home/kuba/PBL/install/local_setup.zsh'
[0.640s] INFO:colcon.colcon_core.shell:Creating prefix chain script '/home/kuba/PBL/install/setup.zsh'
