[0.015s] Invoking command in '/home/kuba/PBL/build/odrive_ros2_control': CMAKE_PREFIX_PATH=${CMAKE_PREFIX_PATH}:/opt/ros/humble /usr/bin/cmake --build /home/kuba/PBL/build/odrive_ros2_control -- -j16 -l16
[0.032s] -- Found ament_cmake: 1.3.10 (/opt/ros/humble/share/ament_cmake/cmake)
[0.125s] -- Override CMake install command with custom implementation using symlinks instead of copying resources
[0.131s] -- Found rclcpp: 16.0.10 (/opt/ros/humble/share/rclcpp/cmake)
[0.152s] -- Found rosidl_generator_c: 3.1.5 (/opt/ros/humble/share/rosidl_generator_c/cmake)
[0.154s] -- Found rosidl_adapter: 3.1.5 (/opt/ros/humble/share/rosidl_adapter/cmake)
[0.158s] -- Found rosidl_generator_cpp: 3.1.5 (/opt/ros/humble/share/rosidl_generator_cpp/cmake)
[0.165s] -- Using all available rosidl_typesupport_c: rosidl_typesupport_fastrtps_c;rosidl_typesupport_introspection_c
[0.175s] -- Using all available rosidl_typesupport_cpp: rosidl_typesupport_fastrtps_cpp;rosidl_typesupport_introspection_cpp
[0.199s] -- Found rmw_implementation_cmake: 6.1.2 (/opt/ros/humble/share/rmw_implementation_cmake/cmake)
[0.201s] -- Found rmw_cyclonedds_cpp: 1.3.4 (/opt/ros/humble/share/rmw_cyclonedds_cpp/cmake)
[0.214s] -- Using RMW implementation 'rmw_cyclonedds_cpp' as default
[0.253s] -- Found ament_cmake_auto: 1.3.10 (/opt/ros/humble/share/ament_cmake_auto/cmake)
[0.395s] [31mCMake Error at /opt/ros/humble/share/pluginlib/cmake/pluginlib_export_plugin_description_file.cmake:84 (message):
[0.395s]   Given plugin description file
[0.395s]   '/home/kuba/PBL/src/odrive_ros2_control/odrive_hardware_interface.xml' does
[0.395s]   not exist
[0.395s] Call Stack (most recent call first):
[0.395s]   CMakeLists.txt:30 (pluginlib_export_plugin_description_file)
[0.396s] 
[0.396s] [0m
[0.396s] -- Configuring incomplete, errors occurred!
[0.396s] See also "/home/kuba/PBL/build/odrive_ros2_control/CMakeFiles/CMakeOutput.log".
[0.399s] gmake: *** [Makefile:226: cmake_check_build_system] Error 1
[0.400s] Invoked command in '/home/kuba/PBL/build/odrive_ros2_control' returned '2': CMAKE_PREFIX_PATH=${CMAKE_PREFIX_PATH}:/opt/ros/humble /usr/bin/cmake --build /home/kuba/PBL/build/odrive_ros2_control -- -j16 -l16
