[0.014s] Invoking command in '/home/kuba/PBL/build/pbl_description': CMAKE_PREFIX_PATH=${CMAKE_PREFIX_PATH}:/opt/ros/humble /usr/bin/cmake /home/kuba/PBL/src/pbl_description -DAMENT_CMAKE_SYMLINK_INSTALL=1 -DCMAKE_INSTALL_PREFIX=/home/kuba/PBL/install/pbl_description
[0.113s] -- The C compiler identification is GNU 11.4.0
[0.204s] -- The CXX compiler identification is GNU 11.4.0
[0.214s] -- Detecting C compiler ABI info
[0.289s] -- Detecting C compiler ABI info - done
[0.298s] -- Check for working C compiler: /usr/bin/cc - skipped
[0.298s] -- Detecting C compile features
[0.299s] -- Detecting C compile features - done
[0.304s] -- Detecting CXX compiler ABI info
[0.387s] -- Detecting CXX compiler ABI info - done
[0.396s] -- Check for working CXX compiler: /usr/bin/c++ - skipped
[0.397s] -- Detecting CXX compile features
[0.397s] -- Detecting CXX compile features - done
[0.403s] -- Found ament_cmake: 1.3.10 (/opt/ros/humble/share/ament_cmake/cmake)
[0.577s] -- Found Python3: /usr/bin/python3 (found version "3.10.12") found components: Interpreter 
[0.651s] -- Override CMake install command with custom implementation using symlinks instead of copying resources
[0.684s] -- Found ament_lint_auto: 0.12.11 (/opt/ros/humble/share/ament_lint_auto/cmake)
[0.776s] -- Added test 'lint_cmake' to check CMake code style
[0.777s] -- Added test 'xmllint' to check XML markup files
[0.779s] -- Configuring done
[0.781s] -- Generating done
[0.782s] -- Build files have been written to: /home/kuba/PBL/build/pbl_description
[0.789s] Invoked command in '/home/kuba/PBL/build/pbl_description' returned '0': CMAKE_PREFIX_PATH=${CMAKE_PREFIX_PATH}:/opt/ros/humble /usr/bin/cmake /home/kuba/PBL/src/pbl_description -DAMENT_CMAKE_SYMLINK_INSTALL=1 -DCMAKE_INSTALL_PREFIX=/home/kuba/PBL/install/pbl_description
[0.791s] Invoking command in '/home/kuba/PBL/build/pbl_description': CMAKE_PREFIX_PATH=${CMAKE_PREFIX_PATH}:/opt/ros/humble /usr/bin/cmake --build /home/kuba/PBL/build/pbl_description -- -j16 -l16
[0.839s] Invoked command in '/home/kuba/PBL/build/pbl_description' returned '0': CMAKE_PREFIX_PATH=${CMAKE_PREFIX_PATH}:/opt/ros/humble /usr/bin/cmake --build /home/kuba/PBL/build/pbl_description -- -j16 -l16
[0.874s] Invoking command in '/home/kuba/PBL/build/pbl_description': CMAKE_PREFIX_PATH=${CMAKE_PREFIX_PATH}:/opt/ros/humble /usr/bin/cmake --install /home/kuba/PBL/build/pbl_description
[0.883s] -- Install configuration: ""
[0.883s] -- Execute custom install script
[0.884s] -- Symlinking: /home/kuba/PBL/install/pbl_description/share/ament_index/resource_index/package_run_dependencies/pbl_description
[0.893s] -- Symlinking: /home/kuba/PBL/install/pbl_description/share/ament_index/resource_index/parent_prefix_path/pbl_description
[0.903s] -- Symlinking: /home/kuba/PBL/install/pbl_description/share/pbl_description/environment/ament_prefix_path.sh
[0.912s] -- Symlinking: /home/kuba/PBL/install/pbl_description/share/pbl_description/environment/ament_prefix_path.dsv
[0.923s] -- Symlinking: /home/kuba/PBL/install/pbl_description/share/pbl_description/environment/path.sh
[0.931s] -- Symlinking: /home/kuba/PBL/install/pbl_description/share/pbl_description/environment/path.dsv
[0.939s] -- Symlinking: /home/kuba/PBL/install/pbl_description/share/pbl_description/local_setup.bash
[0.948s] -- Symlinking: /home/kuba/PBL/install/pbl_description/share/pbl_description/local_setup.sh
[0.956s] -- Symlinking: /home/kuba/PBL/install/pbl_description/share/pbl_description/local_setup.zsh
[0.964s] -- Symlinking: /home/kuba/PBL/install/pbl_description/share/pbl_description/local_setup.dsv
[0.971s] -- Symlinking: /home/kuba/PBL/install/pbl_description/share/pbl_description/package.dsv
[0.979s] -- Symlinking: /home/kuba/PBL/install/pbl_description/share/ament_index/resource_index/packages/pbl_description
[0.988s] -- Symlinking: /home/kuba/PBL/install/pbl_description/share/pbl_description/cmake/pbl_descriptionConfig.cmake
[0.996s] -- Symlinking: /home/kuba/PBL/install/pbl_description/share/pbl_description/cmake/pbl_descriptionConfig-version.cmake
[1.004s] -- Symlinking: /home/kuba/PBL/install/pbl_description/share/pbl_description/package.xml
[1.035s] Invoked command in '/home/kuba/PBL/build/pbl_description' returned '0': CMAKE_PREFIX_PATH=${CMAKE_PREFIX_PATH}:/opt/ros/humble /usr/bin/cmake --install /home/kuba/PBL/build/pbl_description
