[0.016s] Invoking command in '/home/kuba/PBL/build/odrive_ros2_control': CMAKE_PREFIX_PATH=${CMAKE_PREFIX_PATH}:/opt/ros/humble /usr/bin/cmake --build /home/kuba/PBL/build/odrive_ros2_control -- -j16 -l16
[0.033s] -- Found ament_cmake: 1.3.10 (/opt/ros/humble/share/ament_cmake/cmake)
[0.129s] -- Override CMake install command with custom implementation using symlinks instead of copying resources
[0.134s] -- Found rclcpp: 16.0.10 (/opt/ros/humble/share/rclcpp/cmake)
[0.155s] -- Found rosidl_generator_c: 3.1.5 (/opt/ros/humble/share/rosidl_generator_c/cmake)
[0.157s] -- Found rosidl_adapter: 3.1.5 (/opt/ros/humble/share/rosidl_adapter/cmake)
[0.162s] -- Found rosidl_generator_cpp: 3.1.5 (/opt/ros/humble/share/rosidl_generator_cpp/cmake)
[0.169s] -- Using all available rosidl_typesupport_c: rosidl_typesupport_fastrtps_c;rosidl_typesupport_introspection_c
[0.178s] -- Using all available rosidl_typesupport_cpp: rosidl_typesupport_fastrtps_cpp;rosidl_typesupport_introspection_cpp
[0.203s] -- Found rmw_implementation_cmake: 6.1.2 (/opt/ros/humble/share/rmw_implementation_cmake/cmake)
[0.204s] -- Found rmw_cyclonedds_cpp: 1.3.4 (/opt/ros/humble/share/rmw_cyclonedds_cpp/cmake)
[0.218s] -- Using RMW implementation 'rmw_cyclonedds_cpp' as default
[0.257s] -- Found ament_cmake_auto: 1.3.10 (/opt/ros/humble/share/ament_cmake_auto/cmake)
[0.404s] -- Configuring done
[0.406s] [31mCMake Error at /opt/ros/humble/share/ament_cmake_auto/cmake/ament_auto_add_library.cmake:66 (add_library):
[0.406s]   Cannot find source file:
[0.406s] 
[0.406s]     ../odrive_base/src/epoll_event_loop.cpp
[0.406s] 
[0.406s]   Tried extensions .c .C .c++ .cc .cpp .cxx .cu .mpp .m .M .mm .ixx .cppm .h
[0.406s]   .hh .h++ .hm .hpp .hxx .in .txx .f .F .for .f77 .f90 .f95 .f03 .hip .ispc
[0.406s] Call Stack (most recent call first):
[0.406s]   CMakeLists.txt:19 (ament_auto_add_library)
[0.406s] 
[0.406s] [0m
[0.407s] [31mCMake Error at /opt/ros/humble/share/ament_cmake_auto/cmake/ament_auto_add_library.cmake:66 (add_library):
[0.408s]   No SOURCES given to target: odrive_ros2_control_plugin
[0.408s] Call Stack (most recent call first):
[0.408s]   CMakeLists.txt:19 (ament_auto_add_library)
[0.408s] 
[0.408s] [0m
[0.408s] [0mCMake Generate step failed.  Build files cannot be regenerated correctly.[0m
[0.411s] gmake: *** [Makefile:226: cmake_check_build_system] Error 1
[0.412s] Invoked command in '/home/kuba/PBL/build/odrive_ros2_control' returned '2': CMAKE_PREFIX_PATH=${CMAKE_PREFIX_PATH}:/opt/ros/humble /usr/bin/cmake --build /home/kuba/PBL/build/odrive_ros2_control -- -j16 -l16
