[0.011s] Invoking command in '/home/kuba/PBL/build/pbl_description': CMAKE_PREFIX_PATH=${CMAKE_PREFIX_PATH}:/opt/ros/humble /usr/bin/cmake --build /home/kuba/PBL/build/pbl_description -- -j16 -l16
[0.067s] Invoked command in '/home/kuba/PBL/build/pbl_description' returned '0': CMAKE_PREFIX_PATH=${CMAKE_PREFIX_PATH}:/opt/ros/humble /usr/bin/cmake --build /home/kuba/PBL/build/pbl_description -- -j16 -l16
[0.088s] Invoking command in '/home/kuba/PBL/build/pbl_description': CMAKE_PREFIX_PATH=${CMAKE_PREFIX_PATH}:/opt/ros/humble /usr/bin/cmake --install /home/kuba/PBL/build/pbl_description
[0.092s] -- Install configuration: ""
[0.093s] -- Execute custom install script
[0.095s] -- Up-to-date symlink: /home/kuba/PBL/install/pbl_description/share/pbl_description//urdf/common_properties.urdf.xacro
[0.095s] -- Up-to-date symlink: /home/kuba/PBL/install/pbl_description/share/pbl_description//urdf/mobile_base.urdf.xacro
[0.096s] -- Up-to-date symlink: /home/kuba/PBL/install/pbl_description/share/pbl_description//urdf/salamanca.urdf.xacro
[0.096s] -- Up-to-date symlink: /home/kuba/PBL/install/pbl_description/share/pbl_description//launch/pbl_salamanca_display.launch.xml
[0.097s] -- Up-to-date symlink: /home/kuba/PBL/install/pbl_description/share/pbl_description//rviz/pbl_rviz_config.rviz
[0.098s] -- Up-to-date symlink: /home/kuba/PBL/install/pbl_description/share/ament_index/resource_index/package_run_dependencies/pbl_description
[0.098s] -- Up-to-date symlink: /home/kuba/PBL/install/pbl_description/share/ament_index/resource_index/parent_prefix_path/pbl_description
[0.099s] -- Up-to-date symlink: /home/kuba/PBL/install/pbl_description/share/pbl_description/environment/ament_prefix_path.sh
[0.099s] -- Up-to-date symlink: /home/kuba/PBL/install/pbl_description/share/pbl_description/environment/ament_prefix_path.dsv
[0.099s] -- Up-to-date symlink: /home/kuba/PBL/install/pbl_description/share/pbl_description/environment/path.sh
[0.100s] -- Up-to-date symlink: /home/kuba/PBL/install/pbl_description/share/pbl_description/environment/path.dsv
[0.100s] -- Up-to-date symlink: /home/kuba/PBL/install/pbl_description/share/pbl_description/local_setup.bash
[0.100s] -- Up-to-date symlink: /home/kuba/PBL/install/pbl_description/share/pbl_description/local_setup.sh
[0.100s] -- Up-to-date symlink: /home/kuba/PBL/install/pbl_description/share/pbl_description/local_setup.zsh
[0.101s] -- Up-to-date symlink: /home/kuba/PBL/install/pbl_description/share/pbl_description/local_setup.dsv
[0.101s] -- Symlinking: /home/kuba/PBL/install/pbl_description/share/pbl_description/package.dsv
[0.108s] -- Up-to-date symlink: /home/kuba/PBL/install/pbl_description/share/ament_index/resource_index/packages/pbl_description
[0.108s] -- Up-to-date symlink: /home/kuba/PBL/install/pbl_description/share/pbl_description/cmake/pbl_descriptionConfig.cmake
[0.108s] -- Up-to-date symlink: /home/kuba/PBL/install/pbl_description/share/pbl_description/cmake/pbl_descriptionConfig-version.cmake
[0.108s] -- Up-to-date symlink: /home/kuba/PBL/install/pbl_description/share/pbl_description/package.xml
[0.122s] Invoked command in '/home/kuba/PBL/build/pbl_description' returned '0': CMAKE_PREFIX_PATH=${CMAKE_PREFIX_PATH}:/opt/ros/humble /usr/bin/cmake --install /home/kuba/PBL/build/pbl_description
