[0.017s] Invoking command in '/home/kuba/PBL/build/odrive': CMAKE_PREFIX_PATH=${CMAKE_PREFIX_PATH}:/opt/ros/humble /usr/bin/cmake --build /home/kuba/PBL/build/odrive -- -j16 -l16
[0.035s] -- Found ament_cmake: 1.3.10 (/opt/ros/humble/share/ament_cmake/cmake)
[0.128s] -- Override CMake install command with custom implementation using symlinks instead of copying resources
[0.135s] -- Found ament_lint_auto: 0.12.11 (/opt/ros/humble/share/ament_lint_auto/cmake)
[0.189s] -- Added test 'cppcheck' to perform static code analysis on C / C++ code
[0.189s] -- Configured cppcheck include dirs: 
[0.189s] -- Configured cppcheck exclude dirs and/or files: 
[0.190s] -- Added test 'flake8' to check Python code syntax and style conventions
[0.191s] -- Added test 'lint_cmake' to check CMake code style
[0.192s] -- Added test 'pep257' to check Python code against some of the docstring style conventions in PEP 257
[0.195s] -- Added test 'uncrustify' to check C / C++ code style
[0.195s] -- Configured uncrustify additional arguments: 
[0.196s] -- Added test 'xmllint' to check XML markup files
[0.197s] -- Configuring done
[0.200s] -- Generating done
[0.201s] -- Build files have been written to: /home/kuba/PBL/build/odrive
[0.217s] Invoked command in '/home/kuba/PBL/build/odrive' returned '0': CMAKE_PREFIX_PATH=${CMAKE_PREFIX_PATH}:/opt/ros/humble /usr/bin/cmake --build /home/kuba/PBL/build/odrive -- -j16 -l16
[0.232s] Invoking command in '/home/kuba/PBL/build/odrive': CMAKE_PREFIX_PATH=${CMAKE_PREFIX_PATH}:/opt/ros/humble /usr/bin/cmake --install /home/kuba/PBL/build/odrive
[0.238s] -- Install configuration: ""
[0.238s] -- Execute custom install script
[0.238s] [31mCMake Error at ament_cmake_symlink_install/ament_cmake_symlink_install.cmake:100 (message):
[0.238s]   ament_cmake_symlink_install_directory() can't find
[0.238s]   '/home/kuba/PBL/src/odrive/description/urdf'
[0.238s] Call Stack (most recent call first):
[0.238s]   ament_cmake_symlink_install/ament_cmake_symlink_install.cmake:314 (ament_cmake_symlink_install_directory)
[0.238s]   cmake_install.cmake:46 (include)
[0.238s] 
[0.238s] [0m
[0.239s] Invoked command in '/home/kuba/PBL/build/odrive' returned '1': CMAKE_PREFIX_PATH=${CMAKE_PREFIX_PATH}:/opt/ros/humble /usr/bin/cmake --install /home/kuba/PBL/build/odrive
