[0.076s] DEBUG:colcon:Command line arguments: ['/usr/bin/colcon', 'build', '--symlink-install']
[0.076s] DEBUG:colcon:Parsed command line arguments: Namespace(log_base=None, log_level=None, verb_name='build', build_base='build', install_base='install', merge_install=False, symlink_install=True, test_result_base=None, continue_on_error=False, executor='parallel', parallel_workers=16, event_handlers=None, ignore_user_meta=False, metas=['./colcon.meta'], base_paths=['.'], packages_ignore=None, packages_ignore_regex=None, paths=None, packages_up_to=None, packages_up_to_regex=None, packages_above=None, packages_above_and_dependencies=None, packages_above_depth=None, packages_select_by_dep=None, packages_skip_by_dep=None, packages_skip_up_to=None, packages_select_build_failed=False, packages_skip_build_finished=False, packages_select_test_failures=False, packages_skip_test_passed=False, packages_select=None, packages_skip=None, packages_select_regex=None, packages_skip_regex=None, packages_start=None, packages_end=None, allow_overriding=[], cmake_args=None, cmake_target=None, cmake_target_skip_unavailable=False, cmake_clean_cache=False, cmake_clean_first=False, cmake_force_configure=False, ament_cmake_args=None, catkin_cmake_args=None, catkin_skip_building_tests=False, verb_parser=<colcon_defaults.argument_parser.defaults.DefaultArgumentsDecorator object at 0x7ea455744c10>, verb_extension=<colcon_core.verb.build.BuildVerb object at 0x7ea455744700>, main=<bound method BuildVerb.main of <colcon_core.verb.build.BuildVerb object at 0x7ea455744700>>)
[0.200s] Level 1:colcon.colcon_core.package_discovery:discover_packages(colcon_meta) check parameters
[0.200s] Level 1:colcon.colcon_core.package_discovery:discover_packages(recursive) check parameters
[0.200s] Level 1:colcon.colcon_core.package_discovery:discover_packages(ignore) check parameters
[0.200s] Level 1:colcon.colcon_core.package_discovery:discover_packages(path) check parameters
[0.200s] Level 1:colcon.colcon_core.package_discovery:discover_packages(colcon_meta) discover
[0.200s] Level 1:colcon.colcon_core.package_discovery:discover_packages(recursive) discover
[0.200s] INFO:colcon.colcon_core.package_discovery:Crawling recursively for packages in '/home/kuba/PBL'
[0.200s] Level 1:colcon.colcon_core.package_identification:_identify(.) by extensions ['ignore', 'ignore_ament_install']
[0.200s] Level 1:colcon.colcon_core.package_identification:_identify(.) by extension 'ignore'
[0.200s] Level 1:colcon.colcon_core.package_identification:_identify(.) by extension 'ignore_ament_install'
[0.200s] Level 1:colcon.colcon_core.package_identification:_identify(.) by extensions ['colcon_pkg']
[0.200s] Level 1:colcon.colcon_core.package_identification:_identify(.) by extension 'colcon_pkg'
[0.200s] Level 1:colcon.colcon_core.package_identification:_identify(.) by extensions ['colcon_meta']
[0.200s] Level 1:colcon.colcon_core.package_identification:_identify(.) by extension 'colcon_meta'
[0.200s] Level 1:colcon.colcon_core.package_identification:_identify(.) by extensions ['ros']
[0.200s] Level 1:colcon.colcon_core.package_identification:_identify(.) by extension 'ros'
[0.209s] Level 1:colcon.colcon_core.package_identification:_identify(.) by extensions ['cmake', 'python']
[0.209s] Level 1:colcon.colcon_core.package_identification:_identify(.) by extension 'cmake'
[0.209s] Level 1:colcon.colcon_core.package_identification:_identify(.) by extension 'python'
[0.209s] Level 1:colcon.colcon_core.package_identification:_identify(.) by extensions ['python_setup_py']
[0.209s] Level 1:colcon.colcon_core.package_identification:_identify(.) by extension 'python_setup_py'
[0.209s] Level 1:colcon.colcon_core.package_identification:_identify(build) by extensions ['ignore', 'ignore_ament_install']
[0.209s] Level 1:colcon.colcon_core.package_identification:_identify(build) by extension 'ignore'
[0.209s] Level 1:colcon.colcon_core.package_identification:_identify(build) ignored
[0.209s] Level 1:colcon.colcon_core.package_identification:_identify(install) by extensions ['ignore', 'ignore_ament_install']
[0.209s] Level 1:colcon.colcon_core.package_identification:_identify(install) by extension 'ignore'
[0.209s] Level 1:colcon.colcon_core.package_identification:_identify(install) ignored
[0.209s] Level 1:colcon.colcon_core.package_identification:_identify(log) by extensions ['ignore', 'ignore_ament_install']
[0.209s] Level 1:colcon.colcon_core.package_identification:_identify(log) by extension 'ignore'
[0.209s] Level 1:colcon.colcon_core.package_identification:_identify(log) ignored
[0.210s] Level 1:colcon.colcon_core.package_identification:_identify(src) by extensions ['ignore', 'ignore_ament_install']
[0.210s] Level 1:colcon.colcon_core.package_identification:_identify(src) by extension 'ignore'
[0.210s] Level 1:colcon.colcon_core.package_identification:_identify(src) by extension 'ignore_ament_install'
[0.210s] Level 1:colcon.colcon_core.package_identification:_identify(src) by extensions ['colcon_pkg']
[0.210s] Level 1:colcon.colcon_core.package_identification:_identify(src) by extension 'colcon_pkg'
[0.210s] Level 1:colcon.colcon_core.package_identification:_identify(src) by extensions ['colcon_meta']
[0.210s] Level 1:colcon.colcon_core.package_identification:_identify(src) by extension 'colcon_meta'
[0.210s] Level 1:colcon.colcon_core.package_identification:_identify(src) by extensions ['ros']
[0.210s] Level 1:colcon.colcon_core.package_identification:_identify(src) by extension 'ros'
[0.210s] Level 1:colcon.colcon_core.package_identification:_identify(src) by extensions ['cmake', 'python']
[0.210s] Level 1:colcon.colcon_core.package_identification:_identify(src) by extension 'cmake'
[0.210s] Level 1:colcon.colcon_core.package_identification:_identify(src) by extension 'python'
[0.210s] Level 1:colcon.colcon_core.package_identification:_identify(src) by extensions ['python_setup_py']
[0.210s] Level 1:colcon.colcon_core.package_identification:_identify(src) by extension 'python_setup_py'
[0.210s] Level 1:colcon.colcon_core.package_identification:_identify(src/odrive_ros2_control) by extensions ['ignore', 'ignore_ament_install']
[0.210s] Level 1:colcon.colcon_core.package_identification:_identify(src/odrive_ros2_control) by extension 'ignore'
[0.210s] Level 1:colcon.colcon_core.package_identification:_identify(src/odrive_ros2_control) by extension 'ignore_ament_install'
[0.210s] Level 1:colcon.colcon_core.package_identification:_identify(src/odrive_ros2_control) by extensions ['colcon_pkg']
[0.210s] Level 1:colcon.colcon_core.package_identification:_identify(src/odrive_ros2_control) by extension 'colcon_pkg'
[0.210s] Level 1:colcon.colcon_core.package_identification:_identify(src/odrive_ros2_control) by extensions ['colcon_meta']
[0.210s] Level 1:colcon.colcon_core.package_identification:_identify(src/odrive_ros2_control) by extension 'colcon_meta'
[0.210s] Level 1:colcon.colcon_core.package_identification:_identify(src/odrive_ros2_control) by extensions ['ros']
[0.211s] Level 1:colcon.colcon_core.package_identification:_identify(src/odrive_ros2_control) by extension 'ros'
[0.212s] DEBUG:colcon.colcon_core.package_identification:Package 'src/odrive_ros2_control' with type 'ros.ament_cmake' and name 'odrive_ros2_control'
[0.213s] Level 1:colcon.colcon_core.package_identification:_identify(src/pbl_bringup) by extensions ['ignore', 'ignore_ament_install']
[0.213s] Level 1:colcon.colcon_core.package_identification:_identify(src/pbl_bringup) by extension 'ignore'
[0.213s] Level 1:colcon.colcon_core.package_identification:_identify(src/pbl_bringup) by extension 'ignore_ament_install'
[0.213s] Level 1:colcon.colcon_core.package_identification:_identify(src/pbl_bringup) by extensions ['colcon_pkg']
[0.213s] Level 1:colcon.colcon_core.package_identification:_identify(src/pbl_bringup) by extension 'colcon_pkg'
[0.213s] Level 1:colcon.colcon_core.package_identification:_identify(src/pbl_bringup) by extensions ['colcon_meta']
[0.213s] Level 1:colcon.colcon_core.package_identification:_identify(src/pbl_bringup) by extension 'colcon_meta'
[0.213s] Level 1:colcon.colcon_core.package_identification:_identify(src/pbl_bringup) by extensions ['ros']
[0.213s] Level 1:colcon.colcon_core.package_identification:_identify(src/pbl_bringup) by extension 'ros'
[0.213s] DEBUG:colcon.colcon_core.package_identification:Package 'src/pbl_bringup' with type 'ros.ament_cmake' and name 'pbl_bringup'
[0.213s] Level 1:colcon.colcon_core.package_identification:_identify(src/pbl_description) by extensions ['ignore', 'ignore_ament_install']
[0.213s] Level 1:colcon.colcon_core.package_identification:_identify(src/pbl_description) by extension 'ignore'
[0.214s] Level 1:colcon.colcon_core.package_identification:_identify(src/pbl_description) by extension 'ignore_ament_install'
[0.214s] Level 1:colcon.colcon_core.package_identification:_identify(src/pbl_description) by extensions ['colcon_pkg']
[0.214s] Level 1:colcon.colcon_core.package_identification:_identify(src/pbl_description) by extension 'colcon_pkg'
[0.214s] Level 1:colcon.colcon_core.package_identification:_identify(src/pbl_description) by extensions ['colcon_meta']
[0.214s] Level 1:colcon.colcon_core.package_identification:_identify(src/pbl_description) by extension 'colcon_meta'
[0.214s] Level 1:colcon.colcon_core.package_identification:_identify(src/pbl_description) by extensions ['ros']
[0.214s] Level 1:colcon.colcon_core.package_identification:_identify(src/pbl_description) by extension 'ros'
[0.214s] DEBUG:colcon.colcon_core.package_identification:Package 'src/pbl_description' with type 'ros.ament_cmake' and name 'pbl_description'
[0.214s] Level 1:colcon.colcon_core.package_discovery:discover_packages(recursive) using defaults
[0.214s] Level 1:colcon.colcon_core.package_discovery:discover_packages(ignore) discover
[0.214s] Level 1:colcon.colcon_core.package_discovery:discover_packages(ignore) using defaults
[0.214s] Level 1:colcon.colcon_core.package_discovery:discover_packages(path) discover
[0.214s] Level 1:colcon.colcon_core.package_discovery:discover_packages(path) using defaults
[0.229s] Level 1:colcon.colcon_core.package_discovery:discover_packages(prefix_path) check parameters
[0.229s] Level 1:colcon.colcon_core.package_discovery:discover_packages(prefix_path) discover
[0.231s] DEBUG:colcon.colcon_installed_package_information.package_discovery:Found 3 installed packages in /home/kuba/PBL/install
[0.231s] DEBUG:colcon.colcon_installed_package_information.package_discovery:Found 3 installed packages in /home/kuba/PBL_SLAM_ws/install
[0.232s] DEBUG:colcon.colcon_installed_package_information.package_discovery:Found 378 installed packages in /opt/ros/humble
[0.239s] Level 1:colcon.colcon_core.package_discovery:discover_packages(prefix_path) using defaults
[0.274s] Level 5:colcon.colcon_core.verb:set package 'odrive_ros2_control' build argument 'cmake_args' from command line to 'None'
[0.274s] Level 5:colcon.colcon_core.verb:set package 'odrive_ros2_control' build argument 'cmake_target' from command line to 'None'
[0.274s] Level 5:colcon.colcon_core.verb:set package 'odrive_ros2_control' build argument 'cmake_target_skip_unavailable' from command line to 'False'
[0.274s] Level 5:colcon.colcon_core.verb:set package 'odrive_ros2_control' build argument 'cmake_clean_cache' from command line to 'False'
[0.274s] Level 5:colcon.colcon_core.verb:set package 'odrive_ros2_control' build argument 'cmake_clean_first' from command line to 'False'
[0.274s] Level 5:colcon.colcon_core.verb:set package 'odrive_ros2_control' build argument 'cmake_force_configure' from command line to 'False'
[0.274s] Level 5:colcon.colcon_core.verb:set package 'odrive_ros2_control' build argument 'ament_cmake_args' from command line to 'None'
[0.274s] Level 5:colcon.colcon_core.verb:set package 'odrive_ros2_control' build argument 'catkin_cmake_args' from command line to 'None'
[0.274s] Level 5:colcon.colcon_core.verb:set package 'odrive_ros2_control' build argument 'catkin_skip_building_tests' from command line to 'False'
[0.274s] DEBUG:colcon.colcon_core.verb:Building package 'odrive_ros2_control' with the following arguments: {'ament_cmake_args': None, 'build_base': '/home/kuba/PBL/build/odrive_ros2_control', 'catkin_cmake_args': None, 'catkin_skip_building_tests': False, 'cmake_args': None, 'cmake_clean_cache': False, 'cmake_clean_first': False, 'cmake_force_configure': False, 'cmake_target': None, 'cmake_target_skip_unavailable': False, 'install_base': '/home/kuba/PBL/install/odrive_ros2_control', 'merge_install': False, 'path': '/home/kuba/PBL/src/odrive_ros2_control', 'symlink_install': True, 'test_result_base': None}
[0.275s] Level 5:colcon.colcon_core.verb:set package 'pbl_bringup' build argument 'cmake_args' from command line to 'None'
[0.275s] Level 5:colcon.colcon_core.verb:set package 'pbl_bringup' build argument 'cmake_target' from command line to 'None'
[0.275s] Level 5:colcon.colcon_core.verb:set package 'pbl_bringup' build argument 'cmake_target_skip_unavailable' from command line to 'False'
[0.275s] Level 5:colcon.colcon_core.verb:set package 'pbl_bringup' build argument 'cmake_clean_cache' from command line to 'False'
[0.275s] Level 5:colcon.colcon_core.verb:set package 'pbl_bringup' build argument 'cmake_clean_first' from command line to 'False'
[0.275s] Level 5:colcon.colcon_core.verb:set package 'pbl_bringup' build argument 'cmake_force_configure' from command line to 'False'
[0.275s] Level 5:colcon.colcon_core.verb:set package 'pbl_bringup' build argument 'ament_cmake_args' from command line to 'None'
[0.275s] Level 5:colcon.colcon_core.verb:set package 'pbl_bringup' build argument 'catkin_cmake_args' from command line to 'None'
[0.275s] Level 5:colcon.colcon_core.verb:set package 'pbl_bringup' build argument 'catkin_skip_building_tests' from command line to 'False'
[0.275s] DEBUG:colcon.colcon_core.verb:Building package 'pbl_bringup' with the following arguments: {'ament_cmake_args': None, 'build_base': '/home/kuba/PBL/build/pbl_bringup', 'catkin_cmake_args': None, 'catkin_skip_building_tests': False, 'cmake_args': None, 'cmake_clean_cache': False, 'cmake_clean_first': False, 'cmake_force_configure': False, 'cmake_target': None, 'cmake_target_skip_unavailable': False, 'install_base': '/home/kuba/PBL/install/pbl_bringup', 'merge_install': False, 'path': '/home/kuba/PBL/src/pbl_bringup', 'symlink_install': True, 'test_result_base': None}
[0.275s] Level 5:colcon.colcon_core.verb:set package 'pbl_description' build argument 'cmake_args' from command line to 'None'
[0.275s] Level 5:colcon.colcon_core.verb:set package 'pbl_description' build argument 'cmake_target' from command line to 'None'
[0.275s] Level 5:colcon.colcon_core.verb:set package 'pbl_description' build argument 'cmake_target_skip_unavailable' from command line to 'False'
[0.275s] Level 5:colcon.colcon_core.verb:set package 'pbl_description' build argument 'cmake_clean_cache' from command line to 'False'
[0.276s] Level 5:colcon.colcon_core.verb:set package 'pbl_description' build argument 'cmake_clean_first' from command line to 'False'
[0.276s] Level 5:colcon.colcon_core.verb:set package 'pbl_description' build argument 'cmake_force_configure' from command line to 'False'
[0.276s] Level 5:colcon.colcon_core.verb:set package 'pbl_description' build argument 'ament_cmake_args' from command line to 'None'
[0.276s] Level 5:colcon.colcon_core.verb:set package 'pbl_description' build argument 'catkin_cmake_args' from command line to 'None'
[0.276s] Level 5:colcon.colcon_core.verb:set package 'pbl_description' build argument 'catkin_skip_building_tests' from command line to 'False'
[0.276s] DEBUG:colcon.colcon_core.verb:Building package 'pbl_description' with the following arguments: {'ament_cmake_args': None, 'build_base': '/home/kuba/PBL/build/pbl_description', 'catkin_cmake_args': None, 'catkin_skip_building_tests': False, 'cmake_args': None, 'cmake_clean_cache': False, 'cmake_clean_first': False, 'cmake_force_configure': False, 'cmake_target': None, 'cmake_target_skip_unavailable': False, 'install_base': '/home/kuba/PBL/install/pbl_description', 'merge_install': False, 'path': '/home/kuba/PBL/src/pbl_description', 'symlink_install': True, 'test_result_base': None}
[0.276s] INFO:colcon.colcon_core.executor:Executing jobs using 'parallel' executor
[0.277s] DEBUG:colcon.colcon_parallel_executor.executor.parallel:run_until_complete
[0.277s] INFO:colcon.colcon_ros.task.ament_cmake.build:Building ROS package in '/home/kuba/PBL/src/odrive_ros2_control' with build type 'ament_cmake'
[0.277s] INFO:colcon.colcon_cmake.task.cmake.build:Building CMake package in '/home/kuba/PBL/src/odrive_ros2_control'
[0.279s] INFO:colcon.colcon_core.plugin_system:Skipping extension 'colcon_core.shell.bat': Not used on non-Windows systems
[0.279s] INFO:colcon.colcon_core.shell:Skip shell extension 'powershell' for command environment: Not usable outside of PowerShell
[0.279s] DEBUG:colcon.colcon_core.shell:Skip shell extension 'dsv' for command environment
[0.282s] INFO:colcon.colcon_ros.task.ament_cmake.build:Building ROS package in '/home/kuba/PBL/src/pbl_bringup' with build type 'ament_cmake'
[0.283s] INFO:colcon.colcon_cmake.task.cmake.build:Building CMake package in '/home/kuba/PBL/src/pbl_bringup'
[0.283s] INFO:colcon.colcon_core.shell:Skip shell extension 'powershell' for command environment: Not usable outside of PowerShell
[0.283s] DEBUG:colcon.colcon_core.shell:Skip shell extension 'dsv' for command environment
[0.286s] INFO:colcon.colcon_ros.task.ament_cmake.build:Building ROS package in '/home/kuba/PBL/src/pbl_description' with build type 'ament_cmake'
[0.286s] INFO:colcon.colcon_cmake.task.cmake.build:Building CMake package in '/home/kuba/PBL/src/pbl_description'
[0.286s] INFO:colcon.colcon_core.shell:Skip shell extension 'powershell' for command environment: Not usable outside of PowerShell
[0.286s] DEBUG:colcon.colcon_core.shell:Skip shell extension 'dsv' for command environment
[0.294s] DEBUG:colcon.colcon_core.event_handler.log_command:Invoking command in '/home/kuba/PBL/build/odrive_ros2_control': CMAKE_PREFIX_PATH=${CMAKE_PREFIX_PATH}:/opt/ros/humble /usr/bin/cmake /home/kuba/PBL/src/odrive_ros2_control -DAMENT_CMAKE_SYMLINK_INSTALL=1 -DCMAKE_INSTALL_PREFIX=/home/kuba/PBL/install/odrive_ros2_control
[0.298s] DEBUG:colcon.colcon_core.event_handler.log_command:Invoking command in '/home/kuba/PBL/build/pbl_bringup': CMAKE_PREFIX_PATH=${CMAKE_PREFIX_PATH}:/opt/ros/humble /usr/bin/cmake --build /home/kuba/PBL/build/pbl_bringup -- -j16 -l16
[0.300s] DEBUG:colcon.colcon_core.event_handler.log_command:Invoking command in '/home/kuba/PBL/build/pbl_description': CMAKE_PREFIX_PATH=${CMAKE_PREFIX_PATH}:/opt/ros/humble /usr/bin/cmake --build /home/kuba/PBL/build/pbl_description -- -j16 -l16
[0.324s] DEBUG:colcon.colcon_core.event_handler.log_command:Invoked command in '/home/kuba/PBL/build/pbl_bringup' returned '0': CMAKE_PREFIX_PATH=${CMAKE_PREFIX_PATH}:/opt/ros/humble /usr/bin/cmake --build /home/kuba/PBL/build/pbl_bringup -- -j16 -l16
[0.327s] DEBUG:colcon.colcon_core.event_handler.log_command:Invoked command in '/home/kuba/PBL/build/pbl_description' returned '0': CMAKE_PREFIX_PATH=${CMAKE_PREFIX_PATH}:/opt/ros/humble /usr/bin/cmake --build /home/kuba/PBL/build/pbl_description -- -j16 -l16
[0.347s] DEBUG:colcon.colcon_core.event_handler.log_command:Invoking command in '/home/kuba/PBL/build/pbl_bringup': CMAKE_PREFIX_PATH=${CMAKE_PREFIX_PATH}:/opt/ros/humble /usr/bin/cmake --install /home/kuba/PBL/build/pbl_bringup
[0.348s] DEBUG:colcon.colcon_core.event_handler.log_command:Invoking command in '/home/kuba/PBL/build/pbl_description': CMAKE_PREFIX_PATH=${CMAKE_PREFIX_PATH}:/opt/ros/humble /usr/bin/cmake --install /home/kuba/PBL/build/pbl_description
[0.363s] Level 1:colcon.colcon_core.environment:create_environment_scripts_only(pbl_bringup)
[0.363s] DEBUG:colcon.colcon_core.event_handler.log_command:Invoked command in '/home/kuba/PBL/build/pbl_bringup' returned '0': CMAKE_PREFIX_PATH=${CMAKE_PREFIX_PATH}:/opt/ros/humble /usr/bin/cmake --install /home/kuba/PBL/build/pbl_bringup
[0.365s] Level 1:colcon.colcon_core.environment:checking '/home/kuba/PBL/install/pbl_bringup' for CMake module files
[0.365s] Level 1:colcon.colcon_core.environment:checking '/home/kuba/PBL/install/pbl_bringup' for CMake config files
[0.366s] Level 1:colcon.colcon_core.shell:create_environment_hook('pbl_bringup', 'cmake_prefix_path')
[0.366s] INFO:colcon.colcon_core.shell:Creating environment hook '/home/kuba/PBL/install/pbl_bringup/share/pbl_bringup/hook/cmake_prefix_path.ps1'
[0.366s] INFO:colcon.colcon_core.shell:Creating environment descriptor '/home/kuba/PBL/install/pbl_bringup/share/pbl_bringup/hook/cmake_prefix_path.dsv'
[0.367s] INFO:colcon.colcon_core.shell:Creating environment hook '/home/kuba/PBL/install/pbl_bringup/share/pbl_bringup/hook/cmake_prefix_path.sh'
[0.367s] Level 1:colcon.colcon_core.environment:checking '/home/kuba/PBL/install/pbl_bringup/bin'
[0.368s] Level 1:colcon.colcon_core.environment:checking '/home/kuba/PBL/install/pbl_bringup/lib/pkgconfig/pbl_bringup.pc'
[0.368s] Level 1:colcon.colcon_core.environment:checking '/home/kuba/PBL/install/pbl_bringup/lib/python3.10/site-packages'
[0.368s] Level 1:colcon.colcon_core.environment:checking '/home/kuba/PBL/install/pbl_bringup/bin'
[0.368s] INFO:colcon.colcon_core.shell:Creating package script '/home/kuba/PBL/install/pbl_bringup/share/pbl_bringup/package.ps1'
[0.369s] INFO:colcon.colcon_core.shell:Creating package descriptor '/home/kuba/PBL/install/pbl_bringup/share/pbl_bringup/package.dsv'
[0.369s] INFO:colcon.colcon_core.shell:Creating package script '/home/kuba/PBL/install/pbl_bringup/share/pbl_bringup/package.sh'
[0.370s] INFO:colcon.colcon_core.shell:Creating package script '/home/kuba/PBL/install/pbl_bringup/share/pbl_bringup/package.bash'
[0.370s] INFO:colcon.colcon_core.shell:Creating package script '/home/kuba/PBL/install/pbl_bringup/share/pbl_bringup/package.zsh'
[0.371s] Level 1:colcon.colcon_core.environment:create_file_with_runtime_dependencies(/home/kuba/PBL/install/pbl_bringup/share/colcon-core/packages/pbl_bringup)
[0.372s] Level 1:colcon.colcon_core.environment:create_environment_scripts_only(pbl_description)
[0.372s] Level 1:colcon.colcon_core.environment:checking '/home/kuba/PBL/install/pbl_description' for CMake module files
[0.373s] DEBUG:colcon.colcon_core.event_handler.log_command:Invoked command in '/home/kuba/PBL/build/pbl_description' returned '0': CMAKE_PREFIX_PATH=${CMAKE_PREFIX_PATH}:/opt/ros/humble /usr/bin/cmake --install /home/kuba/PBL/build/pbl_description
[0.373s] Level 1:colcon.colcon_core.environment:checking '/home/kuba/PBL/install/pbl_description' for CMake config files
[0.373s] Level 1:colcon.colcon_core.shell:create_environment_hook('pbl_description', 'cmake_prefix_path')
[0.373s] INFO:colcon.colcon_core.shell:Creating environment hook '/home/kuba/PBL/install/pbl_description/share/pbl_description/hook/cmake_prefix_path.ps1'
[0.374s] INFO:colcon.colcon_core.shell:Creating environment descriptor '/home/kuba/PBL/install/pbl_description/share/pbl_description/hook/cmake_prefix_path.dsv'
[0.374s] INFO:colcon.colcon_core.shell:Creating environment hook '/home/kuba/PBL/install/pbl_description/share/pbl_description/hook/cmake_prefix_path.sh'
[0.375s] Level 1:colcon.colcon_core.environment:checking '/home/kuba/PBL/install/pbl_description/bin'
[0.375s] Level 1:colcon.colcon_core.environment:checking '/home/kuba/PBL/install/pbl_description/lib/pkgconfig/pbl_description.pc'
[0.375s] Level 1:colcon.colcon_core.environment:checking '/home/kuba/PBL/install/pbl_description/lib/python3.10/site-packages'
[0.375s] Level 1:colcon.colcon_core.environment:checking '/home/kuba/PBL/install/pbl_description/bin'
[0.376s] INFO:colcon.colcon_core.shell:Creating package script '/home/kuba/PBL/install/pbl_description/share/pbl_description/package.ps1'
[0.376s] INFO:colcon.colcon_core.shell:Creating package descriptor '/home/kuba/PBL/install/pbl_description/share/pbl_description/package.dsv'
[0.376s] INFO:colcon.colcon_core.shell:Creating package script '/home/kuba/PBL/install/pbl_description/share/pbl_description/package.sh'
[0.377s] INFO:colcon.colcon_core.shell:Creating package script '/home/kuba/PBL/install/pbl_description/share/pbl_description/package.bash'
[0.377s] INFO:colcon.colcon_core.shell:Creating package script '/home/kuba/PBL/install/pbl_description/share/pbl_description/package.zsh'
[0.378s] Level 1:colcon.colcon_core.environment:create_file_with_runtime_dependencies(/home/kuba/PBL/install/pbl_description/share/colcon-core/packages/pbl_description)
[0.385s] Level 1:colcon.colcon_core.environment:create_environment_scripts_only(pbl_bringup)
[0.386s] Level 1:colcon.colcon_core.environment:checking '/home/kuba/PBL/install/pbl_bringup' for CMake module files
[0.386s] Level 1:colcon.colcon_core.environment:checking '/home/kuba/PBL/install/pbl_bringup' for CMake config files
[0.387s] Level 1:colcon.colcon_core.shell:create_environment_hook('pbl_bringup', 'cmake_prefix_path')
[0.387s] INFO:colcon.colcon_core.shell:Creating environment hook '/home/kuba/PBL/install/pbl_bringup/share/pbl_bringup/hook/cmake_prefix_path.ps1'
[0.387s] INFO:colcon.colcon_core.shell:Creating environment descriptor '/home/kuba/PBL/install/pbl_bringup/share/pbl_bringup/hook/cmake_prefix_path.dsv'
[0.388s] INFO:colcon.colcon_core.shell:Creating environment hook '/home/kuba/PBL/install/pbl_bringup/share/pbl_bringup/hook/cmake_prefix_path.sh'
[0.388s] Level 1:colcon.colcon_core.environment:checking '/home/kuba/PBL/install/pbl_bringup/bin'
[0.389s] Level 1:colcon.colcon_core.environment:checking '/home/kuba/PBL/install/pbl_bringup/lib/pkgconfig/pbl_bringup.pc'
[0.389s] Level 1:colcon.colcon_core.environment:checking '/home/kuba/PBL/install/pbl_bringup/lib/python3.10/site-packages'
[0.389s] Level 1:colcon.colcon_core.environment:checking '/home/kuba/PBL/install/pbl_bringup/bin'
[0.390s] INFO:colcon.colcon_core.shell:Creating package script '/home/kuba/PBL/install/pbl_bringup/share/pbl_bringup/package.ps1'
[0.390s] INFO:colcon.colcon_core.shell:Creating package descriptor '/home/kuba/PBL/install/pbl_bringup/share/pbl_bringup/package.dsv'
[0.391s] INFO:colcon.colcon_core.shell:Creating package script '/home/kuba/PBL/install/pbl_bringup/share/pbl_bringup/package.sh'
[0.391s] INFO:colcon.colcon_core.shell:Creating package script '/home/kuba/PBL/install/pbl_bringup/share/pbl_bringup/package.bash'
[0.392s] INFO:colcon.colcon_core.shell:Creating package script '/home/kuba/PBL/install/pbl_bringup/share/pbl_bringup/package.zsh'
[0.392s] Level 1:colcon.colcon_core.environment:create_file_with_runtime_dependencies(/home/kuba/PBL/install/pbl_bringup/share/colcon-core/packages/pbl_bringup)
[0.394s] Level 1:colcon.colcon_core.environment:create_environment_scripts_only(pbl_description)
[0.394s] Level 1:colcon.colcon_core.environment:checking '/home/kuba/PBL/install/pbl_description' for CMake module files
[0.394s] Level 1:colcon.colcon_core.environment:checking '/home/kuba/PBL/install/pbl_description' for CMake config files
[0.394s] Level 1:colcon.colcon_core.shell:create_environment_hook('pbl_description', 'cmake_prefix_path')
[0.395s] INFO:colcon.colcon_core.shell:Creating environment hook '/home/kuba/PBL/install/pbl_description/share/pbl_description/hook/cmake_prefix_path.ps1'
[0.395s] INFO:colcon.colcon_core.shell:Creating environment descriptor '/home/kuba/PBL/install/pbl_description/share/pbl_description/hook/cmake_prefix_path.dsv'
[0.395s] INFO:colcon.colcon_core.shell:Creating environment hook '/home/kuba/PBL/install/pbl_description/share/pbl_description/hook/cmake_prefix_path.sh'
[0.396s] Level 1:colcon.colcon_core.environment:checking '/home/kuba/PBL/install/pbl_description/bin'
[0.396s] Level 1:colcon.colcon_core.environment:checking '/home/kuba/PBL/install/pbl_description/lib/pkgconfig/pbl_description.pc'
[0.396s] Level 1:colcon.colcon_core.environment:checking '/home/kuba/PBL/install/pbl_description/lib/python3.10/site-packages'
[0.396s] Level 1:colcon.colcon_core.environment:checking '/home/kuba/PBL/install/pbl_description/bin'
[0.396s] INFO:colcon.colcon_core.shell:Creating package script '/home/kuba/PBL/install/pbl_description/share/pbl_description/package.ps1'
[0.397s] INFO:colcon.colcon_core.shell:Creating package descriptor '/home/kuba/PBL/install/pbl_description/share/pbl_description/package.dsv'
[0.397s] INFO:colcon.colcon_core.shell:Creating package script '/home/kuba/PBL/install/pbl_description/share/pbl_description/package.sh'
[0.397s] INFO:colcon.colcon_core.shell:Creating package script '/home/kuba/PBL/install/pbl_description/share/pbl_description/package.bash'
[0.398s] INFO:colcon.colcon_core.shell:Creating package script '/home/kuba/PBL/install/pbl_description/share/pbl_description/package.zsh'
[0.398s] Level 1:colcon.colcon_core.environment:create_file_with_runtime_dependencies(/home/kuba/PBL/install/pbl_description/share/colcon-core/packages/pbl_description)
[1.148s] DEBUG:colcon.colcon_core.event_handler.log_command:Invoked command in '/home/kuba/PBL/build/odrive_ros2_control' returned '1': CMAKE_PREFIX_PATH=${CMAKE_PREFIX_PATH}:/opt/ros/humble /usr/bin/cmake /home/kuba/PBL/src/odrive_ros2_control -DAMENT_CMAKE_SYMLINK_INSTALL=1 -DCMAKE_INSTALL_PREFIX=/home/kuba/PBL/install/odrive_ros2_control
[1.156s] Level 1:colcon.colcon_core.environment:create_environment_scripts_only(odrive_ros2_control)
[1.156s] Level 1:colcon.colcon_core.environment:checking '/home/kuba/PBL/install/odrive_ros2_control' for CMake module files
[1.156s] Level 1:colcon.colcon_core.environment:checking '/home/kuba/PBL/install/odrive_ros2_control' for CMake config files
[1.156s] Level 1:colcon.colcon_core.environment:checking '/home/kuba/PBL/install/odrive_ros2_control/bin'
[1.156s] Level 1:colcon.colcon_core.environment:checking '/home/kuba/PBL/install/odrive_ros2_control/lib/pkgconfig/odrive_ros2_control.pc'
[1.156s] Level 1:colcon.colcon_core.environment:checking '/home/kuba/PBL/install/odrive_ros2_control/lib/python3.10/site-packages'
[1.157s] Level 1:colcon.colcon_core.environment:checking '/home/kuba/PBL/install/odrive_ros2_control/bin'
[1.157s] INFO:colcon.colcon_core.shell:Creating package script '/home/kuba/PBL/install/odrive_ros2_control/share/odrive_ros2_control/package.ps1'
[1.157s] INFO:colcon.colcon_core.shell:Creating package descriptor '/home/kuba/PBL/install/odrive_ros2_control/share/odrive_ros2_control/package.dsv'
[1.157s] INFO:colcon.colcon_core.shell:Creating package script '/home/kuba/PBL/install/odrive_ros2_control/share/odrive_ros2_control/package.sh'
[1.158s] INFO:colcon.colcon_core.shell:Creating package script '/home/kuba/PBL/install/odrive_ros2_control/share/odrive_ros2_control/package.bash'
[1.158s] INFO:colcon.colcon_core.shell:Creating package script '/home/kuba/PBL/install/odrive_ros2_control/share/odrive_ros2_control/package.zsh'
[1.158s] Level 1:colcon.colcon_core.environment:create_file_with_runtime_dependencies(/home/kuba/PBL/install/odrive_ros2_control/share/colcon-core/packages/odrive_ros2_control)
[1.169s] DEBUG:colcon.colcon_parallel_executor.executor.parallel:closing loop
[1.169s] DEBUG:colcon.colcon_parallel_executor.executor.parallel:loop closed
[1.170s] DEBUG:colcon.colcon_parallel_executor.executor.parallel:run_until_complete finished with '1'
[1.170s] DEBUG:colcon.colcon_core.event_reactor:joining thread
[1.178s] INFO:colcon.colcon_core.plugin_system:Skipping extension 'colcon_notification.desktop_notification.terminal_notifier': Not used on non-Darwin systems
[1.178s] INFO:colcon.colcon_core.plugin_system:Skipping extension 'colcon_notification.desktop_notification.win32': Not used on non-Windows systems
[1.178s] INFO:colcon.colcon_notification.desktop_notification:Sending desktop notification using 'notify2'
[1.187s] DEBUG:colcon.colcon_core.event_reactor:joined thread
[1.187s] INFO:colcon.colcon_core.shell:Creating prefix script '/home/kuba/PBL/install/local_setup.ps1'
[1.188s] INFO:colcon.colcon_core.shell:Creating prefix util module '/home/kuba/PBL/install/_local_setup_util_ps1.py'
[1.189s] INFO:colcon.colcon_core.shell:Creating prefix chain script '/home/kuba/PBL/install/setup.ps1'
[1.190s] INFO:colcon.colcon_core.shell:Creating prefix script '/home/kuba/PBL/install/local_setup.sh'
[1.190s] INFO:colcon.colcon_core.shell:Creating prefix util module '/home/kuba/PBL/install/_local_setup_util_sh.py'
[1.191s] INFO:colcon.colcon_core.shell:Creating prefix chain script '/home/kuba/PBL/install/setup.sh'
[1.192s] INFO:colcon.colcon_core.shell:Creating prefix script '/home/kuba/PBL/install/local_setup.bash'
[1.192s] INFO:colcon.colcon_core.shell:Creating prefix chain script '/home/kuba/PBL/install/setup.bash'
[1.193s] INFO:colcon.colcon_core.shell:Creating prefix script '/home/kuba/PBL/install/local_setup.zsh'
[1.193s] INFO:colcon.colcon_core.shell:Creating prefix chain script '/home/kuba/PBL/install/setup.zsh'
