-- Found ament_cmake: 1.3.10 (/opt/ros/humble/share/ament_cmake/cmake)
-- Override CMake install command with custom implementation using symlinks instead of copying resources
-- Found ament_lint_auto: 0.12.11 (/opt/ros/humble/share/ament_lint_auto/cmake)
-- Added test 'lint_cmake' to check CMake code style
-- Added test 'xmllint' to check XML markup files
-- Configuring done
-- Generating done
-- Build files have been written to: /home/kuba/PBL/build/odrive_ros2_control
-- Install configuration: ""
-- Execute custom install script
-- Symlinking: /home/kuba/PBL/install/odrive_ros2_control/share/ament_index/resource_index/package_run_dependencies/odrive_ros2_control
-- Symlinking: /home/kuba/PBL/install/odrive_ros2_control/share/ament_index/resource_index/parent_prefix_path/odrive_ros2_control
-- Symlinking: /home/kuba/PBL/install/odrive_ros2_control/share/odrive_ros2_control/environment/ament_prefix_path.sh
-- Symlinking: /home/kuba/PBL/install/odrive_ros2_control/share/odrive_ros2_control/environment/ament_prefix_path.dsv
-- Symlinking: /home/kuba/PBL/install/odrive_ros2_control/share/odrive_ros2_control/environment/path.sh
-- Symlinking: /home/kuba/PBL/install/odrive_ros2_control/share/odrive_ros2_control/environment/path.dsv
-- Symlinking: /home/kuba/PBL/install/odrive_ros2_control/share/odrive_ros2_control/local_setup.bash
-- Symlinking: /home/kuba/PBL/install/odrive_ros2_control/share/odrive_ros2_control/local_setup.sh
-- Symlinking: /home/kuba/PBL/install/odrive_ros2_control/share/odrive_ros2_control/local_setup.zsh
-- Symlinking: /home/kuba/PBL/install/odrive_ros2_control/share/odrive_ros2_control/local_setup.dsv
-- Symlinking: /home/kuba/PBL/install/odrive_ros2_control/share/odrive_ros2_control/package.dsv
-- Symlinking: /home/kuba/PBL/install/odrive_ros2_control/share/ament_index/resource_index/packages/odrive_ros2_control
-- Symlinking: /home/kuba/PBL/install/odrive_ros2_control/share/odrive_ros2_control/cmake/odrive_ros2_controlConfig.cmake
-- Symlinking: /home/kuba/PBL/install/odrive_ros2_control/share/odrive_ros2_control/cmake/odrive_ros2_controlConfig-version.cmake
-- Symlinking: /home/kuba/PBL/install/odrive_ros2_control/share/odrive_ros2_control/package.xml
