[0.013s] Invoking command in '/home/kuba/PBL/build/odrive_ros2_control': CMAKE_PREFIX_PATH=${CMAKE_PREFIX_PATH}:/opt/ros/humble /usr/bin/cmake /home/kuba/PBL/src/odrive_ros2_control -DAMENT_CMAKE_SYMLINK_INSTALL=1 -DCMAKE_INSTALL_PREFIX=/home/kuba/PBL/install/odrive_ros2_control
[0.023s] -- Found ament_cmake: 1.3.10 (/opt/ros/humble/share/ament_cmake/cmake)
[0.115s] -- Override CMake install command with custom implementation using symlinks instead of copying resources
[0.123s] -- Found ament_lint_auto: 0.12.11 (/opt/ros/humble/share/ament_lint_auto/cmake)
[0.191s] -- Added test 'lint_cmake' to check CMake code style
[0.192s] -- Added test 'xmllint' to check XML markup files
[0.193s] -- Configuring done
[0.195s] -- Generating done
[0.196s] -- Build files have been written to: /home/kuba/PBL/build/odrive_ros2_control
[0.198s] Invoked command in '/home/kuba/PBL/build/odrive_ros2_control' returned '0': CMAKE_PREFIX_PATH=${CMAKE_PREFIX_PATH}:/opt/ros/humble /usr/bin/cmake /home/kuba/PBL/src/odrive_ros2_control -DAMENT_CMAKE_SYMLINK_INSTALL=1 -DCMAKE_INSTALL_PREFIX=/home/kuba/PBL/install/odrive_ros2_control
[0.199s] Invoking command in '/home/kuba/PBL/build/odrive_ros2_control': CMAKE_PREFIX_PATH=${CMAKE_PREFIX_PATH}:/opt/ros/humble /usr/bin/cmake --build /home/kuba/PBL/build/odrive_ros2_control -- -j16 -l16
[0.225s] Invoked command in '/home/kuba/PBL/build/odrive_ros2_control' returned '0': CMAKE_PREFIX_PATH=${CMAKE_PREFIX_PATH}:/opt/ros/humble /usr/bin/cmake --build /home/kuba/PBL/build/odrive_ros2_control -- -j16 -l16
[0.240s] Invoking command in '/home/kuba/PBL/build/odrive_ros2_control': CMAKE_PREFIX_PATH=${CMAKE_PREFIX_PATH}:/opt/ros/humble /usr/bin/cmake --install /home/kuba/PBL/build/odrive_ros2_control
[0.245s] -- Install configuration: ""
[0.245s] -- Execute custom install script
[0.245s] -- Symlinking: /home/kuba/PBL/install/odrive_ros2_control/share/ament_index/resource_index/package_run_dependencies/odrive_ros2_control
[0.251s] -- Symlinking: /home/kuba/PBL/install/odrive_ros2_control/share/ament_index/resource_index/parent_prefix_path/odrive_ros2_control
[0.257s] -- Symlinking: /home/kuba/PBL/install/odrive_ros2_control/share/odrive_ros2_control/environment/ament_prefix_path.sh
[0.263s] -- Symlinking: /home/kuba/PBL/install/odrive_ros2_control/share/odrive_ros2_control/environment/ament_prefix_path.dsv
[0.268s] -- Symlinking: /home/kuba/PBL/install/odrive_ros2_control/share/odrive_ros2_control/environment/path.sh
[0.274s] -- Symlinking: /home/kuba/PBL/install/odrive_ros2_control/share/odrive_ros2_control/environment/path.dsv
[0.280s] -- Symlinking: /home/kuba/PBL/install/odrive_ros2_control/share/odrive_ros2_control/local_setup.bash
[0.285s] -- Symlinking: /home/kuba/PBL/install/odrive_ros2_control/share/odrive_ros2_control/local_setup.sh
[0.291s] -- Symlinking: /home/kuba/PBL/install/odrive_ros2_control/share/odrive_ros2_control/local_setup.zsh
[0.297s] -- Symlinking: /home/kuba/PBL/install/odrive_ros2_control/share/odrive_ros2_control/local_setup.dsv
[0.303s] -- Symlinking: /home/kuba/PBL/install/odrive_ros2_control/share/odrive_ros2_control/package.dsv
[0.309s] -- Symlinking: /home/kuba/PBL/install/odrive_ros2_control/share/ament_index/resource_index/packages/odrive_ros2_control
[0.314s] -- Symlinking: /home/kuba/PBL/install/odrive_ros2_control/share/odrive_ros2_control/cmake/odrive_ros2_controlConfig.cmake
[0.320s] -- Symlinking: /home/kuba/PBL/install/odrive_ros2_control/share/odrive_ros2_control/cmake/odrive_ros2_controlConfig-version.cmake
[0.326s] -- Symlinking: /home/kuba/PBL/install/odrive_ros2_control/share/odrive_ros2_control/package.xml
[0.334s] Invoked command in '/home/kuba/PBL/build/odrive_ros2_control' returned '0': CMAKE_PREFIX_PATH=${CMAKE_PREFIX_PATH}:/opt/ros/humble /usr/bin/cmake --install /home/kuba/PBL/build/odrive_ros2_control
