[0.089s] DEBUG:colcon:Command line arguments: ['/usr/bin/colcon', 'build', '--symlink-install']
[0.089s] DEBUG:colcon:Parsed command line arguments: Namespace(log_base=None, log_level=None, verb_name='build', build_base='build', install_base='install', merge_install=False, symlink_install=True, test_result_base=None, continue_on_error=False, executor='parallel', parallel_workers=16, event_handlers=None, ignore_user_meta=False, metas=['./colcon.meta'], base_paths=['.'], packages_ignore=None, packages_ignore_regex=None, paths=None, packages_up_to=None, packages_up_to_regex=None, packages_above=None, packages_above_and_dependencies=None, packages_above_depth=None, packages_select_by_dep=None, packages_skip_by_dep=None, packages_skip_up_to=None, packages_select_build_failed=False, packages_skip_build_finished=False, packages_select_test_failures=False, packages_skip_test_passed=False, packages_select=None, packages_skip=None, packages_select_regex=None, packages_skip_regex=None, packages_start=None, packages_end=None, allow_overriding=[], cmake_args=None, cmake_target=None, cmake_target_skip_unavailable=False, cmake_clean_cache=False, cmake_clean_first=False, cmake_force_configure=False, ament_cmake_args=None, catkin_cmake_args=None, catkin_skip_building_tests=False, verb_parser=<colcon_defaults.argument_parser.defaults.DefaultArgumentsDecorator object at 0x7f675bf34c40>, verb_extension=<colcon_core.verb.build.BuildVerb object at 0x7f675bf34730>, main=<bound method BuildVerb.main of <colcon_core.verb.build.BuildVerb object at 0x7f675bf34730>>)
[0.230s] Level 1:colcon.colcon_core.package_discovery:discover_packages(colcon_meta) check parameters
[0.231s] Level 1:colcon.colcon_core.package_discovery:discover_packages(recursive) check parameters
[0.231s] Level 1:colcon.colcon_core.package_discovery:discover_packages(ignore) check parameters
[0.231s] Level 1:colcon.colcon_core.package_discovery:discover_packages(path) check parameters
[0.231s] Level 1:colcon.colcon_core.package_discovery:discover_packages(colcon_meta) discover
[0.231s] Level 1:colcon.colcon_core.package_discovery:discover_packages(recursive) discover
[0.231s] INFO:colcon.colcon_core.package_discovery:Crawling recursively for packages in '/home/kuba/PBL'
[0.231s] Level 1:colcon.colcon_core.package_identification:_identify(.) by extensions ['ignore', 'ignore_ament_install']
[0.231s] Level 1:colcon.colcon_core.package_identification:_identify(.) by extension 'ignore'
[0.231s] Level 1:colcon.colcon_core.package_identification:_identify(.) by extension 'ignore_ament_install'
[0.231s] Level 1:colcon.colcon_core.package_identification:_identify(.) by extensions ['colcon_pkg']
[0.231s] Level 1:colcon.colcon_core.package_identification:_identify(.) by extension 'colcon_pkg'
[0.231s] Level 1:colcon.colcon_core.package_identification:_identify(.) by extensions ['colcon_meta']
[0.231s] Level 1:colcon.colcon_core.package_identification:_identify(.) by extension 'colcon_meta'
[0.231s] Level 1:colcon.colcon_core.package_identification:_identify(.) by extensions ['ros']
[0.231s] Level 1:colcon.colcon_core.package_identification:_identify(.) by extension 'ros'
[0.241s] Level 1:colcon.colcon_core.package_identification:_identify(.) by extensions ['cmake', 'python']
[0.241s] Level 1:colcon.colcon_core.package_identification:_identify(.) by extension 'cmake'
[0.241s] Level 1:colcon.colcon_core.package_identification:_identify(.) by extension 'python'
[0.241s] Level 1:colcon.colcon_core.package_identification:_identify(.) by extensions ['python_setup_py']
[0.241s] Level 1:colcon.colcon_core.package_identification:_identify(.) by extension 'python_setup_py'
[0.241s] Level 1:colcon.colcon_core.package_identification:_identify(build) by extensions ['ignore', 'ignore_ament_install']
[0.241s] Level 1:colcon.colcon_core.package_identification:_identify(build) by extension 'ignore'
[0.241s] Level 1:colcon.colcon_core.package_identification:_identify(build) ignored
[0.241s] Level 1:colcon.colcon_core.package_identification:_identify(install) by extensions ['ignore', 'ignore_ament_install']
[0.242s] Level 1:colcon.colcon_core.package_identification:_identify(install) by extension 'ignore'
[0.242s] Level 1:colcon.colcon_core.package_identification:_identify(install) ignored
[0.242s] Level 1:colcon.colcon_core.package_identification:_identify(log) by extensions ['ignore', 'ignore_ament_install']
[0.242s] Level 1:colcon.colcon_core.package_identification:_identify(log) by extension 'ignore'
[0.242s] Level 1:colcon.colcon_core.package_identification:_identify(log) ignored
[0.242s] Level 1:colcon.colcon_core.package_identification:_identify(src) by extensions ['ignore', 'ignore_ament_install']
[0.242s] Level 1:colcon.colcon_core.package_identification:_identify(src) by extension 'ignore'
[0.242s] Level 1:colcon.colcon_core.package_identification:_identify(src) by extension 'ignore_ament_install'
[0.242s] Level 1:colcon.colcon_core.package_identification:_identify(src) by extensions ['colcon_pkg']
[0.242s] Level 1:colcon.colcon_core.package_identification:_identify(src) by extension 'colcon_pkg'
[0.243s] Level 1:colcon.colcon_core.package_identification:_identify(src) by extensions ['colcon_meta']
[0.243s] Level 1:colcon.colcon_core.package_identification:_identify(src) by extension 'colcon_meta'
[0.243s] Level 1:colcon.colcon_core.package_identification:_identify(src) by extensions ['ros']
[0.243s] Level 1:colcon.colcon_core.package_identification:_identify(src) by extension 'ros'
[0.243s] Level 1:colcon.colcon_core.package_identification:_identify(src) by extensions ['cmake', 'python']
[0.243s] Level 1:colcon.colcon_core.package_identification:_identify(src) by extension 'cmake'
[0.243s] Level 1:colcon.colcon_core.package_identification:_identify(src) by extension 'python'
[0.243s] Level 1:colcon.colcon_core.package_identification:_identify(src) by extensions ['python_setup_py']
[0.243s] Level 1:colcon.colcon_core.package_identification:_identify(src) by extension 'python_setup_py'
[0.243s] Level 1:colcon.colcon_core.package_identification:_identify(src/pbl_bringup) by extensions ['ignore', 'ignore_ament_install']
[0.243s] Level 1:colcon.colcon_core.package_identification:_identify(src/pbl_bringup) by extension 'ignore'
[0.243s] Level 1:colcon.colcon_core.package_identification:_identify(src/pbl_bringup) by extension 'ignore_ament_install'
[0.243s] Level 1:colcon.colcon_core.package_identification:_identify(src/pbl_bringup) by extensions ['colcon_pkg']
[0.243s] Level 1:colcon.colcon_core.package_identification:_identify(src/pbl_bringup) by extension 'colcon_pkg'
[0.243s] Level 1:colcon.colcon_core.package_identification:_identify(src/pbl_bringup) by extensions ['colcon_meta']
[0.243s] Level 1:colcon.colcon_core.package_identification:_identify(src/pbl_bringup) by extension 'colcon_meta'
[0.243s] Level 1:colcon.colcon_core.package_identification:_identify(src/pbl_bringup) by extensions ['ros']
[0.244s] Level 1:colcon.colcon_core.package_identification:_identify(src/pbl_bringup) by extension 'ros'
[0.246s] DEBUG:colcon.colcon_core.package_identification:Package 'src/pbl_bringup' with type 'ros.ament_cmake' and name 'pbl_bringup'
[0.246s] Level 1:colcon.colcon_core.package_identification:_identify(src/pbl_description) by extensions ['ignore', 'ignore_ament_install']
[0.246s] Level 1:colcon.colcon_core.package_identification:_identify(src/pbl_description) by extension 'ignore'
[0.246s] Level 1:colcon.colcon_core.package_identification:_identify(src/pbl_description) by extension 'ignore_ament_install'
[0.246s] Level 1:colcon.colcon_core.package_identification:_identify(src/pbl_description) by extensions ['colcon_pkg']
[0.246s] Level 1:colcon.colcon_core.package_identification:_identify(src/pbl_description) by extension 'colcon_pkg'
[0.246s] Level 1:colcon.colcon_core.package_identification:_identify(src/pbl_description) by extensions ['colcon_meta']
[0.246s] Level 1:colcon.colcon_core.package_identification:_identify(src/pbl_description) by extension 'colcon_meta'
[0.246s] Level 1:colcon.colcon_core.package_identification:_identify(src/pbl_description) by extensions ['ros']
[0.246s] Level 1:colcon.colcon_core.package_identification:_identify(src/pbl_description) by extension 'ros'
[0.247s] DEBUG:colcon.colcon_core.package_identification:Package 'src/pbl_description' with type 'ros.ament_cmake' and name 'pbl_description'
[0.247s] Level 1:colcon.colcon_core.package_identification:_identify(src/rplidar_ros) by extensions ['ignore', 'ignore_ament_install']
[0.247s] Level 1:colcon.colcon_core.package_identification:_identify(src/rplidar_ros) by extension 'ignore'
[0.247s] Level 1:colcon.colcon_core.package_identification:_identify(src/rplidar_ros) by extension 'ignore_ament_install'
[0.247s] Level 1:colcon.colcon_core.package_identification:_identify(src/rplidar_ros) by extensions ['colcon_pkg']
[0.247s] Level 1:colcon.colcon_core.package_identification:_identify(src/rplidar_ros) by extension 'colcon_pkg'
[0.247s] Level 1:colcon.colcon_core.package_identification:_identify(src/rplidar_ros) by extensions ['colcon_meta']
[0.247s] Level 1:colcon.colcon_core.package_identification:_identify(src/rplidar_ros) by extension 'colcon_meta'
[0.247s] Level 1:colcon.colcon_core.package_identification:_identify(src/rplidar_ros) by extensions ['ros']
[0.248s] Level 1:colcon.colcon_core.package_identification:_identify(src/rplidar_ros) by extension 'ros'
[0.248s] DEBUG:colcon.colcon_core.package_identification:Package 'src/rplidar_ros' with type 'ros.ament_cmake' and name 'rplidar_ros'
[0.248s] Level 1:colcon.colcon_core.package_discovery:discover_packages(recursive) using defaults
[0.248s] Level 1:colcon.colcon_core.package_discovery:discover_packages(ignore) discover
[0.248s] Level 1:colcon.colcon_core.package_discovery:discover_packages(ignore) using defaults
[0.248s] Level 1:colcon.colcon_core.package_discovery:discover_packages(path) discover
[0.248s] Level 1:colcon.colcon_core.package_discovery:discover_packages(path) using defaults
[0.266s] Level 1:colcon.colcon_core.package_discovery:discover_packages(prefix_path) check parameters
[0.266s] Level 1:colcon.colcon_core.package_discovery:discover_packages(prefix_path) discover
[0.267s] DEBUG:colcon.colcon_installed_package_information.package_discovery:Found 3 installed packages in /home/kuba/PBL_SLAM_ws/install
[0.269s] DEBUG:colcon.colcon_installed_package_information.package_discovery:Found 378 installed packages in /opt/ros/humble
[0.277s] Level 1:colcon.colcon_core.package_discovery:discover_packages(prefix_path) using defaults
[0.317s] Level 5:colcon.colcon_core.verb:set package 'pbl_bringup' build argument 'cmake_args' from command line to 'None'
[0.317s] Level 5:colcon.colcon_core.verb:set package 'pbl_bringup' build argument 'cmake_target' from command line to 'None'
[0.317s] Level 5:colcon.colcon_core.verb:set package 'pbl_bringup' build argument 'cmake_target_skip_unavailable' from command line to 'False'
[0.317s] Level 5:colcon.colcon_core.verb:set package 'pbl_bringup' build argument 'cmake_clean_cache' from command line to 'False'
[0.317s] Level 5:colcon.colcon_core.verb:set package 'pbl_bringup' build argument 'cmake_clean_first' from command line to 'False'
[0.317s] Level 5:colcon.colcon_core.verb:set package 'pbl_bringup' build argument 'cmake_force_configure' from command line to 'False'
[0.317s] Level 5:colcon.colcon_core.verb:set package 'pbl_bringup' build argument 'ament_cmake_args' from command line to 'None'
[0.317s] Level 5:colcon.colcon_core.verb:set package 'pbl_bringup' build argument 'catkin_cmake_args' from command line to 'None'
[0.317s] Level 5:colcon.colcon_core.verb:set package 'pbl_bringup' build argument 'catkin_skip_building_tests' from command line to 'False'
[0.317s] DEBUG:colcon.colcon_core.verb:Building package 'pbl_bringup' with the following arguments: {'ament_cmake_args': None, 'build_base': '/home/kuba/PBL/build/pbl_bringup', 'catkin_cmake_args': None, 'catkin_skip_building_tests': False, 'cmake_args': None, 'cmake_clean_cache': False, 'cmake_clean_first': False, 'cmake_force_configure': False, 'cmake_target': None, 'cmake_target_skip_unavailable': False, 'install_base': '/home/kuba/PBL/install/pbl_bringup', 'merge_install': False, 'path': '/home/kuba/PBL/src/pbl_bringup', 'symlink_install': True, 'test_result_base': None}
[0.317s] Level 5:colcon.colcon_core.verb:set package 'pbl_description' build argument 'cmake_args' from command line to 'None'
[0.317s] Level 5:colcon.colcon_core.verb:set package 'pbl_description' build argument 'cmake_target' from command line to 'None'
[0.317s] Level 5:colcon.colcon_core.verb:set package 'pbl_description' build argument 'cmake_target_skip_unavailable' from command line to 'False'
[0.317s] Level 5:colcon.colcon_core.verb:set package 'pbl_description' build argument 'cmake_clean_cache' from command line to 'False'
[0.317s] Level 5:colcon.colcon_core.verb:set package 'pbl_description' build argument 'cmake_clean_first' from command line to 'False'
[0.317s] Level 5:colcon.colcon_core.verb:set package 'pbl_description' build argument 'cmake_force_configure' from command line to 'False'
[0.317s] Level 5:colcon.colcon_core.verb:set package 'pbl_description' build argument 'ament_cmake_args' from command line to 'None'
[0.317s] Level 5:colcon.colcon_core.verb:set package 'pbl_description' build argument 'catkin_cmake_args' from command line to 'None'
[0.318s] Level 5:colcon.colcon_core.verb:set package 'pbl_description' build argument 'catkin_skip_building_tests' from command line to 'False'
[0.318s] DEBUG:colcon.colcon_core.verb:Building package 'pbl_description' with the following arguments: {'ament_cmake_args': None, 'build_base': '/home/kuba/PBL/build/pbl_description', 'catkin_cmake_args': None, 'catkin_skip_building_tests': False, 'cmake_args': None, 'cmake_clean_cache': False, 'cmake_clean_first': False, 'cmake_force_configure': False, 'cmake_target': None, 'cmake_target_skip_unavailable': False, 'install_base': '/home/kuba/PBL/install/pbl_description', 'merge_install': False, 'path': '/home/kuba/PBL/src/pbl_description', 'symlink_install': True, 'test_result_base': None}
[0.318s] Level 5:colcon.colcon_core.verb:set package 'rplidar_ros' build argument 'cmake_args' from command line to 'None'
[0.318s] Level 5:colcon.colcon_core.verb:set package 'rplidar_ros' build argument 'cmake_target' from command line to 'None'
[0.318s] Level 5:colcon.colcon_core.verb:set package 'rplidar_ros' build argument 'cmake_target_skip_unavailable' from command line to 'False'
[0.318s] Level 5:colcon.colcon_core.verb:set package 'rplidar_ros' build argument 'cmake_clean_cache' from command line to 'False'
[0.318s] Level 5:colcon.colcon_core.verb:set package 'rplidar_ros' build argument 'cmake_clean_first' from command line to 'False'
[0.318s] Level 5:colcon.colcon_core.verb:set package 'rplidar_ros' build argument 'cmake_force_configure' from command line to 'False'
[0.318s] Level 5:colcon.colcon_core.verb:set package 'rplidar_ros' build argument 'ament_cmake_args' from command line to 'None'
[0.318s] Level 5:colcon.colcon_core.verb:set package 'rplidar_ros' build argument 'catkin_cmake_args' from command line to 'None'
[0.318s] Level 5:colcon.colcon_core.verb:set package 'rplidar_ros' build argument 'catkin_skip_building_tests' from command line to 'False'
[0.318s] DEBUG:colcon.colcon_core.verb:Building package 'rplidar_ros' with the following arguments: {'ament_cmake_args': None, 'build_base': '/home/kuba/PBL/build/rplidar_ros', 'catkin_cmake_args': None, 'catkin_skip_building_tests': False, 'cmake_args': None, 'cmake_clean_cache': False, 'cmake_clean_first': False, 'cmake_force_configure': False, 'cmake_target': None, 'cmake_target_skip_unavailable': False, 'install_base': '/home/kuba/PBL/install/rplidar_ros', 'merge_install': False, 'path': '/home/kuba/PBL/src/rplidar_ros', 'symlink_install': True, 'test_result_base': None}
[0.318s] INFO:colcon.colcon_core.executor:Executing jobs using 'parallel' executor
[0.320s] DEBUG:colcon.colcon_parallel_executor.executor.parallel:run_until_complete
[0.320s] INFO:colcon.colcon_ros.task.ament_cmake.build:Building ROS package in '/home/kuba/PBL/src/pbl_bringup' with build type 'ament_cmake'
[0.320s] INFO:colcon.colcon_cmake.task.cmake.build:Building CMake package in '/home/kuba/PBL/src/pbl_bringup'
[0.322s] INFO:colcon.colcon_core.plugin_system:Skipping extension 'colcon_core.shell.bat': Not used on non-Windows systems
[0.322s] INFO:colcon.colcon_core.shell:Skip shell extension 'powershell' for command environment: Not usable outside of PowerShell
[0.322s] DEBUG:colcon.colcon_core.shell:Skip shell extension 'dsv' for command environment
[0.326s] INFO:colcon.colcon_ros.task.ament_cmake.build:Building ROS package in '/home/kuba/PBL/src/pbl_description' with build type 'ament_cmake'
[0.326s] INFO:colcon.colcon_cmake.task.cmake.build:Building CMake package in '/home/kuba/PBL/src/pbl_description'
[0.326s] INFO:colcon.colcon_core.shell:Skip shell extension 'powershell' for command environment: Not usable outside of PowerShell
[0.326s] DEBUG:colcon.colcon_core.shell:Skip shell extension 'dsv' for command environment
[0.330s] INFO:colcon.colcon_ros.task.ament_cmake.build:Building ROS package in '/home/kuba/PBL/src/rplidar_ros' with build type 'ament_cmake'
[0.330s] INFO:colcon.colcon_cmake.task.cmake.build:Building CMake package in '/home/kuba/PBL/src/rplidar_ros'
[0.331s] INFO:colcon.colcon_core.shell:Skip shell extension 'powershell' for command environment: Not usable outside of PowerShell
[0.331s] DEBUG:colcon.colcon_core.shell:Skip shell extension 'dsv' for command environment
[0.343s] DEBUG:colcon.colcon_core.event_handler.log_command:Invoking command in '/home/kuba/PBL/build/pbl_bringup': CMAKE_PREFIX_PATH=${CMAKE_PREFIX_PATH}:/opt/ros/humble /usr/bin/cmake --build /home/kuba/PBL/build/pbl_bringup -- -j16 -l16
[0.347s] DEBUG:colcon.colcon_core.event_handler.log_command:Invoking command in '/home/kuba/PBL/build/pbl_description': CMAKE_PREFIX_PATH=${CMAKE_PREFIX_PATH}:/opt/ros/humble /usr/bin/cmake --build /home/kuba/PBL/build/pbl_description -- -j16 -l16
[0.354s] DEBUG:colcon.colcon_core.event_handler.log_command:Invoking command in '/home/kuba/PBL/build/rplidar_ros': CMAKE_PREFIX_PATH=${CMAKE_PREFIX_PATH}:/opt/ros/humble /usr/bin/cmake --build /home/kuba/PBL/build/rplidar_ros -- -j16 -l16
[0.390s] DEBUG:colcon.colcon_core.event_handler.log_command:Invoked command in '/home/kuba/PBL/build/pbl_bringup' returned '0': CMAKE_PREFIX_PATH=${CMAKE_PREFIX_PATH}:/opt/ros/humble /usr/bin/cmake --build /home/kuba/PBL/build/pbl_bringup -- -j16 -l16
[0.392s] DEBUG:colcon.colcon_core.event_handler.log_command:Invoked command in '/home/kuba/PBL/build/pbl_description' returned '0': CMAKE_PREFIX_PATH=${CMAKE_PREFIX_PATH}:/opt/ros/humble /usr/bin/cmake --build /home/kuba/PBL/build/pbl_description -- -j16 -l16
[0.430s] DEBUG:colcon.colcon_core.event_handler.log_command:Invoking command in '/home/kuba/PBL/build/pbl_bringup': CMAKE_PREFIX_PATH=${CMAKE_PREFIX_PATH}:/opt/ros/humble /usr/bin/cmake --install /home/kuba/PBL/build/pbl_bringup
[0.434s] DEBUG:colcon.colcon_core.event_handler.log_command:Invoking command in '/home/kuba/PBL/build/pbl_description': CMAKE_PREFIX_PATH=${CMAKE_PREFIX_PATH}:/opt/ros/humble /usr/bin/cmake --install /home/kuba/PBL/build/pbl_description
[0.450s] DEBUG:colcon.colcon_core.event_handler.log_command:Invoked command in '/home/kuba/PBL/build/rplidar_ros' returned '0': CMAKE_PREFIX_PATH=${CMAKE_PREFIX_PATH}:/opt/ros/humble /usr/bin/cmake --build /home/kuba/PBL/build/rplidar_ros -- -j16 -l16
[0.461s] Level 1:colcon.colcon_core.environment:create_environment_scripts_only(pbl_bringup)
[0.462s] DEBUG:colcon.colcon_core.event_handler.log_command:Invoked command in '/home/kuba/PBL/build/pbl_bringup' returned '0': CMAKE_PREFIX_PATH=${CMAKE_PREFIX_PATH}:/opt/ros/humble /usr/bin/cmake --install /home/kuba/PBL/build/pbl_bringup
[0.466s] Level 1:colcon.colcon_core.environment:checking '/home/kuba/PBL/install/pbl_bringup' for CMake module files
[0.466s] Level 1:colcon.colcon_core.environment:checking '/home/kuba/PBL/install/pbl_bringup' for CMake config files
[0.468s] Level 1:colcon.colcon_core.shell:create_environment_hook('pbl_bringup', 'cmake_prefix_path')
[0.468s] INFO:colcon.colcon_core.shell:Creating environment hook '/home/kuba/PBL/install/pbl_bringup/share/pbl_bringup/hook/cmake_prefix_path.ps1'
[0.469s] INFO:colcon.colcon_core.shell:Creating environment descriptor '/home/kuba/PBL/install/pbl_bringup/share/pbl_bringup/hook/cmake_prefix_path.dsv'
[0.470s] INFO:colcon.colcon_core.shell:Creating environment hook '/home/kuba/PBL/install/pbl_bringup/share/pbl_bringup/hook/cmake_prefix_path.sh'
[0.471s] Level 1:colcon.colcon_core.environment:checking '/home/kuba/PBL/install/pbl_bringup/bin'
[0.471s] Level 1:colcon.colcon_core.environment:checking '/home/kuba/PBL/install/pbl_bringup/lib/pkgconfig/pbl_bringup.pc'
[0.472s] Level 1:colcon.colcon_core.environment:checking '/home/kuba/PBL/install/pbl_bringup/lib/python3.10/site-packages'
[0.472s] Level 1:colcon.colcon_core.environment:checking '/home/kuba/PBL/install/pbl_bringup/bin'
[0.473s] INFO:colcon.colcon_core.shell:Creating package script '/home/kuba/PBL/install/pbl_bringup/share/pbl_bringup/package.ps1'
[0.474s] INFO:colcon.colcon_core.shell:Creating package descriptor '/home/kuba/PBL/install/pbl_bringup/share/pbl_bringup/package.dsv'
[0.474s] INFO:colcon.colcon_core.shell:Creating package script '/home/kuba/PBL/install/pbl_bringup/share/pbl_bringup/package.sh'
[0.475s] INFO:colcon.colcon_core.shell:Creating package script '/home/kuba/PBL/install/pbl_bringup/share/pbl_bringup/package.bash'
[0.476s] INFO:colcon.colcon_core.shell:Creating package script '/home/kuba/PBL/install/pbl_bringup/share/pbl_bringup/package.zsh'
[0.477s] Level 1:colcon.colcon_core.environment:create_file_with_runtime_dependencies(/home/kuba/PBL/install/pbl_bringup/share/colcon-core/packages/pbl_bringup)
[0.479s] Level 1:colcon.colcon_core.environment:create_environment_scripts_only(pbl_description)
[0.480s] Level 1:colcon.colcon_core.environment:checking '/home/kuba/PBL/install/pbl_description' for CMake module files
[0.481s] DEBUG:colcon.colcon_core.event_handler.log_command:Invoked command in '/home/kuba/PBL/build/pbl_description' returned '0': CMAKE_PREFIX_PATH=${CMAKE_PREFIX_PATH}:/opt/ros/humble /usr/bin/cmake --install /home/kuba/PBL/build/pbl_description
[0.481s] Level 1:colcon.colcon_core.environment:checking '/home/kuba/PBL/install/pbl_description' for CMake config files
[0.482s] Level 1:colcon.colcon_core.shell:create_environment_hook('pbl_description', 'cmake_prefix_path')
[0.482s] INFO:colcon.colcon_core.shell:Creating environment hook '/home/kuba/PBL/install/pbl_description/share/pbl_description/hook/cmake_prefix_path.ps1'
[0.482s] INFO:colcon.colcon_core.shell:Creating environment descriptor '/home/kuba/PBL/install/pbl_description/share/pbl_description/hook/cmake_prefix_path.dsv'
[0.483s] INFO:colcon.colcon_core.shell:Creating environment hook '/home/kuba/PBL/install/pbl_description/share/pbl_description/hook/cmake_prefix_path.sh'
[0.484s] Level 1:colcon.colcon_core.environment:checking '/home/kuba/PBL/install/pbl_description/bin'
[0.484s] Level 1:colcon.colcon_core.environment:checking '/home/kuba/PBL/install/pbl_description/lib/pkgconfig/pbl_description.pc'
[0.484s] Level 1:colcon.colcon_core.environment:checking '/home/kuba/PBL/install/pbl_description/lib/python3.10/site-packages'
[0.485s] Level 1:colcon.colcon_core.environment:checking '/home/kuba/PBL/install/pbl_description/bin'
[0.485s] INFO:colcon.colcon_core.shell:Creating package script '/home/kuba/PBL/install/pbl_description/share/pbl_description/package.ps1'
[0.486s] INFO:colcon.colcon_core.shell:Creating package descriptor '/home/kuba/PBL/install/pbl_description/share/pbl_description/package.dsv'
[0.486s] INFO:colcon.colcon_core.shell:Creating package script '/home/kuba/PBL/install/pbl_description/share/pbl_description/package.sh'
[0.487s] INFO:colcon.colcon_core.shell:Creating package script '/home/kuba/PBL/install/pbl_description/share/pbl_description/package.bash'
[0.487s] INFO:colcon.colcon_core.shell:Creating package script '/home/kuba/PBL/install/pbl_description/share/pbl_description/package.zsh'
[0.488s] Level 1:colcon.colcon_core.environment:create_file_with_runtime_dependencies(/home/kuba/PBL/install/pbl_description/share/colcon-core/packages/pbl_description)
[0.503s] Level 1:colcon.colcon_core.environment:create_environment_scripts_only(pbl_bringup)
[0.504s] Level 1:colcon.colcon_core.environment:checking '/home/kuba/PBL/install/pbl_bringup' for CMake module files
[0.504s] Level 1:colcon.colcon_core.environment:checking '/home/kuba/PBL/install/pbl_bringup' for CMake config files
[0.505s] Level 1:colcon.colcon_core.shell:create_environment_hook('pbl_bringup', 'cmake_prefix_path')
[0.505s] INFO:colcon.colcon_core.shell:Creating environment hook '/home/kuba/PBL/install/pbl_bringup/share/pbl_bringup/hook/cmake_prefix_path.ps1'
[0.506s] INFO:colcon.colcon_core.shell:Creating environment descriptor '/home/kuba/PBL/install/pbl_bringup/share/pbl_bringup/hook/cmake_prefix_path.dsv'
[0.506s] INFO:colcon.colcon_core.shell:Creating environment hook '/home/kuba/PBL/install/pbl_bringup/share/pbl_bringup/hook/cmake_prefix_path.sh'
[0.507s] Level 1:colcon.colcon_core.environment:checking '/home/kuba/PBL/install/pbl_bringup/bin'
[0.507s] Level 1:colcon.colcon_core.environment:checking '/home/kuba/PBL/install/pbl_bringup/lib/pkgconfig/pbl_bringup.pc'
[0.508s] Level 1:colcon.colcon_core.environment:checking '/home/kuba/PBL/install/pbl_bringup/lib/python3.10/site-packages'
[0.508s] Level 1:colcon.colcon_core.environment:checking '/home/kuba/PBL/install/pbl_bringup/bin'
[0.509s] INFO:colcon.colcon_core.shell:Creating package script '/home/kuba/PBL/install/pbl_bringup/share/pbl_bringup/package.ps1'
[0.509s] INFO:colcon.colcon_core.shell:Creating package descriptor '/home/kuba/PBL/install/pbl_bringup/share/pbl_bringup/package.dsv'
[0.510s] INFO:colcon.colcon_core.shell:Creating package script '/home/kuba/PBL/install/pbl_bringup/share/pbl_bringup/package.sh'
[0.511s] INFO:colcon.colcon_core.shell:Creating package script '/home/kuba/PBL/install/pbl_bringup/share/pbl_bringup/package.bash'
[0.512s] INFO:colcon.colcon_core.shell:Creating package script '/home/kuba/PBL/install/pbl_bringup/share/pbl_bringup/package.zsh'
[0.512s] Level 1:colcon.colcon_core.environment:create_file_with_runtime_dependencies(/home/kuba/PBL/install/pbl_bringup/share/colcon-core/packages/pbl_bringup)
[0.515s] Level 1:colcon.colcon_core.environment:create_environment_scripts_only(pbl_description)
[0.515s] Level 1:colcon.colcon_core.environment:checking '/home/kuba/PBL/install/pbl_description' for CMake module files
[0.516s] Level 1:colcon.colcon_core.environment:checking '/home/kuba/PBL/install/pbl_description' for CMake config files
[0.517s] Level 1:colcon.colcon_core.shell:create_environment_hook('pbl_description', 'cmake_prefix_path')
[0.517s] INFO:colcon.colcon_core.shell:Creating environment hook '/home/kuba/PBL/install/pbl_description/share/pbl_description/hook/cmake_prefix_path.ps1'
[0.517s] INFO:colcon.colcon_core.shell:Creating environment descriptor '/home/kuba/PBL/install/pbl_description/share/pbl_description/hook/cmake_prefix_path.dsv'
[0.518s] INFO:colcon.colcon_core.shell:Creating environment hook '/home/kuba/PBL/install/pbl_description/share/pbl_description/hook/cmake_prefix_path.sh'
[0.519s] Level 1:colcon.colcon_core.environment:checking '/home/kuba/PBL/install/pbl_description/bin'
[0.519s] Level 1:colcon.colcon_core.environment:checking '/home/kuba/PBL/install/pbl_description/lib/pkgconfig/pbl_description.pc'
[0.519s] Level 1:colcon.colcon_core.environment:checking '/home/kuba/PBL/install/pbl_description/lib/python3.10/site-packages'
[0.520s] Level 1:colcon.colcon_core.environment:checking '/home/kuba/PBL/install/pbl_description/bin'
[0.520s] INFO:colcon.colcon_core.shell:Creating package script '/home/kuba/PBL/install/pbl_description/share/pbl_description/package.ps1'
[0.521s] INFO:colcon.colcon_core.shell:Creating package descriptor '/home/kuba/PBL/install/pbl_description/share/pbl_description/package.dsv'
[0.522s] INFO:colcon.colcon_core.shell:Creating package script '/home/kuba/PBL/install/pbl_description/share/pbl_description/package.sh'
[0.522s] INFO:colcon.colcon_core.shell:Creating package script '/home/kuba/PBL/install/pbl_description/share/pbl_description/package.bash'
[0.523s] INFO:colcon.colcon_core.shell:Creating package script '/home/kuba/PBL/install/pbl_description/share/pbl_description/package.zsh'
[0.524s] Level 1:colcon.colcon_core.environment:create_file_with_runtime_dependencies(/home/kuba/PBL/install/pbl_description/share/colcon-core/packages/pbl_description)
[0.534s] DEBUG:colcon.colcon_core.event_handler.log_command:Invoking command in '/home/kuba/PBL/build/rplidar_ros': CMAKE_PREFIX_PATH=${CMAKE_PREFIX_PATH}:/opt/ros/humble /usr/bin/cmake --install /home/kuba/PBL/build/rplidar_ros
[0.563s] Level 1:colcon.colcon_core.environment:create_environment_scripts_only(rplidar_ros)
[0.564s] Level 1:colcon.colcon_core.environment:checking '/home/kuba/PBL/install/rplidar_ros' for CMake module files
[0.564s] DEBUG:colcon.colcon_core.event_handler.log_command:Invoked command in '/home/kuba/PBL/build/rplidar_ros' returned '0': CMAKE_PREFIX_PATH=${CMAKE_PREFIX_PATH}:/opt/ros/humble /usr/bin/cmake --install /home/kuba/PBL/build/rplidar_ros
[0.565s] Level 1:colcon.colcon_core.environment:checking '/home/kuba/PBL/install/rplidar_ros' for CMake config files
[0.566s] Level 1:colcon.colcon_core.shell:create_environment_hook('rplidar_ros', 'cmake_prefix_path')
[0.566s] INFO:colcon.colcon_core.shell:Creating environment hook '/home/kuba/PBL/install/rplidar_ros/share/rplidar_ros/hook/cmake_prefix_path.ps1'
[0.567s] INFO:colcon.colcon_core.shell:Creating environment descriptor '/home/kuba/PBL/install/rplidar_ros/share/rplidar_ros/hook/cmake_prefix_path.dsv'
[0.567s] INFO:colcon.colcon_core.shell:Creating environment hook '/home/kuba/PBL/install/rplidar_ros/share/rplidar_ros/hook/cmake_prefix_path.sh'
[0.568s] Level 1:colcon.colcon_core.environment:checking '/home/kuba/PBL/install/rplidar_ros/lib'
[0.568s] Level 1:colcon.colcon_core.environment:checking '/home/kuba/PBL/install/rplidar_ros/bin'
[0.568s] Level 1:colcon.colcon_core.environment:checking '/home/kuba/PBL/install/rplidar_ros/lib/pkgconfig/rplidar_ros.pc'
[0.569s] Level 1:colcon.colcon_core.environment:checking '/home/kuba/PBL/install/rplidar_ros/lib/python3.10/site-packages'
[0.569s] Level 1:colcon.colcon_core.environment:checking '/home/kuba/PBL/install/rplidar_ros/bin'
[0.569s] INFO:colcon.colcon_core.shell:Creating package script '/home/kuba/PBL/install/rplidar_ros/share/rplidar_ros/package.ps1'
[0.570s] INFO:colcon.colcon_core.shell:Creating package descriptor '/home/kuba/PBL/install/rplidar_ros/share/rplidar_ros/package.dsv'
[0.570s] INFO:colcon.colcon_core.shell:Creating package script '/home/kuba/PBL/install/rplidar_ros/share/rplidar_ros/package.sh'
[0.571s] INFO:colcon.colcon_core.shell:Creating package script '/home/kuba/PBL/install/rplidar_ros/share/rplidar_ros/package.bash'
[0.571s] INFO:colcon.colcon_core.shell:Creating package script '/home/kuba/PBL/install/rplidar_ros/share/rplidar_ros/package.zsh'
[0.572s] Level 1:colcon.colcon_core.environment:create_file_with_runtime_dependencies(/home/kuba/PBL/install/rplidar_ros/share/colcon-core/packages/rplidar_ros)
[0.637s] Level 1:colcon.colcon_core.environment:create_environment_scripts_only(rplidar_ros)
[0.637s] Level 1:colcon.colcon_core.environment:checking '/home/kuba/PBL/install/rplidar_ros' for CMake module files
[0.638s] Level 1:colcon.colcon_core.environment:checking '/home/kuba/PBL/install/rplidar_ros' for CMake config files
[0.639s] Level 1:colcon.colcon_core.shell:create_environment_hook('rplidar_ros', 'cmake_prefix_path')
[0.639s] INFO:colcon.colcon_core.shell:Creating environment hook '/home/kuba/PBL/install/rplidar_ros/share/rplidar_ros/hook/cmake_prefix_path.ps1'
[0.639s] INFO:colcon.colcon_core.shell:Creating environment descriptor '/home/kuba/PBL/install/rplidar_ros/share/rplidar_ros/hook/cmake_prefix_path.dsv'
[0.640s] INFO:colcon.colcon_core.shell:Creating environment hook '/home/kuba/PBL/install/rplidar_ros/share/rplidar_ros/hook/cmake_prefix_path.sh'
[0.641s] Level 1:colcon.colcon_core.environment:checking '/home/kuba/PBL/install/rplidar_ros/lib'
[0.641s] Level 1:colcon.colcon_core.environment:checking '/home/kuba/PBL/install/rplidar_ros/bin'
[0.641s] Level 1:colcon.colcon_core.environment:checking '/home/kuba/PBL/install/rplidar_ros/lib/pkgconfig/rplidar_ros.pc'
[0.641s] Level 1:colcon.colcon_core.environment:checking '/home/kuba/PBL/install/rplidar_ros/lib/python3.10/site-packages'
[0.642s] Level 1:colcon.colcon_core.environment:checking '/home/kuba/PBL/install/rplidar_ros/bin'
[0.642s] INFO:colcon.colcon_core.shell:Creating package script '/home/kuba/PBL/install/rplidar_ros/share/rplidar_ros/package.ps1'
[0.643s] INFO:colcon.colcon_core.shell:Creating package descriptor '/home/kuba/PBL/install/rplidar_ros/share/rplidar_ros/package.dsv'
[0.644s] INFO:colcon.colcon_core.shell:Creating package script '/home/kuba/PBL/install/rplidar_ros/share/rplidar_ros/package.sh'
[0.644s] INFO:colcon.colcon_core.shell:Creating package script '/home/kuba/PBL/install/rplidar_ros/share/rplidar_ros/package.bash'
[0.645s] INFO:colcon.colcon_core.shell:Creating package script '/home/kuba/PBL/install/rplidar_ros/share/rplidar_ros/package.zsh'
[0.645s] Level 1:colcon.colcon_core.environment:create_file_with_runtime_dependencies(/home/kuba/PBL/install/rplidar_ros/share/colcon-core/packages/rplidar_ros)
[0.646s] DEBUG:colcon.colcon_parallel_executor.executor.parallel:closing loop
[0.646s] DEBUG:colcon.colcon_parallel_executor.executor.parallel:loop closed
[0.646s] DEBUG:colcon.colcon_parallel_executor.executor.parallel:run_until_complete finished with '0'
[0.646s] DEBUG:colcon.colcon_core.event_reactor:joining thread
[0.654s] INFO:colcon.colcon_core.plugin_system:Skipping extension 'colcon_notification.desktop_notification.terminal_notifier': Not used on non-Darwin systems
[0.654s] INFO:colcon.colcon_core.plugin_system:Skipping extension 'colcon_notification.desktop_notification.win32': Not used on non-Windows systems
[0.654s] INFO:colcon.colcon_notification.desktop_notification:Sending desktop notification using 'notify2'
[0.671s] DEBUG:colcon.colcon_core.event_reactor:joined thread
[0.672s] INFO:colcon.colcon_core.shell:Creating prefix script '/home/kuba/PBL/install/local_setup.ps1'
[0.673s] INFO:colcon.colcon_core.shell:Creating prefix util module '/home/kuba/PBL/install/_local_setup_util_ps1.py'
[0.675s] INFO:colcon.colcon_core.shell:Creating prefix chain script '/home/kuba/PBL/install/setup.ps1'
[0.677s] INFO:colcon.colcon_core.shell:Creating prefix script '/home/kuba/PBL/install/local_setup.sh'
[0.678s] INFO:colcon.colcon_core.shell:Creating prefix util module '/home/kuba/PBL/install/_local_setup_util_sh.py'
[0.679s] INFO:colcon.colcon_core.shell:Creating prefix chain script '/home/kuba/PBL/install/setup.sh'
[0.681s] INFO:colcon.colcon_core.shell:Creating prefix script '/home/kuba/PBL/install/local_setup.bash'
[0.682s] INFO:colcon.colcon_core.shell:Creating prefix chain script '/home/kuba/PBL/install/setup.bash'
[0.684s] INFO:colcon.colcon_core.shell:Creating prefix script '/home/kuba/PBL/install/local_setup.zsh'
[0.685s] INFO:colcon.colcon_core.shell:Creating prefix chain script '/home/kuba/PBL/install/setup.zsh'
