[0.014s] Invoking command in '/home/kuba/PBL/build/odrive_botwheel_explorer': CMAKE_PREFIX_PATH=${CMAKE_PREFIX_PATH}:/opt/ros/humble /usr/bin/cmake /home/kuba/PBL/src/odrive_botwheel_explorer -DAMENT_CMAKE_SYMLINK_INSTALL=1 -DCMAKE_INSTALL_PREFIX=/home/kuba/PBL/install/odrive_botwheel_explorer
[0.089s] -- The C compiler identification is GNU 11.4.0
[0.153s] -- The CXX compiler identification is GNU 11.4.0
[0.158s] -- Detecting C compiler ABI info
[0.209s] -- Detecting C compiler ABI info - done
[0.216s] -- Check for working C compiler: /usr/bin/cc - skipped
[0.217s] -- Detecting C compile features
[0.217s] -- Detecting C compile features - done
[0.220s] -- Detecting CXX compiler ABI info
[0.283s] -- Detecting CXX compiler ABI info - done
[0.290s] -- Check for working CXX compiler: /usr/bin/c++ - skipped
[0.290s] -- Detecting CXX compile features
[0.290s] -- Detecting CXX compile features - done
[0.293s] -- Found ament_cmake: 1.3.10 (/opt/ros/humble/share/ament_cmake/cmake)
[0.399s] -- Found Python3: /usr/bin/python3 (found version "3.10.12") found components: Interpreter 
[0.451s] -- Override CMake install command with custom implementation using symlinks instead of copying resources
[0.517s] -- Configuring done
[0.519s] -- Generating done
[0.519s] -- Build files have been written to: /home/kuba/PBL/build/odrive_botwheel_explorer
[0.522s] Invoked command in '/home/kuba/PBL/build/odrive_botwheel_explorer' returned '0': CMAKE_PREFIX_PATH=${CMAKE_PREFIX_PATH}:/opt/ros/humble /usr/bin/cmake /home/kuba/PBL/src/odrive_botwheel_explorer -DAMENT_CMAKE_SYMLINK_INSTALL=1 -DCMAKE_INSTALL_PREFIX=/home/kuba/PBL/install/odrive_botwheel_explorer
[0.523s] Invoking command in '/home/kuba/PBL/build/odrive_botwheel_explorer': CMAKE_PREFIX_PATH=${CMAKE_PREFIX_PATH}:/opt/ros/humble /usr/bin/cmake --build /home/kuba/PBL/build/odrive_botwheel_explorer -- -j16 -l16
[0.547s] Invoked command in '/home/kuba/PBL/build/odrive_botwheel_explorer' returned '0': CMAKE_PREFIX_PATH=${CMAKE_PREFIX_PATH}:/opt/ros/humble /usr/bin/cmake --build /home/kuba/PBL/build/odrive_botwheel_explorer -- -j16 -l16
[0.561s] Invoking command in '/home/kuba/PBL/build/odrive_botwheel_explorer': CMAKE_PREFIX_PATH=${CMAKE_PREFIX_PATH}:/opt/ros/humble /usr/bin/cmake --install /home/kuba/PBL/build/odrive_botwheel_explorer
[0.566s] -- Install configuration: ""
[0.566s] -- Execute custom install script
[0.567s] -- Symlinking: /home/kuba/PBL/install/odrive_botwheel_explorer/share/odrive_botwheel_explorer/urdf/diffbot.ros2_control.xacro
[0.572s] -- Symlinking: /home/kuba/PBL/install/odrive_botwheel_explorer/share/odrive_botwheel_explorer/urdf/diffbot.urdf.xacro
[0.578s] -- Symlinking: /home/kuba/PBL/install/odrive_botwheel_explorer/share/odrive_botwheel_explorer/urdf/diffbot_description.urdf.xacro
[0.583s] -- Symlinking: /home/kuba/PBL/install/odrive_botwheel_explorer/share/odrive_botwheel_explorer/config/diffbot_controllers.yaml
[0.589s] -- Symlinking: /home/kuba/PBL/install/odrive_botwheel_explorer/share/odrive_botwheel_explorer/launch/botwheel_explorer.launch.py
[0.595s] -- Symlinking: /home/kuba/PBL/install/odrive_botwheel_explorer/share/ament_index/resource_index/package_run_dependencies/odrive_botwheel_explorer
[0.600s] -- Symlinking: /home/kuba/PBL/install/odrive_botwheel_explorer/share/ament_index/resource_index/parent_prefix_path/odrive_botwheel_explorer
[0.606s] -- Symlinking: /home/kuba/PBL/install/odrive_botwheel_explorer/share/odrive_botwheel_explorer/environment/ament_prefix_path.sh
[0.611s] -- Symlinking: /home/kuba/PBL/install/odrive_botwheel_explorer/share/odrive_botwheel_explorer/environment/ament_prefix_path.dsv
[0.617s] -- Symlinking: /home/kuba/PBL/install/odrive_botwheel_explorer/share/odrive_botwheel_explorer/environment/path.sh
[0.622s] -- Symlinking: /home/kuba/PBL/install/odrive_botwheel_explorer/share/odrive_botwheel_explorer/environment/path.dsv
[0.628s] -- Symlinking: /home/kuba/PBL/install/odrive_botwheel_explorer/share/odrive_botwheel_explorer/local_setup.bash
[0.634s] -- Symlinking: /home/kuba/PBL/install/odrive_botwheel_explorer/share/odrive_botwheel_explorer/local_setup.sh
[0.639s] -- Symlinking: /home/kuba/PBL/install/odrive_botwheel_explorer/share/odrive_botwheel_explorer/local_setup.zsh
[0.645s] -- Symlinking: /home/kuba/PBL/install/odrive_botwheel_explorer/share/odrive_botwheel_explorer/local_setup.dsv
[0.651s] -- Symlinking: /home/kuba/PBL/install/odrive_botwheel_explorer/share/odrive_botwheel_explorer/package.dsv
[0.656s] -- Symlinking: /home/kuba/PBL/install/odrive_botwheel_explorer/share/ament_index/resource_index/packages/odrive_botwheel_explorer
[0.662s] -- Symlinking: /home/kuba/PBL/install/odrive_botwheel_explorer/share/odrive_botwheel_explorer/cmake/odrive_botwheel_explorerConfig.cmake
[0.667s] -- Symlinking: /home/kuba/PBL/install/odrive_botwheel_explorer/share/odrive_botwheel_explorer/cmake/odrive_botwheel_explorerConfig-version.cmake
[0.673s] -- Symlinking: /home/kuba/PBL/install/odrive_botwheel_explorer/share/odrive_botwheel_explorer/package.xml
[0.680s] Invoked command in '/home/kuba/PBL/build/odrive_botwheel_explorer' returned '0': CMAKE_PREFIX_PATH=${CMAKE_PREFIX_PATH}:/opt/ros/humble /usr/bin/cmake --install /home/kuba/PBL/build/odrive_botwheel_explorer
