[0.225s] DEBUG:colcon:Command line arguments: ['/usr/bin/colcon', 'build', '--symlink-install']
[0.225s] DEBUG:colcon:Parsed command line arguments: Namespace(log_base=None, log_level=None, verb_name='build', build_base='build', install_base='install', merge_install=False, symlink_install=True, test_result_base=None, continue_on_error=False, executor='parallel', parallel_workers=16, event_handlers=None, ignore_user_meta=False, metas=['./colcon.meta'], base_paths=['.'], packages_ignore=None, packages_ignore_regex=None, paths=None, packages_up_to=None, packages_up_to_regex=None, packages_above=None, packages_above_and_dependencies=None, packages_above_depth=None, packages_select_by_dep=None, packages_skip_by_dep=None, packages_skip_up_to=None, packages_select_build_failed=False, packages_skip_build_finished=False, packages_select_test_failures=False, packages_skip_test_passed=False, packages_select=None, packages_skip=None, packages_select_regex=None, packages_skip_regex=None, packages_start=None, packages_end=None, allow_overriding=[], cmake_args=None, cmake_target=None, cmake_target_skip_unavailable=False, cmake_clean_cache=False, cmake_clean_first=False, cmake_force_configure=False, ament_cmake_args=None, catkin_cmake_args=None, catkin_skip_building_tests=False, verb_parser=<colcon_defaults.argument_parser.defaults.DefaultArgumentsDecorator object at 0x7a923a948c40>, verb_extension=<colcon_core.verb.build.BuildVerb object at 0x7a923a948730>, main=<bound method BuildVerb.main of <colcon_core.verb.build.BuildVerb object at 0x7a923a948730>>)
[0.441s] Level 1:colcon.colcon_core.package_discovery:discover_packages(colcon_meta) check parameters
[0.441s] Level 1:colcon.colcon_core.package_discovery:discover_packages(recursive) check parameters
[0.441s] Level 1:colcon.colcon_core.package_discovery:discover_packages(ignore) check parameters
[0.441s] Level 1:colcon.colcon_core.package_discovery:discover_packages(path) check parameters
[0.441s] Level 1:colcon.colcon_core.package_discovery:discover_packages(colcon_meta) discover
[0.441s] Level 1:colcon.colcon_core.package_discovery:discover_packages(recursive) discover
[0.441s] INFO:colcon.colcon_core.package_discovery:Crawling recursively for packages in '/home/kuba/PBL'
[0.441s] Level 1:colcon.colcon_core.package_identification:_identify(.) by extensions ['ignore', 'ignore_ament_install']
[0.441s] Level 1:colcon.colcon_core.package_identification:_identify(.) by extension 'ignore'
[0.442s] Level 1:colcon.colcon_core.package_identification:_identify(.) by extension 'ignore_ament_install'
[0.442s] Level 1:colcon.colcon_core.package_identification:_identify(.) by extensions ['colcon_pkg']
[0.442s] Level 1:colcon.colcon_core.package_identification:_identify(.) by extension 'colcon_pkg'
[0.442s] Level 1:colcon.colcon_core.package_identification:_identify(.) by extensions ['colcon_meta']
[0.442s] Level 1:colcon.colcon_core.package_identification:_identify(.) by extension 'colcon_meta'
[0.442s] Level 1:colcon.colcon_core.package_identification:_identify(.) by extensions ['ros']
[0.442s] Level 1:colcon.colcon_core.package_identification:_identify(.) by extension 'ros'
[0.453s] Level 1:colcon.colcon_core.package_identification:_identify(.) by extensions ['cmake', 'python']
[0.453s] Level 1:colcon.colcon_core.package_identification:_identify(.) by extension 'cmake'
[0.453s] Level 1:colcon.colcon_core.package_identification:_identify(.) by extension 'python'
[0.453s] Level 1:colcon.colcon_core.package_identification:_identify(.) by extensions ['python_setup_py']
[0.453s] Level 1:colcon.colcon_core.package_identification:_identify(.) by extension 'python_setup_py'
[0.453s] Level 1:colcon.colcon_core.package_identification:_identify(build) by extensions ['ignore', 'ignore_ament_install']
[0.454s] Level 1:colcon.colcon_core.package_identification:_identify(build) by extension 'ignore'
[0.454s] Level 1:colcon.colcon_core.package_identification:_identify(build) ignored
[0.454s] Level 1:colcon.colcon_core.package_identification:_identify(install) by extensions ['ignore', 'ignore_ament_install']
[0.454s] Level 1:colcon.colcon_core.package_identification:_identify(install) by extension 'ignore'
[0.454s] Level 1:colcon.colcon_core.package_identification:_identify(install) ignored
[0.454s] Level 1:colcon.colcon_core.package_identification:_identify(log) by extensions ['ignore', 'ignore_ament_install']
[0.454s] Level 1:colcon.colcon_core.package_identification:_identify(log) by extension 'ignore'
[0.454s] Level 1:colcon.colcon_core.package_identification:_identify(log) ignored
[0.454s] Level 1:colcon.colcon_core.package_identification:_identify(map) by extensions ['ignore', 'ignore_ament_install']
[0.455s] Level 1:colcon.colcon_core.package_identification:_identify(map) by extension 'ignore'
[0.455s] Level 1:colcon.colcon_core.package_identification:_identify(map) by extension 'ignore_ament_install'
[0.455s] Level 1:colcon.colcon_core.package_identification:_identify(map) by extensions ['colcon_pkg']
[0.455s] Level 1:colcon.colcon_core.package_identification:_identify(map) by extension 'colcon_pkg'
[0.455s] Level 1:colcon.colcon_core.package_identification:_identify(map) by extensions ['colcon_meta']
[0.455s] Level 1:colcon.colcon_core.package_identification:_identify(map) by extension 'colcon_meta'
[0.455s] Level 1:colcon.colcon_core.package_identification:_identify(map) by extensions ['ros']
[0.455s] Level 1:colcon.colcon_core.package_identification:_identify(map) by extension 'ros'
[0.455s] Level 1:colcon.colcon_core.package_identification:_identify(map) by extensions ['cmake', 'python']
[0.455s] Level 1:colcon.colcon_core.package_identification:_identify(map) by extension 'cmake'
[0.455s] Level 1:colcon.colcon_core.package_identification:_identify(map) by extension 'python'
[0.455s] Level 1:colcon.colcon_core.package_identification:_identify(map) by extensions ['python_setup_py']
[0.455s] Level 1:colcon.colcon_core.package_identification:_identify(map) by extension 'python_setup_py'
[0.455s] Level 1:colcon.colcon_core.package_identification:_identify(src) by extensions ['ignore', 'ignore_ament_install']
[0.455s] Level 1:colcon.colcon_core.package_identification:_identify(src) by extension 'ignore'
[0.455s] Level 1:colcon.colcon_core.package_identification:_identify(src) by extension 'ignore_ament_install'
[0.456s] Level 1:colcon.colcon_core.package_identification:_identify(src) by extensions ['colcon_pkg']
[0.456s] Level 1:colcon.colcon_core.package_identification:_identify(src) by extension 'colcon_pkg'
[0.456s] Level 1:colcon.colcon_core.package_identification:_identify(src) by extensions ['colcon_meta']
[0.456s] Level 1:colcon.colcon_core.package_identification:_identify(src) by extension 'colcon_meta'
[0.456s] Level 1:colcon.colcon_core.package_identification:_identify(src) by extensions ['ros']
[0.456s] Level 1:colcon.colcon_core.package_identification:_identify(src) by extension 'ros'
[0.456s] Level 1:colcon.colcon_core.package_identification:_identify(src) by extensions ['cmake', 'python']
[0.456s] Level 1:colcon.colcon_core.package_identification:_identify(src) by extension 'cmake'
[0.456s] Level 1:colcon.colcon_core.package_identification:_identify(src) by extension 'python'
[0.456s] Level 1:colcon.colcon_core.package_identification:_identify(src) by extensions ['python_setup_py']
[0.456s] Level 1:colcon.colcon_core.package_identification:_identify(src) by extension 'python_setup_py'
[0.456s] Level 1:colcon.colcon_core.package_identification:_identify(src/pbl_bringup) by extensions ['ignore', 'ignore_ament_install']
[0.456s] Level 1:colcon.colcon_core.package_identification:_identify(src/pbl_bringup) by extension 'ignore'
[0.456s] Level 1:colcon.colcon_core.package_identification:_identify(src/pbl_bringup) by extension 'ignore_ament_install'
[0.456s] Level 1:colcon.colcon_core.package_identification:_identify(src/pbl_bringup) by extensions ['colcon_pkg']
[0.456s] Level 1:colcon.colcon_core.package_identification:_identify(src/pbl_bringup) by extension 'colcon_pkg'
[0.456s] Level 1:colcon.colcon_core.package_identification:_identify(src/pbl_bringup) by extensions ['colcon_meta']
[0.456s] Level 1:colcon.colcon_core.package_identification:_identify(src/pbl_bringup) by extension 'colcon_meta'
[0.456s] Level 1:colcon.colcon_core.package_identification:_identify(src/pbl_bringup) by extensions ['ros']
[0.456s] Level 1:colcon.colcon_core.package_identification:_identify(src/pbl_bringup) by extension 'ros'
[0.460s] DEBUG:colcon.colcon_core.package_identification:Package 'src/pbl_bringup' with type 'ros.ament_cmake' and name 'pbl_bringup'
[0.460s] Level 1:colcon.colcon_core.package_identification:_identify(src/pbl_description) by extensions ['ignore', 'ignore_ament_install']
[0.460s] Level 1:colcon.colcon_core.package_identification:_identify(src/pbl_description) by extension 'ignore'
[0.460s] Level 1:colcon.colcon_core.package_identification:_identify(src/pbl_description) by extension 'ignore_ament_install'
[0.460s] Level 1:colcon.colcon_core.package_identification:_identify(src/pbl_description) by extensions ['colcon_pkg']
[0.460s] Level 1:colcon.colcon_core.package_identification:_identify(src/pbl_description) by extension 'colcon_pkg'
[0.460s] Level 1:colcon.colcon_core.package_identification:_identify(src/pbl_description) by extensions ['colcon_meta']
[0.460s] Level 1:colcon.colcon_core.package_identification:_identify(src/pbl_description) by extension 'colcon_meta'
[0.460s] Level 1:colcon.colcon_core.package_identification:_identify(src/pbl_description) by extensions ['ros']
[0.460s] Level 1:colcon.colcon_core.package_identification:_identify(src/pbl_description) by extension 'ros'
[0.461s] DEBUG:colcon.colcon_core.package_identification:Package 'src/pbl_description' with type 'ros.ament_cmake' and name 'pbl_description'
[0.461s] Level 1:colcon.colcon_core.package_identification:_identify(src/rplidar_ros) by extensions ['ignore', 'ignore_ament_install']
[0.461s] Level 1:colcon.colcon_core.package_identification:_identify(src/rplidar_ros) by extension 'ignore'
[0.461s] Level 1:colcon.colcon_core.package_identification:_identify(src/rplidar_ros) by extension 'ignore_ament_install'
[0.461s] Level 1:colcon.colcon_core.package_identification:_identify(src/rplidar_ros) by extensions ['colcon_pkg']
[0.461s] Level 1:colcon.colcon_core.package_identification:_identify(src/rplidar_ros) by extension 'colcon_pkg'
[0.461s] Level 1:colcon.colcon_core.package_identification:_identify(src/rplidar_ros) by extensions ['colcon_meta']
[0.461s] Level 1:colcon.colcon_core.package_identification:_identify(src/rplidar_ros) by extension 'colcon_meta'
[0.461s] Level 1:colcon.colcon_core.package_identification:_identify(src/rplidar_ros) by extensions ['ros']
[0.461s] Level 1:colcon.colcon_core.package_identification:_identify(src/rplidar_ros) by extension 'ros'
[0.462s] DEBUG:colcon.colcon_core.package_identification:Package 'src/rplidar_ros' with type 'ros.ament_cmake' and name 'rplidar_ros'
[0.462s] Level 1:colcon.colcon_core.package_discovery:discover_packages(recursive) using defaults
[0.462s] Level 1:colcon.colcon_core.package_discovery:discover_packages(ignore) discover
[0.462s] Level 1:colcon.colcon_core.package_discovery:discover_packages(ignore) using defaults
[0.462s] Level 1:colcon.colcon_core.package_discovery:discover_packages(path) discover
[0.462s] Level 1:colcon.colcon_core.package_discovery:discover_packages(path) using defaults
[0.486s] Level 1:colcon.colcon_core.package_discovery:discover_packages(prefix_path) check parameters
[0.486s] Level 1:colcon.colcon_core.package_discovery:discover_packages(prefix_path) discover
[0.489s] DEBUG:colcon.colcon_installed_package_information.package_discovery:Found 3 installed packages in /home/kuba/PBL_SLAM_ws/install
[0.491s] DEBUG:colcon.colcon_installed_package_information.package_discovery:Found 378 installed packages in /opt/ros/humble
[0.499s] Level 1:colcon.colcon_core.package_discovery:discover_packages(prefix_path) using defaults
[0.558s] Level 5:colcon.colcon_core.verb:set package 'pbl_bringup' build argument 'cmake_args' from command line to 'None'
[0.558s] Level 5:colcon.colcon_core.verb:set package 'pbl_bringup' build argument 'cmake_target' from command line to 'None'
[0.558s] Level 5:colcon.colcon_core.verb:set package 'pbl_bringup' build argument 'cmake_target_skip_unavailable' from command line to 'False'
[0.558s] Level 5:colcon.colcon_core.verb:set package 'pbl_bringup' build argument 'cmake_clean_cache' from command line to 'False'
[0.558s] Level 5:colcon.colcon_core.verb:set package 'pbl_bringup' build argument 'cmake_clean_first' from command line to 'False'
[0.558s] Level 5:colcon.colcon_core.verb:set package 'pbl_bringup' build argument 'cmake_force_configure' from command line to 'False'
[0.558s] Level 5:colcon.colcon_core.verb:set package 'pbl_bringup' build argument 'ament_cmake_args' from command line to 'None'
[0.558s] Level 5:colcon.colcon_core.verb:set package 'pbl_bringup' build argument 'catkin_cmake_args' from command line to 'None'
[0.558s] Level 5:colcon.colcon_core.verb:set package 'pbl_bringup' build argument 'catkin_skip_building_tests' from command line to 'False'
[0.558s] DEBUG:colcon.colcon_core.verb:Building package 'pbl_bringup' with the following arguments: {'ament_cmake_args': None, 'build_base': '/home/kuba/PBL/build/pbl_bringup', 'catkin_cmake_args': None, 'catkin_skip_building_tests': False, 'cmake_args': None, 'cmake_clean_cache': False, 'cmake_clean_first': False, 'cmake_force_configure': False, 'cmake_target': None, 'cmake_target_skip_unavailable': False, 'install_base': '/home/kuba/PBL/install/pbl_bringup', 'merge_install': False, 'path': '/home/kuba/PBL/src/pbl_bringup', 'symlink_install': True, 'test_result_base': None}
[0.559s] Level 5:colcon.colcon_core.verb:set package 'pbl_description' build argument 'cmake_args' from command line to 'None'
[0.559s] Level 5:colcon.colcon_core.verb:set package 'pbl_description' build argument 'cmake_target' from command line to 'None'
[0.559s] Level 5:colcon.colcon_core.verb:set package 'pbl_description' build argument 'cmake_target_skip_unavailable' from command line to 'False'
[0.559s] Level 5:colcon.colcon_core.verb:set package 'pbl_description' build argument 'cmake_clean_cache' from command line to 'False'
[0.559s] Level 5:colcon.colcon_core.verb:set package 'pbl_description' build argument 'cmake_clean_first' from command line to 'False'
[0.559s] Level 5:colcon.colcon_core.verb:set package 'pbl_description' build argument 'cmake_force_configure' from command line to 'False'
[0.559s] Level 5:colcon.colcon_core.verb:set package 'pbl_description' build argument 'ament_cmake_args' from command line to 'None'
[0.559s] Level 5:colcon.colcon_core.verb:set package 'pbl_description' build argument 'catkin_cmake_args' from command line to 'None'
[0.559s] Level 5:colcon.colcon_core.verb:set package 'pbl_description' build argument 'catkin_skip_building_tests' from command line to 'False'
[0.559s] DEBUG:colcon.colcon_core.verb:Building package 'pbl_description' with the following arguments: {'ament_cmake_args': None, 'build_base': '/home/kuba/PBL/build/pbl_description', 'catkin_cmake_args': None, 'catkin_skip_building_tests': False, 'cmake_args': None, 'cmake_clean_cache': False, 'cmake_clean_first': False, 'cmake_force_configure': False, 'cmake_target': None, 'cmake_target_skip_unavailable': False, 'install_base': '/home/kuba/PBL/install/pbl_description', 'merge_install': False, 'path': '/home/kuba/PBL/src/pbl_description', 'symlink_install': True, 'test_result_base': None}
[0.559s] Level 5:colcon.colcon_core.verb:set package 'rplidar_ros' build argument 'cmake_args' from command line to 'None'
[0.559s] Level 5:colcon.colcon_core.verb:set package 'rplidar_ros' build argument 'cmake_target' from command line to 'None'
[0.559s] Level 5:colcon.colcon_core.verb:set package 'rplidar_ros' build argument 'cmake_target_skip_unavailable' from command line to 'False'
[0.559s] Level 5:colcon.colcon_core.verb:set package 'rplidar_ros' build argument 'cmake_clean_cache' from command line to 'False'
[0.559s] Level 5:colcon.colcon_core.verb:set package 'rplidar_ros' build argument 'cmake_clean_first' from command line to 'False'
[0.559s] Level 5:colcon.colcon_core.verb:set package 'rplidar_ros' build argument 'cmake_force_configure' from command line to 'False'
[0.559s] Level 5:colcon.colcon_core.verb:set package 'rplidar_ros' build argument 'ament_cmake_args' from command line to 'None'
[0.559s] Level 5:colcon.colcon_core.verb:set package 'rplidar_ros' build argument 'catkin_cmake_args' from command line to 'None'
[0.559s] Level 5:colcon.colcon_core.verb:set package 'rplidar_ros' build argument 'catkin_skip_building_tests' from command line to 'False'
[0.559s] DEBUG:colcon.colcon_core.verb:Building package 'rplidar_ros' with the following arguments: {'ament_cmake_args': None, 'build_base': '/home/kuba/PBL/build/rplidar_ros', 'catkin_cmake_args': None, 'catkin_skip_building_tests': False, 'cmake_args': None, 'cmake_clean_cache': False, 'cmake_clean_first': False, 'cmake_force_configure': False, 'cmake_target': None, 'cmake_target_skip_unavailable': False, 'install_base': '/home/kuba/PBL/install/rplidar_ros', 'merge_install': False, 'path': '/home/kuba/PBL/src/rplidar_ros', 'symlink_install': True, 'test_result_base': None}
[0.559s] INFO:colcon.colcon_core.executor:Executing jobs using 'parallel' executor
[0.561s] DEBUG:colcon.colcon_parallel_executor.executor.parallel:run_until_complete
[0.561s] INFO:colcon.colcon_ros.task.ament_cmake.build:Building ROS package in '/home/kuba/PBL/src/pbl_bringup' with build type 'ament_cmake'
[0.561s] INFO:colcon.colcon_cmake.task.cmake.build:Building CMake package in '/home/kuba/PBL/src/pbl_bringup'
[0.565s] INFO:colcon.colcon_core.plugin_system:Skipping extension 'colcon_core.shell.bat': Not used on non-Windows systems
[0.565s] INFO:colcon.colcon_core.shell:Skip shell extension 'powershell' for command environment: Not usable outside of PowerShell
[0.565s] DEBUG:colcon.colcon_core.shell:Skip shell extension 'dsv' for command environment
[0.569s] INFO:colcon.colcon_ros.task.ament_cmake.build:Building ROS package in '/home/kuba/PBL/src/pbl_description' with build type 'ament_cmake'
[0.569s] INFO:colcon.colcon_cmake.task.cmake.build:Building CMake package in '/home/kuba/PBL/src/pbl_description'
[0.569s] INFO:colcon.colcon_core.shell:Skip shell extension 'powershell' for command environment: Not usable outside of PowerShell
[0.569s] DEBUG:colcon.colcon_core.shell:Skip shell extension 'dsv' for command environment
[0.574s] INFO:colcon.colcon_ros.task.ament_cmake.build:Building ROS package in '/home/kuba/PBL/src/rplidar_ros' with build type 'ament_cmake'
[0.574s] INFO:colcon.colcon_cmake.task.cmake.build:Building CMake package in '/home/kuba/PBL/src/rplidar_ros'
[0.574s] INFO:colcon.colcon_core.shell:Skip shell extension 'powershell' for command environment: Not usable outside of PowerShell
[0.575s] DEBUG:colcon.colcon_core.shell:Skip shell extension 'dsv' for command environment
[0.586s] DEBUG:colcon.colcon_core.event_handler.log_command:Invoking command in '/home/kuba/PBL/build/pbl_bringup': CMAKE_PREFIX_PATH=${CMAKE_PREFIX_PATH}:/opt/ros/humble /usr/bin/cmake --build /home/kuba/PBL/build/pbl_bringup -- -j16 -l16
[0.592s] DEBUG:colcon.colcon_core.event_handler.log_command:Invoking command in '/home/kuba/PBL/build/pbl_description': CMAKE_PREFIX_PATH=${CMAKE_PREFIX_PATH}:/opt/ros/humble /usr/bin/cmake --build /home/kuba/PBL/build/pbl_description -- -j16 -l16
[0.598s] DEBUG:colcon.colcon_core.event_handler.log_command:Invoking command in '/home/kuba/PBL/build/rplidar_ros': CMAKE_PREFIX_PATH=${CMAKE_PREFIX_PATH}:/opt/ros/humble /usr/bin/cmake --build /home/kuba/PBL/build/rplidar_ros -- -j16 -l16
[0.667s] DEBUG:colcon.colcon_core.event_handler.log_command:Invoked command in '/home/kuba/PBL/build/pbl_description' returned '0': CMAKE_PREFIX_PATH=${CMAKE_PREFIX_PATH}:/opt/ros/humble /usr/bin/cmake --build /home/kuba/PBL/build/pbl_description -- -j16 -l16
[0.711s] DEBUG:colcon.colcon_core.event_handler.log_command:Invoking command in '/home/kuba/PBL/build/pbl_description': CMAKE_PREFIX_PATH=${CMAKE_PREFIX_PATH}:/opt/ros/humble /usr/bin/cmake --install /home/kuba/PBL/build/pbl_description
[0.747s] DEBUG:colcon.colcon_core.event_handler.log_command:Invoked command in '/home/kuba/PBL/build/rplidar_ros' returned '0': CMAKE_PREFIX_PATH=${CMAKE_PREFIX_PATH}:/opt/ros/humble /usr/bin/cmake --build /home/kuba/PBL/build/rplidar_ros -- -j16 -l16
[0.750s] Level 1:colcon.colcon_core.environment:create_environment_scripts_only(pbl_description)
[0.751s] DEBUG:colcon.colcon_core.event_handler.log_command:Invoked command in '/home/kuba/PBL/build/pbl_description' returned '0': CMAKE_PREFIX_PATH=${CMAKE_PREFIX_PATH}:/opt/ros/humble /usr/bin/cmake --install /home/kuba/PBL/build/pbl_description
[0.758s] Level 1:colcon.colcon_core.environment:checking '/home/kuba/PBL/install/pbl_description' for CMake module files
[0.758s] Level 1:colcon.colcon_core.environment:checking '/home/kuba/PBL/install/pbl_description' for CMake config files
[0.759s] Level 1:colcon.colcon_core.shell:create_environment_hook('pbl_description', 'cmake_prefix_path')
[0.759s] INFO:colcon.colcon_core.shell:Creating environment hook '/home/kuba/PBL/install/pbl_description/share/pbl_description/hook/cmake_prefix_path.ps1'
[0.761s] INFO:colcon.colcon_core.shell:Creating environment descriptor '/home/kuba/PBL/install/pbl_description/share/pbl_description/hook/cmake_prefix_path.dsv'
[0.761s] INFO:colcon.colcon_core.shell:Creating environment hook '/home/kuba/PBL/install/pbl_description/share/pbl_description/hook/cmake_prefix_path.sh'
[0.763s] Level 1:colcon.colcon_core.environment:checking '/home/kuba/PBL/install/pbl_description/bin'
[0.763s] Level 1:colcon.colcon_core.environment:checking '/home/kuba/PBL/install/pbl_description/lib/pkgconfig/pbl_description.pc'
[0.763s] Level 1:colcon.colcon_core.environment:checking '/home/kuba/PBL/install/pbl_description/lib/python3.10/site-packages'
[0.764s] Level 1:colcon.colcon_core.environment:checking '/home/kuba/PBL/install/pbl_description/bin'
[0.764s] INFO:colcon.colcon_core.shell:Creating package script '/home/kuba/PBL/install/pbl_description/share/pbl_description/package.ps1'
[0.765s] INFO:colcon.colcon_core.shell:Creating package descriptor '/home/kuba/PBL/install/pbl_description/share/pbl_description/package.dsv'
[0.766s] INFO:colcon.colcon_core.shell:Creating package script '/home/kuba/PBL/install/pbl_description/share/pbl_description/package.sh'
[0.767s] INFO:colcon.colcon_core.shell:Creating package script '/home/kuba/PBL/install/pbl_description/share/pbl_description/package.bash'
[0.769s] INFO:colcon.colcon_core.shell:Creating package script '/home/kuba/PBL/install/pbl_description/share/pbl_description/package.zsh'
[0.770s] Level 1:colcon.colcon_core.environment:create_file_with_runtime_dependencies(/home/kuba/PBL/install/pbl_description/share/colcon-core/packages/pbl_description)
[0.799s] Level 1:colcon.colcon_core.environment:create_environment_scripts_only(pbl_description)
[0.799s] Level 1:colcon.colcon_core.environment:checking '/home/kuba/PBL/install/pbl_description' for CMake module files
[0.800s] Level 1:colcon.colcon_core.environment:checking '/home/kuba/PBL/install/pbl_description' for CMake config files
[0.800s] Level 1:colcon.colcon_core.shell:create_environment_hook('pbl_description', 'cmake_prefix_path')
[0.800s] INFO:colcon.colcon_core.shell:Creating environment hook '/home/kuba/PBL/install/pbl_description/share/pbl_description/hook/cmake_prefix_path.ps1'
[0.801s] INFO:colcon.colcon_core.shell:Creating environment descriptor '/home/kuba/PBL/install/pbl_description/share/pbl_description/hook/cmake_prefix_path.dsv'
[0.801s] INFO:colcon.colcon_core.shell:Creating environment hook '/home/kuba/PBL/install/pbl_description/share/pbl_description/hook/cmake_prefix_path.sh'
[0.802s] Level 1:colcon.colcon_core.environment:checking '/home/kuba/PBL/install/pbl_description/bin'
[0.802s] Level 1:colcon.colcon_core.environment:checking '/home/kuba/PBL/install/pbl_description/lib/pkgconfig/pbl_description.pc'
[0.802s] Level 1:colcon.colcon_core.environment:checking '/home/kuba/PBL/install/pbl_description/lib/python3.10/site-packages'
[0.803s] Level 1:colcon.colcon_core.environment:checking '/home/kuba/PBL/install/pbl_description/bin'
[0.803s] INFO:colcon.colcon_core.shell:Creating package script '/home/kuba/PBL/install/pbl_description/share/pbl_description/package.ps1'
[0.804s] INFO:colcon.colcon_core.shell:Creating package descriptor '/home/kuba/PBL/install/pbl_description/share/pbl_description/package.dsv'
[0.804s] INFO:colcon.colcon_core.shell:Creating package script '/home/kuba/PBL/install/pbl_description/share/pbl_description/package.sh'
[0.805s] INFO:colcon.colcon_core.shell:Creating package script '/home/kuba/PBL/install/pbl_description/share/pbl_description/package.bash'
[0.805s] INFO:colcon.colcon_core.shell:Creating package script '/home/kuba/PBL/install/pbl_description/share/pbl_description/package.zsh'
[0.806s] Level 1:colcon.colcon_core.environment:create_file_with_runtime_dependencies(/home/kuba/PBL/install/pbl_description/share/colcon-core/packages/pbl_description)
[0.826s] DEBUG:colcon.colcon_core.event_handler.log_command:Invoking command in '/home/kuba/PBL/build/rplidar_ros': CMAKE_PREFIX_PATH=${CMAKE_PREFIX_PATH}:/opt/ros/humble /usr/bin/cmake --install /home/kuba/PBL/build/rplidar_ros
[0.866s] Level 1:colcon.colcon_core.environment:create_environment_scripts_only(rplidar_ros)
[0.867s] Level 1:colcon.colcon_core.environment:checking '/home/kuba/PBL/install/rplidar_ros' for CMake module files
[0.868s] DEBUG:colcon.colcon_core.event_handler.log_command:Invoked command in '/home/kuba/PBL/build/rplidar_ros' returned '0': CMAKE_PREFIX_PATH=${CMAKE_PREFIX_PATH}:/opt/ros/humble /usr/bin/cmake --install /home/kuba/PBL/build/rplidar_ros
[0.868s] Level 1:colcon.colcon_core.environment:checking '/home/kuba/PBL/install/rplidar_ros' for CMake config files
[0.870s] Level 1:colcon.colcon_core.shell:create_environment_hook('rplidar_ros', 'cmake_prefix_path')
[0.870s] INFO:colcon.colcon_core.shell:Creating environment hook '/home/kuba/PBL/install/rplidar_ros/share/rplidar_ros/hook/cmake_prefix_path.ps1'
[0.870s] INFO:colcon.colcon_core.shell:Creating environment descriptor '/home/kuba/PBL/install/rplidar_ros/share/rplidar_ros/hook/cmake_prefix_path.dsv'
[0.871s] INFO:colcon.colcon_core.shell:Creating environment hook '/home/kuba/PBL/install/rplidar_ros/share/rplidar_ros/hook/cmake_prefix_path.sh'
[0.871s] Level 1:colcon.colcon_core.environment:checking '/home/kuba/PBL/install/rplidar_ros/lib'
[0.872s] Level 1:colcon.colcon_core.environment:checking '/home/kuba/PBL/install/rplidar_ros/bin'
[0.872s] Level 1:colcon.colcon_core.environment:checking '/home/kuba/PBL/install/rplidar_ros/lib/pkgconfig/rplidar_ros.pc'
[0.872s] Level 1:colcon.colcon_core.environment:checking '/home/kuba/PBL/install/rplidar_ros/lib/python3.10/site-packages'
[0.873s] Level 1:colcon.colcon_core.environment:checking '/home/kuba/PBL/install/rplidar_ros/bin'
[0.873s] INFO:colcon.colcon_core.shell:Creating package script '/home/kuba/PBL/install/rplidar_ros/share/rplidar_ros/package.ps1'
[0.874s] INFO:colcon.colcon_core.shell:Creating package descriptor '/home/kuba/PBL/install/rplidar_ros/share/rplidar_ros/package.dsv'
[0.874s] INFO:colcon.colcon_core.shell:Creating package script '/home/kuba/PBL/install/rplidar_ros/share/rplidar_ros/package.sh'
[0.875s] INFO:colcon.colcon_core.shell:Creating package script '/home/kuba/PBL/install/rplidar_ros/share/rplidar_ros/package.bash'
[0.875s] INFO:colcon.colcon_core.shell:Creating package script '/home/kuba/PBL/install/rplidar_ros/share/rplidar_ros/package.zsh'
[0.875s] Level 1:colcon.colcon_core.environment:create_file_with_runtime_dependencies(/home/kuba/PBL/install/rplidar_ros/share/colcon-core/packages/rplidar_ros)
[0.948s] Level 1:colcon.colcon_core.environment:create_environment_scripts_only(rplidar_ros)
[0.948s] Level 1:colcon.colcon_core.environment:checking '/home/kuba/PBL/install/rplidar_ros' for CMake module files
[0.948s] Level 1:colcon.colcon_core.environment:checking '/home/kuba/PBL/install/rplidar_ros' for CMake config files
[0.949s] Level 1:colcon.colcon_core.shell:create_environment_hook('rplidar_ros', 'cmake_prefix_path')
[0.949s] INFO:colcon.colcon_core.shell:Creating environment hook '/home/kuba/PBL/install/rplidar_ros/share/rplidar_ros/hook/cmake_prefix_path.ps1'
[0.950s] INFO:colcon.colcon_core.shell:Creating environment descriptor '/home/kuba/PBL/install/rplidar_ros/share/rplidar_ros/hook/cmake_prefix_path.dsv'
[0.950s] INFO:colcon.colcon_core.shell:Creating environment hook '/home/kuba/PBL/install/rplidar_ros/share/rplidar_ros/hook/cmake_prefix_path.sh'
[0.951s] Level 1:colcon.colcon_core.environment:checking '/home/kuba/PBL/install/rplidar_ros/lib'
[0.951s] Level 1:colcon.colcon_core.environment:checking '/home/kuba/PBL/install/rplidar_ros/bin'
[0.952s] Level 1:colcon.colcon_core.environment:checking '/home/kuba/PBL/install/rplidar_ros/lib/pkgconfig/rplidar_ros.pc'
[0.952s] Level 1:colcon.colcon_core.environment:checking '/home/kuba/PBL/install/rplidar_ros/lib/python3.10/site-packages'
[0.952s] Level 1:colcon.colcon_core.environment:checking '/home/kuba/PBL/install/rplidar_ros/bin'
[0.953s] INFO:colcon.colcon_core.shell:Creating package script '/home/kuba/PBL/install/rplidar_ros/share/rplidar_ros/package.ps1'
[0.953s] INFO:colcon.colcon_core.shell:Creating package descriptor '/home/kuba/PBL/install/rplidar_ros/share/rplidar_ros/package.dsv'
[0.954s] INFO:colcon.colcon_core.shell:Creating package script '/home/kuba/PBL/install/rplidar_ros/share/rplidar_ros/package.sh'
[0.955s] INFO:colcon.colcon_core.shell:Creating package script '/home/kuba/PBL/install/rplidar_ros/share/rplidar_ros/package.bash'
[0.955s] INFO:colcon.colcon_core.shell:Creating package script '/home/kuba/PBL/install/rplidar_ros/share/rplidar_ros/package.zsh'
[0.956s] Level 1:colcon.colcon_core.environment:create_file_with_runtime_dependencies(/home/kuba/PBL/install/rplidar_ros/share/colcon-core/packages/rplidar_ros)
[0.983s] DEBUG:colcon.colcon_core.event_handler.log_command:Invoked command in '/home/kuba/PBL/build/pbl_bringup' returned '0': CMAKE_PREFIX_PATH=${CMAKE_PREFIX_PATH}:/opt/ros/humble /usr/bin/cmake --build /home/kuba/PBL/build/pbl_bringup -- -j16 -l16
[1.007s] DEBUG:colcon.colcon_core.event_handler.log_command:Invoking command in '/home/kuba/PBL/build/pbl_bringup': CMAKE_PREFIX_PATH=${CMAKE_PREFIX_PATH}:/opt/ros/humble /usr/bin/cmake --install /home/kuba/PBL/build/pbl_bringup
[1.037s] Level 1:colcon.colcon_core.environment:create_environment_scripts_only(pbl_bringup)
[1.037s] Level 1:colcon.colcon_core.environment:checking '/home/kuba/PBL/install/pbl_bringup' for CMake module files
[1.038s] DEBUG:colcon.colcon_core.event_handler.log_command:Invoked command in '/home/kuba/PBL/build/pbl_bringup' returned '0': CMAKE_PREFIX_PATH=${CMAKE_PREFIX_PATH}:/opt/ros/humble /usr/bin/cmake --install /home/kuba/PBL/build/pbl_bringup
[1.038s] Level 1:colcon.colcon_core.environment:checking '/home/kuba/PBL/install/pbl_bringup' for CMake config files
[1.039s] Level 1:colcon.colcon_core.shell:create_environment_hook('pbl_bringup', 'cmake_prefix_path')
[1.039s] INFO:colcon.colcon_core.shell:Creating environment hook '/home/kuba/PBL/install/pbl_bringup/share/pbl_bringup/hook/cmake_prefix_path.ps1'
[1.040s] INFO:colcon.colcon_core.shell:Creating environment descriptor '/home/kuba/PBL/install/pbl_bringup/share/pbl_bringup/hook/cmake_prefix_path.dsv'
[1.040s] INFO:colcon.colcon_core.shell:Creating environment hook '/home/kuba/PBL/install/pbl_bringup/share/pbl_bringup/hook/cmake_prefix_path.sh'
[1.041s] Level 1:colcon.colcon_core.environment:checking '/home/kuba/PBL/install/pbl_bringup/lib'
[1.041s] Level 1:colcon.colcon_core.environment:checking '/home/kuba/PBL/install/pbl_bringup/bin'
[1.041s] Level 1:colcon.colcon_core.environment:checking '/home/kuba/PBL/install/pbl_bringup/lib/pkgconfig/pbl_bringup.pc'
[1.041s] Level 1:colcon.colcon_core.environment:checking '/home/kuba/PBL/install/pbl_bringup/lib/python3.10/site-packages'
[1.041s] Level 1:colcon.colcon_core.environment:checking '/home/kuba/PBL/install/pbl_bringup/bin'
[1.042s] INFO:colcon.colcon_core.shell:Creating package script '/home/kuba/PBL/install/pbl_bringup/share/pbl_bringup/package.ps1'
[1.042s] INFO:colcon.colcon_core.shell:Creating package descriptor '/home/kuba/PBL/install/pbl_bringup/share/pbl_bringup/package.dsv'
[1.043s] INFO:colcon.colcon_core.shell:Creating package script '/home/kuba/PBL/install/pbl_bringup/share/pbl_bringup/package.sh'
[1.043s] INFO:colcon.colcon_core.shell:Creating package script '/home/kuba/PBL/install/pbl_bringup/share/pbl_bringup/package.bash'
[1.044s] INFO:colcon.colcon_core.shell:Creating package script '/home/kuba/PBL/install/pbl_bringup/share/pbl_bringup/package.zsh'
[1.044s] Level 1:colcon.colcon_core.environment:create_file_with_runtime_dependencies(/home/kuba/PBL/install/pbl_bringup/share/colcon-core/packages/pbl_bringup)
[1.080s] Level 1:colcon.colcon_core.environment:create_environment_scripts_only(pbl_bringup)
[1.081s] Level 1:colcon.colcon_core.environment:checking '/home/kuba/PBL/install/pbl_bringup' for CMake module files
[1.083s] Level 1:colcon.colcon_core.environment:checking '/home/kuba/PBL/install/pbl_bringup' for CMake config files
[1.084s] Level 1:colcon.colcon_core.shell:create_environment_hook('pbl_bringup', 'cmake_prefix_path')
[1.084s] INFO:colcon.colcon_core.shell:Creating environment hook '/home/kuba/PBL/install/pbl_bringup/share/pbl_bringup/hook/cmake_prefix_path.ps1'
[1.086s] INFO:colcon.colcon_core.shell:Creating environment descriptor '/home/kuba/PBL/install/pbl_bringup/share/pbl_bringup/hook/cmake_prefix_path.dsv'
[1.087s] INFO:colcon.colcon_core.shell:Creating environment hook '/home/kuba/PBL/install/pbl_bringup/share/pbl_bringup/hook/cmake_prefix_path.sh'
[1.089s] Level 1:colcon.colcon_core.environment:checking '/home/kuba/PBL/install/pbl_bringup/lib'
[1.089s] Level 1:colcon.colcon_core.environment:checking '/home/kuba/PBL/install/pbl_bringup/bin'
[1.089s] Level 1:colcon.colcon_core.environment:checking '/home/kuba/PBL/install/pbl_bringup/lib/pkgconfig/pbl_bringup.pc'
[1.090s] Level 1:colcon.colcon_core.environment:checking '/home/kuba/PBL/install/pbl_bringup/lib/python3.10/site-packages'
[1.091s] Level 1:colcon.colcon_core.environment:checking '/home/kuba/PBL/install/pbl_bringup/bin'
[1.092s] INFO:colcon.colcon_core.shell:Creating package script '/home/kuba/PBL/install/pbl_bringup/share/pbl_bringup/package.ps1'
[1.094s] INFO:colcon.colcon_core.shell:Creating package descriptor '/home/kuba/PBL/install/pbl_bringup/share/pbl_bringup/package.dsv'
[1.096s] INFO:colcon.colcon_core.shell:Creating package script '/home/kuba/PBL/install/pbl_bringup/share/pbl_bringup/package.sh'
[1.097s] INFO:colcon.colcon_core.shell:Creating package script '/home/kuba/PBL/install/pbl_bringup/share/pbl_bringup/package.bash'
[1.099s] INFO:colcon.colcon_core.shell:Creating package script '/home/kuba/PBL/install/pbl_bringup/share/pbl_bringup/package.zsh'
[1.100s] Level 1:colcon.colcon_core.environment:create_file_with_runtime_dependencies(/home/kuba/PBL/install/pbl_bringup/share/colcon-core/packages/pbl_bringup)
[1.101s] DEBUG:colcon.colcon_parallel_executor.executor.parallel:closing loop
[1.101s] DEBUG:colcon.colcon_parallel_executor.executor.parallel:loop closed
[1.101s] DEBUG:colcon.colcon_parallel_executor.executor.parallel:run_until_complete finished with '0'
[1.102s] DEBUG:colcon.colcon_core.event_reactor:joining thread
[1.121s] INFO:colcon.colcon_core.plugin_system:Skipping extension 'colcon_notification.desktop_notification.terminal_notifier': Not used on non-Darwin systems
[1.121s] INFO:colcon.colcon_core.plugin_system:Skipping extension 'colcon_notification.desktop_notification.win32': Not used on non-Windows systems
[1.122s] INFO:colcon.colcon_notification.desktop_notification:Sending desktop notification using 'notify2'
[1.167s] DEBUG:colcon.colcon_core.event_reactor:joined thread
[1.168s] INFO:colcon.colcon_core.shell:Creating prefix script '/home/kuba/PBL/install/local_setup.ps1'
[1.169s] INFO:colcon.colcon_core.shell:Creating prefix util module '/home/kuba/PBL/install/_local_setup_util_ps1.py'
[1.171s] INFO:colcon.colcon_core.shell:Creating prefix chain script '/home/kuba/PBL/install/setup.ps1'
[1.173s] INFO:colcon.colcon_core.shell:Creating prefix script '/home/kuba/PBL/install/local_setup.sh'
[1.174s] INFO:colcon.colcon_core.shell:Creating prefix util module '/home/kuba/PBL/install/_local_setup_util_sh.py'
[1.175s] INFO:colcon.colcon_core.shell:Creating prefix chain script '/home/kuba/PBL/install/setup.sh'
[1.176s] INFO:colcon.colcon_core.shell:Creating prefix script '/home/kuba/PBL/install/local_setup.bash'
[1.177s] INFO:colcon.colcon_core.shell:Creating prefix chain script '/home/kuba/PBL/install/setup.bash'
[1.179s] INFO:colcon.colcon_core.shell:Creating prefix script '/home/kuba/PBL/install/local_setup.zsh'
[1.180s] INFO:colcon.colcon_core.shell:Creating prefix chain script '/home/kuba/PBL/install/setup.zsh'
