[0.074s] DEBUG:colcon:Command line arguments: ['/usr/bin/colcon', 'build', '--symlink-install']
[0.074s] DEBUG:colcon:Parsed command line arguments: Namespace(log_base=None, log_level=None, verb_name='build', build_base='build', install_base='install', merge_install=False, symlink_install=True, test_result_base=None, continue_on_error=False, executor='parallel', parallel_workers=16, event_handlers=None, ignore_user_meta=False, metas=['./colcon.meta'], base_paths=['.'], packages_ignore=None, packages_ignore_regex=None, paths=None, packages_up_to=None, packages_up_to_regex=None, packages_above=None, packages_above_and_dependencies=None, packages_above_depth=None, packages_select_by_dep=None, packages_skip_by_dep=None, packages_skip_up_to=None, packages_select_build_failed=False, packages_skip_build_finished=False, packages_select_test_failures=False, packages_skip_test_passed=False, packages_select=None, packages_skip=None, packages_select_regex=None, packages_skip_regex=None, packages_start=None, packages_end=None, allow_overriding=[], cmake_args=None, cmake_target=None, cmake_target_skip_unavailable=False, cmake_clean_cache=False, cmake_clean_first=False, cmake_force_configure=False, ament_cmake_args=None, catkin_cmake_args=None, catkin_skip_building_tests=False, verb_parser=<colcon_defaults.argument_parser.defaults.DefaultArgumentsDecorator object at 0x7a1c61348c40>, verb_extension=<colcon_core.verb.build.BuildVerb object at 0x7a1c61348730>, main=<bound method BuildVerb.main of <colcon_core.verb.build.BuildVerb object at 0x7a1c61348730>>)
[0.192s] Level 1:colcon.colcon_core.package_discovery:discover_packages(colcon_meta) check parameters
[0.192s] Level 1:colcon.colcon_core.package_discovery:discover_packages(recursive) check parameters
[0.192s] Level 1:colcon.colcon_core.package_discovery:discover_packages(ignore) check parameters
[0.192s] Level 1:colcon.colcon_core.package_discovery:discover_packages(path) check parameters
[0.192s] Level 1:colcon.colcon_core.package_discovery:discover_packages(colcon_meta) discover
[0.192s] Level 1:colcon.colcon_core.package_discovery:discover_packages(recursive) discover
[0.192s] INFO:colcon.colcon_core.package_discovery:Crawling recursively for packages in '/home/kuba/PBL'
[0.192s] Level 1:colcon.colcon_core.package_identification:_identify(.) by extensions ['ignore', 'ignore_ament_install']
[0.192s] Level 1:colcon.colcon_core.package_identification:_identify(.) by extension 'ignore'
[0.192s] Level 1:colcon.colcon_core.package_identification:_identify(.) by extension 'ignore_ament_install'
[0.192s] Level 1:colcon.colcon_core.package_identification:_identify(.) by extensions ['colcon_pkg']
[0.192s] Level 1:colcon.colcon_core.package_identification:_identify(.) by extension 'colcon_pkg'
[0.192s] Level 1:colcon.colcon_core.package_identification:_identify(.) by extensions ['colcon_meta']
[0.192s] Level 1:colcon.colcon_core.package_identification:_identify(.) by extension 'colcon_meta'
[0.192s] Level 1:colcon.colcon_core.package_identification:_identify(.) by extensions ['ros']
[0.192s] Level 1:colcon.colcon_core.package_identification:_identify(.) by extension 'ros'
[0.201s] Level 1:colcon.colcon_core.package_identification:_identify(.) by extensions ['cmake', 'python']
[0.201s] Level 1:colcon.colcon_core.package_identification:_identify(.) by extension 'cmake'
[0.201s] Level 1:colcon.colcon_core.package_identification:_identify(.) by extension 'python'
[0.201s] Level 1:colcon.colcon_core.package_identification:_identify(.) by extensions ['python_setup_py']
[0.201s] Level 1:colcon.colcon_core.package_identification:_identify(.) by extension 'python_setup_py'
[0.201s] Level 1:colcon.colcon_core.package_identification:_identify(build) by extensions ['ignore', 'ignore_ament_install']
[0.202s] Level 1:colcon.colcon_core.package_identification:_identify(build) by extension 'ignore'
[0.202s] Level 1:colcon.colcon_core.package_identification:_identify(build) ignored
[0.202s] Level 1:colcon.colcon_core.package_identification:_identify(install) by extensions ['ignore', 'ignore_ament_install']
[0.202s] Level 1:colcon.colcon_core.package_identification:_identify(install) by extension 'ignore'
[0.202s] Level 1:colcon.colcon_core.package_identification:_identify(install) ignored
[0.202s] Level 1:colcon.colcon_core.package_identification:_identify(log) by extensions ['ignore', 'ignore_ament_install']
[0.202s] Level 1:colcon.colcon_core.package_identification:_identify(log) by extension 'ignore'
[0.202s] Level 1:colcon.colcon_core.package_identification:_identify(log) ignored
[0.202s] Level 1:colcon.colcon_core.package_identification:_identify(src) by extensions ['ignore', 'ignore_ament_install']
[0.202s] Level 1:colcon.colcon_core.package_identification:_identify(src) by extension 'ignore'
[0.202s] Level 1:colcon.colcon_core.package_identification:_identify(src) by extension 'ignore_ament_install'
[0.202s] Level 1:colcon.colcon_core.package_identification:_identify(src) by extensions ['colcon_pkg']
[0.202s] Level 1:colcon.colcon_core.package_identification:_identify(src) by extension 'colcon_pkg'
[0.202s] Level 1:colcon.colcon_core.package_identification:_identify(src) by extensions ['colcon_meta']
[0.202s] Level 1:colcon.colcon_core.package_identification:_identify(src) by extension 'colcon_meta'
[0.203s] Level 1:colcon.colcon_core.package_identification:_identify(src) by extensions ['ros']
[0.203s] Level 1:colcon.colcon_core.package_identification:_identify(src) by extension 'ros'
[0.203s] Level 1:colcon.colcon_core.package_identification:_identify(src) by extensions ['cmake', 'python']
[0.203s] Level 1:colcon.colcon_core.package_identification:_identify(src) by extension 'cmake'
[0.203s] Level 1:colcon.colcon_core.package_identification:_identify(src) by extension 'python'
[0.203s] Level 1:colcon.colcon_core.package_identification:_identify(src) by extensions ['python_setup_py']
[0.203s] Level 1:colcon.colcon_core.package_identification:_identify(src) by extension 'python_setup_py'
[0.203s] Level 1:colcon.colcon_core.package_identification:_identify(src/odrive) by extensions ['ignore', 'ignore_ament_install']
[0.203s] Level 1:colcon.colcon_core.package_identification:_identify(src/odrive) by extension 'ignore'
[0.203s] Level 1:colcon.colcon_core.package_identification:_identify(src/odrive) by extension 'ignore_ament_install'
[0.203s] Level 1:colcon.colcon_core.package_identification:_identify(src/odrive) by extensions ['colcon_pkg']
[0.203s] Level 1:colcon.colcon_core.package_identification:_identify(src/odrive) by extension 'colcon_pkg'
[0.203s] Level 1:colcon.colcon_core.package_identification:_identify(src/odrive) by extensions ['colcon_meta']
[0.203s] Level 1:colcon.colcon_core.package_identification:_identify(src/odrive) by extension 'colcon_meta'
[0.203s] Level 1:colcon.colcon_core.package_identification:_identify(src/odrive) by extensions ['ros']
[0.203s] Level 1:colcon.colcon_core.package_identification:_identify(src/odrive) by extension 'ros'
[0.205s] DEBUG:colcon.colcon_core.package_identification:Package 'src/odrive' with type 'ros.ament_cmake' and name 'odrive'
[0.205s] Level 1:colcon.colcon_core.package_identification:_identify(src/pbl_bringup) by extensions ['ignore', 'ignore_ament_install']
[0.205s] Level 1:colcon.colcon_core.package_identification:_identify(src/pbl_bringup) by extension 'ignore'
[0.205s] Level 1:colcon.colcon_core.package_identification:_identify(src/pbl_bringup) by extension 'ignore_ament_install'
[0.205s] Level 1:colcon.colcon_core.package_identification:_identify(src/pbl_bringup) by extensions ['colcon_pkg']
[0.205s] Level 1:colcon.colcon_core.package_identification:_identify(src/pbl_bringup) by extension 'colcon_pkg'
[0.205s] Level 1:colcon.colcon_core.package_identification:_identify(src/pbl_bringup) by extensions ['colcon_meta']
[0.205s] Level 1:colcon.colcon_core.package_identification:_identify(src/pbl_bringup) by extension 'colcon_meta'
[0.205s] Level 1:colcon.colcon_core.package_identification:_identify(src/pbl_bringup) by extensions ['ros']
[0.205s] Level 1:colcon.colcon_core.package_identification:_identify(src/pbl_bringup) by extension 'ros'
[0.206s] DEBUG:colcon.colcon_core.package_identification:Package 'src/pbl_bringup' with type 'ros.ament_cmake' and name 'pbl_bringup'
[0.206s] Level 1:colcon.colcon_core.package_identification:_identify(src/pbl_description) by extensions ['ignore', 'ignore_ament_install']
[0.206s] Level 1:colcon.colcon_core.package_identification:_identify(src/pbl_description) by extension 'ignore'
[0.206s] Level 1:colcon.colcon_core.package_identification:_identify(src/pbl_description) by extension 'ignore_ament_install'
[0.206s] Level 1:colcon.colcon_core.package_identification:_identify(src/pbl_description) by extensions ['colcon_pkg']
[0.206s] Level 1:colcon.colcon_core.package_identification:_identify(src/pbl_description) by extension 'colcon_pkg'
[0.206s] Level 1:colcon.colcon_core.package_identification:_identify(src/pbl_description) by extensions ['colcon_meta']
[0.206s] Level 1:colcon.colcon_core.package_identification:_identify(src/pbl_description) by extension 'colcon_meta'
[0.206s] Level 1:colcon.colcon_core.package_identification:_identify(src/pbl_description) by extensions ['ros']
[0.206s] Level 1:colcon.colcon_core.package_identification:_identify(src/pbl_description) by extension 'ros'
[0.207s] DEBUG:colcon.colcon_core.package_identification:Package 'src/pbl_description' with type 'ros.ament_cmake' and name 'pbl_description'
[0.207s] Level 1:colcon.colcon_core.package_discovery:discover_packages(recursive) using defaults
[0.207s] Level 1:colcon.colcon_core.package_discovery:discover_packages(ignore) discover
[0.207s] Level 1:colcon.colcon_core.package_discovery:discover_packages(ignore) using defaults
[0.207s] Level 1:colcon.colcon_core.package_discovery:discover_packages(path) discover
[0.207s] Level 1:colcon.colcon_core.package_discovery:discover_packages(path) using defaults
[0.220s] Level 1:colcon.colcon_core.package_discovery:discover_packages(prefix_path) check parameters
[0.220s] Level 1:colcon.colcon_core.package_discovery:discover_packages(prefix_path) discover
[0.222s] DEBUG:colcon.colcon_installed_package_information.package_discovery:Found 5 installed packages in /home/kuba/PBL/install
[0.222s] DEBUG:colcon.colcon_installed_package_information.package_discovery:Found 3 installed packages in /home/kuba/PBL_SLAM_ws/install
[0.223s] DEBUG:colcon.colcon_installed_package_information.package_discovery:Found 378 installed packages in /opt/ros/humble
[0.230s] Level 1:colcon.colcon_core.package_discovery:discover_packages(prefix_path) using defaults
[0.264s] Level 5:colcon.colcon_core.verb:set package 'odrive' build argument 'cmake_args' from command line to 'None'
[0.264s] Level 5:colcon.colcon_core.verb:set package 'odrive' build argument 'cmake_target' from command line to 'None'
[0.264s] Level 5:colcon.colcon_core.verb:set package 'odrive' build argument 'cmake_target_skip_unavailable' from command line to 'False'
[0.264s] Level 5:colcon.colcon_core.verb:set package 'odrive' build argument 'cmake_clean_cache' from command line to 'False'
[0.264s] Level 5:colcon.colcon_core.verb:set package 'odrive' build argument 'cmake_clean_first' from command line to 'False'
[0.264s] Level 5:colcon.colcon_core.verb:set package 'odrive' build argument 'cmake_force_configure' from command line to 'False'
[0.264s] Level 5:colcon.colcon_core.verb:set package 'odrive' build argument 'ament_cmake_args' from command line to 'None'
[0.264s] Level 5:colcon.colcon_core.verb:set package 'odrive' build argument 'catkin_cmake_args' from command line to 'None'
[0.264s] Level 5:colcon.colcon_core.verb:set package 'odrive' build argument 'catkin_skip_building_tests' from command line to 'False'
[0.264s] DEBUG:colcon.colcon_core.verb:Building package 'odrive' with the following arguments: {'ament_cmake_args': None, 'build_base': '/home/kuba/PBL/build/odrive', 'catkin_cmake_args': None, 'catkin_skip_building_tests': False, 'cmake_args': None, 'cmake_clean_cache': False, 'cmake_clean_first': False, 'cmake_force_configure': False, 'cmake_target': None, 'cmake_target_skip_unavailable': False, 'install_base': '/home/kuba/PBL/install/odrive', 'merge_install': False, 'path': '/home/kuba/PBL/src/odrive', 'symlink_install': True, 'test_result_base': None}
[0.264s] Level 5:colcon.colcon_core.verb:set package 'pbl_bringup' build argument 'cmake_args' from command line to 'None'
[0.264s] Level 5:colcon.colcon_core.verb:set package 'pbl_bringup' build argument 'cmake_target' from command line to 'None'
[0.264s] Level 5:colcon.colcon_core.verb:set package 'pbl_bringup' build argument 'cmake_target_skip_unavailable' from command line to 'False'
[0.265s] Level 5:colcon.colcon_core.verb:set package 'pbl_bringup' build argument 'cmake_clean_cache' from command line to 'False'
[0.265s] Level 5:colcon.colcon_core.verb:set package 'pbl_bringup' build argument 'cmake_clean_first' from command line to 'False'
[0.265s] Level 5:colcon.colcon_core.verb:set package 'pbl_bringup' build argument 'cmake_force_configure' from command line to 'False'
[0.265s] Level 5:colcon.colcon_core.verb:set package 'pbl_bringup' build argument 'ament_cmake_args' from command line to 'None'
[0.265s] Level 5:colcon.colcon_core.verb:set package 'pbl_bringup' build argument 'catkin_cmake_args' from command line to 'None'
[0.265s] Level 5:colcon.colcon_core.verb:set package 'pbl_bringup' build argument 'catkin_skip_building_tests' from command line to 'False'
[0.265s] DEBUG:colcon.colcon_core.verb:Building package 'pbl_bringup' with the following arguments: {'ament_cmake_args': None, 'build_base': '/home/kuba/PBL/build/pbl_bringup', 'catkin_cmake_args': None, 'catkin_skip_building_tests': False, 'cmake_args': None, 'cmake_clean_cache': False, 'cmake_clean_first': False, 'cmake_force_configure': False, 'cmake_target': None, 'cmake_target_skip_unavailable': False, 'install_base': '/home/kuba/PBL/install/pbl_bringup', 'merge_install': False, 'path': '/home/kuba/PBL/src/pbl_bringup', 'symlink_install': True, 'test_result_base': None}
[0.265s] Level 5:colcon.colcon_core.verb:set package 'pbl_description' build argument 'cmake_args' from command line to 'None'
[0.265s] Level 5:colcon.colcon_core.verb:set package 'pbl_description' build argument 'cmake_target' from command line to 'None'
[0.265s] Level 5:colcon.colcon_core.verb:set package 'pbl_description' build argument 'cmake_target_skip_unavailable' from command line to 'False'
[0.265s] Level 5:colcon.colcon_core.verb:set package 'pbl_description' build argument 'cmake_clean_cache' from command line to 'False'
[0.265s] Level 5:colcon.colcon_core.verb:set package 'pbl_description' build argument 'cmake_clean_first' from command line to 'False'
[0.265s] Level 5:colcon.colcon_core.verb:set package 'pbl_description' build argument 'cmake_force_configure' from command line to 'False'
[0.265s] Level 5:colcon.colcon_core.verb:set package 'pbl_description' build argument 'ament_cmake_args' from command line to 'None'
[0.265s] Level 5:colcon.colcon_core.verb:set package 'pbl_description' build argument 'catkin_cmake_args' from command line to 'None'
[0.265s] Level 5:colcon.colcon_core.verb:set package 'pbl_description' build argument 'catkin_skip_building_tests' from command line to 'False'
[0.265s] DEBUG:colcon.colcon_core.verb:Building package 'pbl_description' with the following arguments: {'ament_cmake_args': None, 'build_base': '/home/kuba/PBL/build/pbl_description', 'catkin_cmake_args': None, 'catkin_skip_building_tests': False, 'cmake_args': None, 'cmake_clean_cache': False, 'cmake_clean_first': False, 'cmake_force_configure': False, 'cmake_target': None, 'cmake_target_skip_unavailable': False, 'install_base': '/home/kuba/PBL/install/pbl_description', 'merge_install': False, 'path': '/home/kuba/PBL/src/pbl_description', 'symlink_install': True, 'test_result_base': None}
[0.265s] INFO:colcon.colcon_core.executor:Executing jobs using 'parallel' executor
[0.266s] DEBUG:colcon.colcon_parallel_executor.executor.parallel:run_until_complete
[0.266s] INFO:colcon.colcon_ros.task.ament_cmake.build:Building ROS package in '/home/kuba/PBL/src/odrive' with build type 'ament_cmake'
[0.266s] INFO:colcon.colcon_cmake.task.cmake.build:Building CMake package in '/home/kuba/PBL/src/odrive'
[0.268s] INFO:colcon.colcon_core.plugin_system:Skipping extension 'colcon_core.shell.bat': Not used on non-Windows systems
[0.268s] INFO:colcon.colcon_core.shell:Skip shell extension 'powershell' for command environment: Not usable outside of PowerShell
[0.268s] DEBUG:colcon.colcon_core.shell:Skip shell extension 'dsv' for command environment
[0.271s] INFO:colcon.colcon_ros.task.ament_cmake.build:Building ROS package in '/home/kuba/PBL/src/pbl_bringup' with build type 'ament_cmake'
[0.271s] INFO:colcon.colcon_cmake.task.cmake.build:Building CMake package in '/home/kuba/PBL/src/pbl_bringup'
[0.272s] INFO:colcon.colcon_core.shell:Skip shell extension 'powershell' for command environment: Not usable outside of PowerShell
[0.272s] DEBUG:colcon.colcon_core.shell:Skip shell extension 'dsv' for command environment
[0.274s] INFO:colcon.colcon_ros.task.ament_cmake.build:Building ROS package in '/home/kuba/PBL/src/pbl_description' with build type 'ament_cmake'
[0.275s] INFO:colcon.colcon_cmake.task.cmake.build:Building CMake package in '/home/kuba/PBL/src/pbl_description'
[0.275s] INFO:colcon.colcon_core.shell:Skip shell extension 'powershell' for command environment: Not usable outside of PowerShell
[0.275s] DEBUG:colcon.colcon_core.shell:Skip shell extension 'dsv' for command environment
[0.283s] DEBUG:colcon.colcon_core.event_handler.log_command:Invoking command in '/home/kuba/PBL/build/odrive': CMAKE_PREFIX_PATH=${CMAKE_PREFIX_PATH}:/opt/ros/humble /usr/bin/cmake --build /home/kuba/PBL/build/odrive -- -j16 -l16
[0.286s] DEBUG:colcon.colcon_core.event_handler.log_command:Invoking command in '/home/kuba/PBL/build/pbl_bringup': CMAKE_PREFIX_PATH=${CMAKE_PREFIX_PATH}:/opt/ros/humble /usr/bin/cmake --build /home/kuba/PBL/build/pbl_bringup -- -j16 -l16
[0.289s] DEBUG:colcon.colcon_core.event_handler.log_command:Invoking command in '/home/kuba/PBL/build/pbl_description': CMAKE_PREFIX_PATH=${CMAKE_PREFIX_PATH}:/opt/ros/humble /usr/bin/cmake --build /home/kuba/PBL/build/pbl_description -- -j16 -l16
[0.311s] DEBUG:colcon.colcon_core.event_handler.log_command:Invoked command in '/home/kuba/PBL/build/pbl_bringup' returned '0': CMAKE_PREFIX_PATH=${CMAKE_PREFIX_PATH}:/opt/ros/humble /usr/bin/cmake --build /home/kuba/PBL/build/pbl_bringup -- -j16 -l16
[0.315s] DEBUG:colcon.colcon_core.event_handler.log_command:Invoked command in '/home/kuba/PBL/build/pbl_description' returned '0': CMAKE_PREFIX_PATH=${CMAKE_PREFIX_PATH}:/opt/ros/humble /usr/bin/cmake --build /home/kuba/PBL/build/pbl_description -- -j16 -l16
[0.332s] DEBUG:colcon.colcon_core.event_handler.log_command:Invoking command in '/home/kuba/PBL/build/pbl_bringup': CMAKE_PREFIX_PATH=${CMAKE_PREFIX_PATH}:/opt/ros/humble /usr/bin/cmake --install /home/kuba/PBL/build/pbl_bringup
[0.334s] DEBUG:colcon.colcon_core.event_handler.log_command:Invoking command in '/home/kuba/PBL/build/pbl_description': CMAKE_PREFIX_PATH=${CMAKE_PREFIX_PATH}:/opt/ros/humble /usr/bin/cmake --install /home/kuba/PBL/build/pbl_description
[0.348s] Level 1:colcon.colcon_core.environment:create_environment_scripts_only(pbl_bringup)
[0.349s] DEBUG:colcon.colcon_core.event_handler.log_command:Invoked command in '/home/kuba/PBL/build/pbl_bringup' returned '0': CMAKE_PREFIX_PATH=${CMAKE_PREFIX_PATH}:/opt/ros/humble /usr/bin/cmake --install /home/kuba/PBL/build/pbl_bringup
[0.350s] Level 1:colcon.colcon_core.environment:checking '/home/kuba/PBL/install/pbl_bringup' for CMake module files
[0.351s] Level 1:colcon.colcon_core.environment:checking '/home/kuba/PBL/install/pbl_bringup' for CMake config files
[0.351s] Level 1:colcon.colcon_core.shell:create_environment_hook('pbl_bringup', 'cmake_prefix_path')
[0.351s] INFO:colcon.colcon_core.shell:Creating environment hook '/home/kuba/PBL/install/pbl_bringup/share/pbl_bringup/hook/cmake_prefix_path.ps1'
[0.352s] INFO:colcon.colcon_core.shell:Creating environment descriptor '/home/kuba/PBL/install/pbl_bringup/share/pbl_bringup/hook/cmake_prefix_path.dsv'
[0.352s] INFO:colcon.colcon_core.shell:Creating environment hook '/home/kuba/PBL/install/pbl_bringup/share/pbl_bringup/hook/cmake_prefix_path.sh'
[0.353s] Level 1:colcon.colcon_core.environment:checking '/home/kuba/PBL/install/pbl_bringup/bin'
[0.353s] Level 1:colcon.colcon_core.environment:checking '/home/kuba/PBL/install/pbl_bringup/lib/pkgconfig/pbl_bringup.pc'
[0.353s] Level 1:colcon.colcon_core.environment:checking '/home/kuba/PBL/install/pbl_bringup/lib/python3.10/site-packages'
[0.353s] Level 1:colcon.colcon_core.environment:checking '/home/kuba/PBL/install/pbl_bringup/bin'
[0.353s] INFO:colcon.colcon_core.shell:Creating package script '/home/kuba/PBL/install/pbl_bringup/share/pbl_bringup/package.ps1'
[0.354s] INFO:colcon.colcon_core.shell:Creating package descriptor '/home/kuba/PBL/install/pbl_bringup/share/pbl_bringup/package.dsv'
[0.355s] INFO:colcon.colcon_core.shell:Creating package script '/home/kuba/PBL/install/pbl_bringup/share/pbl_bringup/package.sh'
[0.355s] INFO:colcon.colcon_core.shell:Creating package script '/home/kuba/PBL/install/pbl_bringup/share/pbl_bringup/package.bash'
[0.356s] INFO:colcon.colcon_core.shell:Creating package script '/home/kuba/PBL/install/pbl_bringup/share/pbl_bringup/package.zsh'
[0.356s] Level 1:colcon.colcon_core.environment:create_file_with_runtime_dependencies(/home/kuba/PBL/install/pbl_bringup/share/colcon-core/packages/pbl_bringup)
[0.357s] Level 1:colcon.colcon_core.environment:create_environment_scripts_only(pbl_description)
[0.358s] Level 1:colcon.colcon_core.environment:checking '/home/kuba/PBL/install/pbl_description' for CMake module files
[0.358s] DEBUG:colcon.colcon_core.event_handler.log_command:Invoked command in '/home/kuba/PBL/build/pbl_description' returned '0': CMAKE_PREFIX_PATH=${CMAKE_PREFIX_PATH}:/opt/ros/humble /usr/bin/cmake --install /home/kuba/PBL/build/pbl_description
[0.358s] Level 1:colcon.colcon_core.environment:checking '/home/kuba/PBL/install/pbl_description' for CMake config files
[0.358s] Level 1:colcon.colcon_core.shell:create_environment_hook('pbl_description', 'cmake_prefix_path')
[0.359s] INFO:colcon.colcon_core.shell:Creating environment hook '/home/kuba/PBL/install/pbl_description/share/pbl_description/hook/cmake_prefix_path.ps1'
[0.359s] INFO:colcon.colcon_core.shell:Creating environment descriptor '/home/kuba/PBL/install/pbl_description/share/pbl_description/hook/cmake_prefix_path.dsv'
[0.359s] INFO:colcon.colcon_core.shell:Creating environment hook '/home/kuba/PBL/install/pbl_description/share/pbl_description/hook/cmake_prefix_path.sh'
[0.360s] Level 1:colcon.colcon_core.environment:checking '/home/kuba/PBL/install/pbl_description/bin'
[0.360s] Level 1:colcon.colcon_core.environment:checking '/home/kuba/PBL/install/pbl_description/lib/pkgconfig/pbl_description.pc'
[0.360s] Level 1:colcon.colcon_core.environment:checking '/home/kuba/PBL/install/pbl_description/lib/python3.10/site-packages'
[0.360s] Level 1:colcon.colcon_core.environment:checking '/home/kuba/PBL/install/pbl_description/bin'
[0.360s] INFO:colcon.colcon_core.shell:Creating package script '/home/kuba/PBL/install/pbl_description/share/pbl_description/package.ps1'
[0.360s] INFO:colcon.colcon_core.shell:Creating package descriptor '/home/kuba/PBL/install/pbl_description/share/pbl_description/package.dsv'
[0.361s] INFO:colcon.colcon_core.shell:Creating package script '/home/kuba/PBL/install/pbl_description/share/pbl_description/package.sh'
[0.361s] INFO:colcon.colcon_core.shell:Creating package script '/home/kuba/PBL/install/pbl_description/share/pbl_description/package.bash'
[0.361s] INFO:colcon.colcon_core.shell:Creating package script '/home/kuba/PBL/install/pbl_description/share/pbl_description/package.zsh'
[0.362s] Level 1:colcon.colcon_core.environment:create_file_with_runtime_dependencies(/home/kuba/PBL/install/pbl_description/share/colcon-core/packages/pbl_description)
[0.371s] Level 1:colcon.colcon_core.environment:create_environment_scripts_only(pbl_bringup)
[0.371s] Level 1:colcon.colcon_core.environment:checking '/home/kuba/PBL/install/pbl_bringup' for CMake module files
[0.372s] Level 1:colcon.colcon_core.environment:checking '/home/kuba/PBL/install/pbl_bringup' for CMake config files
[0.372s] Level 1:colcon.colcon_core.shell:create_environment_hook('pbl_bringup', 'cmake_prefix_path')
[0.372s] INFO:colcon.colcon_core.shell:Creating environment hook '/home/kuba/PBL/install/pbl_bringup/share/pbl_bringup/hook/cmake_prefix_path.ps1'
[0.372s] INFO:colcon.colcon_core.shell:Creating environment descriptor '/home/kuba/PBL/install/pbl_bringup/share/pbl_bringup/hook/cmake_prefix_path.dsv'
[0.373s] INFO:colcon.colcon_core.shell:Creating environment hook '/home/kuba/PBL/install/pbl_bringup/share/pbl_bringup/hook/cmake_prefix_path.sh'
[0.373s] Level 1:colcon.colcon_core.environment:checking '/home/kuba/PBL/install/pbl_bringup/bin'
[0.373s] Level 1:colcon.colcon_core.environment:checking '/home/kuba/PBL/install/pbl_bringup/lib/pkgconfig/pbl_bringup.pc'
[0.373s] Level 1:colcon.colcon_core.environment:checking '/home/kuba/PBL/install/pbl_bringup/lib/python3.10/site-packages'
[0.374s] Level 1:colcon.colcon_core.environment:checking '/home/kuba/PBL/install/pbl_bringup/bin'
[0.374s] INFO:colcon.colcon_core.shell:Creating package script '/home/kuba/PBL/install/pbl_bringup/share/pbl_bringup/package.ps1'
[0.374s] INFO:colcon.colcon_core.shell:Creating package descriptor '/home/kuba/PBL/install/pbl_bringup/share/pbl_bringup/package.dsv'
[0.374s] INFO:colcon.colcon_core.shell:Creating package script '/home/kuba/PBL/install/pbl_bringup/share/pbl_bringup/package.sh'
[0.375s] INFO:colcon.colcon_core.shell:Creating package script '/home/kuba/PBL/install/pbl_bringup/share/pbl_bringup/package.bash'
[0.375s] INFO:colcon.colcon_core.shell:Creating package script '/home/kuba/PBL/install/pbl_bringup/share/pbl_bringup/package.zsh'
[0.375s] Level 1:colcon.colcon_core.environment:create_file_with_runtime_dependencies(/home/kuba/PBL/install/pbl_bringup/share/colcon-core/packages/pbl_bringup)
[0.376s] Level 1:colcon.colcon_core.environment:create_environment_scripts_only(pbl_description)
[0.376s] Level 1:colcon.colcon_core.environment:checking '/home/kuba/PBL/install/pbl_description' for CMake module files
[0.377s] Level 1:colcon.colcon_core.environment:checking '/home/kuba/PBL/install/pbl_description' for CMake config files
[0.377s] Level 1:colcon.colcon_core.shell:create_environment_hook('pbl_description', 'cmake_prefix_path')
[0.377s] INFO:colcon.colcon_core.shell:Creating environment hook '/home/kuba/PBL/install/pbl_description/share/pbl_description/hook/cmake_prefix_path.ps1'
[0.378s] INFO:colcon.colcon_core.shell:Creating environment descriptor '/home/kuba/PBL/install/pbl_description/share/pbl_description/hook/cmake_prefix_path.dsv'
[0.378s] INFO:colcon.colcon_core.shell:Creating environment hook '/home/kuba/PBL/install/pbl_description/share/pbl_description/hook/cmake_prefix_path.sh'
[0.379s] Level 1:colcon.colcon_core.environment:checking '/home/kuba/PBL/install/pbl_description/bin'
[0.379s] Level 1:colcon.colcon_core.environment:checking '/home/kuba/PBL/install/pbl_description/lib/pkgconfig/pbl_description.pc'
[0.379s] Level 1:colcon.colcon_core.environment:checking '/home/kuba/PBL/install/pbl_description/lib/python3.10/site-packages'
[0.379s] Level 1:colcon.colcon_core.environment:checking '/home/kuba/PBL/install/pbl_description/bin'
[0.379s] INFO:colcon.colcon_core.shell:Creating package script '/home/kuba/PBL/install/pbl_description/share/pbl_description/package.ps1'
[0.380s] INFO:colcon.colcon_core.shell:Creating package descriptor '/home/kuba/PBL/install/pbl_description/share/pbl_description/package.dsv'
[0.380s] INFO:colcon.colcon_core.shell:Creating package script '/home/kuba/PBL/install/pbl_description/share/pbl_description/package.sh'
[0.380s] INFO:colcon.colcon_core.shell:Creating package script '/home/kuba/PBL/install/pbl_description/share/pbl_description/package.bash'
[0.381s] INFO:colcon.colcon_core.shell:Creating package script '/home/kuba/PBL/install/pbl_description/share/pbl_description/package.zsh'
[0.381s] Level 1:colcon.colcon_core.environment:create_file_with_runtime_dependencies(/home/kuba/PBL/install/pbl_description/share/colcon-core/packages/pbl_description)
[0.462s] DEBUG:colcon.colcon_core.event_handler.log_command:Invoked command in '/home/kuba/PBL/build/odrive' returned '2': CMAKE_PREFIX_PATH=${CMAKE_PREFIX_PATH}:/opt/ros/humble /usr/bin/cmake --build /home/kuba/PBL/build/odrive -- -j16 -l16
[0.476s] Level 1:colcon.colcon_core.environment:create_environment_scripts_only(odrive)
[0.476s] Level 1:colcon.colcon_core.environment:checking '/home/kuba/PBL/install/odrive' for CMake module files
[0.477s] Level 1:colcon.colcon_core.environment:checking '/home/kuba/PBL/install/odrive' for CMake config files
[0.477s] Level 1:colcon.colcon_core.shell:create_environment_hook('odrive', 'cmake_prefix_path')
[0.477s] INFO:colcon.colcon_core.shell:Creating environment hook '/home/kuba/PBL/install/odrive/share/odrive/hook/cmake_prefix_path.ps1'
[0.478s] INFO:colcon.colcon_core.shell:Creating environment descriptor '/home/kuba/PBL/install/odrive/share/odrive/hook/cmake_prefix_path.dsv'
[0.478s] INFO:colcon.colcon_core.shell:Creating environment hook '/home/kuba/PBL/install/odrive/share/odrive/hook/cmake_prefix_path.sh'
[0.478s] Level 1:colcon.colcon_core.environment:checking '/home/kuba/PBL/install/odrive/bin'
[0.478s] Level 1:colcon.colcon_core.environment:checking '/home/kuba/PBL/install/odrive/lib/pkgconfig/odrive.pc'
[0.478s] Level 1:colcon.colcon_core.environment:checking '/home/kuba/PBL/install/odrive/lib/python3.10/site-packages'
[0.479s] Level 1:colcon.colcon_core.environment:checking '/home/kuba/PBL/install/odrive/bin'
[0.479s] INFO:colcon.colcon_core.shell:Creating package script '/home/kuba/PBL/install/odrive/share/odrive/package.ps1'
[0.479s] INFO:colcon.colcon_core.shell:Creating package descriptor '/home/kuba/PBL/install/odrive/share/odrive/package.dsv'
[0.480s] INFO:colcon.colcon_core.shell:Creating package script '/home/kuba/PBL/install/odrive/share/odrive/package.sh'
[0.480s] INFO:colcon.colcon_core.shell:Creating package script '/home/kuba/PBL/install/odrive/share/odrive/package.bash'
[0.480s] INFO:colcon.colcon_core.shell:Creating package script '/home/kuba/PBL/install/odrive/share/odrive/package.zsh'
[0.481s] Level 1:colcon.colcon_core.environment:create_file_with_runtime_dependencies(/home/kuba/PBL/install/odrive/share/colcon-core/packages/odrive)
[0.491s] DEBUG:colcon.colcon_parallel_executor.executor.parallel:closing loop
[0.491s] DEBUG:colcon.colcon_parallel_executor.executor.parallel:loop closed
[0.491s] DEBUG:colcon.colcon_parallel_executor.executor.parallel:run_until_complete finished with '2'
[0.491s] DEBUG:colcon.colcon_core.event_reactor:joining thread
[0.495s] INFO:colcon.colcon_core.plugin_system:Skipping extension 'colcon_notification.desktop_notification.terminal_notifier': Not used on non-Darwin systems
[0.495s] INFO:colcon.colcon_core.plugin_system:Skipping extension 'colcon_notification.desktop_notification.win32': Not used on non-Windows systems
[0.495s] INFO:colcon.colcon_notification.desktop_notification:Sending desktop notification using 'notify2'
[0.501s] DEBUG:colcon.colcon_core.event_reactor:joined thread
[0.502s] INFO:colcon.colcon_core.shell:Creating prefix script '/home/kuba/PBL/install/local_setup.ps1'
[0.502s] INFO:colcon.colcon_core.shell:Creating prefix util module '/home/kuba/PBL/install/_local_setup_util_ps1.py'
[0.503s] INFO:colcon.colcon_core.shell:Creating prefix chain script '/home/kuba/PBL/install/setup.ps1'
[0.504s] INFO:colcon.colcon_core.shell:Creating prefix script '/home/kuba/PBL/install/local_setup.sh'
[0.504s] INFO:colcon.colcon_core.shell:Creating prefix util module '/home/kuba/PBL/install/_local_setup_util_sh.py'
[0.505s] INFO:colcon.colcon_core.shell:Creating prefix chain script '/home/kuba/PBL/install/setup.sh'
[0.506s] INFO:colcon.colcon_core.shell:Creating prefix script '/home/kuba/PBL/install/local_setup.bash'
[0.506s] INFO:colcon.colcon_core.shell:Creating prefix chain script '/home/kuba/PBL/install/setup.bash'
[0.507s] INFO:colcon.colcon_core.shell:Creating prefix script '/home/kuba/PBL/install/local_setup.zsh'
[0.507s] INFO:colcon.colcon_core.shell:Creating prefix chain script '/home/kuba/PBL/install/setup.zsh'
