[0.015s] Invoking command in '/home/kuba/PBL/build/pbl_bringup': CMAKE_PREFIX_PATH=${CMAKE_PREFIX_PATH}:/opt/ros/humble /usr/bin/cmake --build /home/kuba/PBL/build/pbl_bringup -- -j16 -l16
[0.041s] -- Found ament_cmake: 1.3.10 (/opt/ros/humble/share/ament_cmake/cmake)
[0.173s] -- Override CMake install command with custom implementation using symlinks instead of copying resources
[0.188s] -- Found rclpy: 3.3.14 (/opt/ros/humble/share/rclpy/cmake)
[0.188s] -- Found geometry_msgs: 4.2.4 (/opt/ros/humble/share/geometry_msgs/cmake)
[0.220s] -- Found rosidl_generator_c: 3.1.5 (/opt/ros/humble/share/rosidl_generator_c/cmake)
[0.223s] -- Found rosidl_adapter: 3.1.5 (/opt/ros/humble/share/rosidl_adapter/cmake)
[0.231s] -- Found rosidl_generator_cpp: 3.1.5 (/opt/ros/humble/share/rosidl_generator_cpp/cmake)
[0.243s] -- Using all available rosidl_typesupport_c: rosidl_typesupport_fastrtps_c;rosidl_typesupport_introspection_c
[0.257s] -- Using all available rosidl_typesupport_cpp: rosidl_typesupport_fastrtps_cpp;rosidl_typesupport_introspection_cpp
[0.294s] -- Found nav_msgs: 4.2.4 (/opt/ros/humble/share/nav_msgs/cmake)
[0.312s] -- Found tf2_ros: 0.25.7 (/opt/ros/humble/share/tf2_ros/cmake)
[0.375s] -- Found rmw_implementation_cmake: 6.1.2 (/opt/ros/humble/share/rmw_implementation_cmake/cmake)
[0.377s] -- Found rmw_cyclonedds_cpp: 1.3.4 (/opt/ros/humble/share/rmw_cyclonedds_cpp/cmake)
[0.398s] -- Using RMW implementation 'rmw_cyclonedds_cpp' as default
[0.572s] -- Configuring done
[0.577s] -- Generating done
[0.578s] -- Build files have been written to: /home/kuba/PBL/build/pbl_bringup
[0.599s] Invoked command in '/home/kuba/PBL/build/pbl_bringup' returned '0': CMAKE_PREFIX_PATH=${CMAKE_PREFIX_PATH}:/opt/ros/humble /usr/bin/cmake --build /home/kuba/PBL/build/pbl_bringup -- -j16 -l16
[0.615s] Invoking command in '/home/kuba/PBL/build/pbl_bringup': CMAKE_PREFIX_PATH=${CMAKE_PREFIX_PATH}:/opt/ros/humble /usr/bin/cmake --install /home/kuba/PBL/build/pbl_bringup
[0.621s] -- Install configuration: ""
[0.621s] -- Execute custom install script
[0.621s] -- Up-to-date symlink: /home/kuba/PBL/install/pbl_bringup/share/pbl_bringup//launch/pbl_bringup.launch.xml
[0.622s] -- Up-to-date symlink: /home/kuba/PBL/install/pbl_bringup/share/pbl_bringup//rviz/pbl_rviz_config.rviz
[0.622s] -- Up-to-date symlink: /home/kuba/PBL/install/pbl_bringup/share/pbl_bringup//rviz/test.rviz
[0.622s] [31mCMake Error at ament_cmake_symlink_install/ament_cmake_symlink_install.cmake:100 (message):
[0.622s]   ament_cmake_symlink_install_directory() can't find
[0.622s]   '/home/kuba/PBL/src/pbl_bringup/config'
[0.622s] Call Stack (most recent call first):
[0.622s]   ament_cmake_symlink_install/ament_cmake_symlink_install.cmake:314 (ament_cmake_symlink_install_directory)
[0.622s]   cmake_install.cmake:46 (include)
[0.622s] 
[0.623s] [0m
[0.623s] -- Up-to-date symlink: /home/kuba/PBL/install/pbl_bringup/share/pbl_bringup//worlds/pbl_world.world
[0.623s] Invoked command in '/home/kuba/PBL/build/pbl_bringup' returned '1': CMAKE_PREFIX_PATH=${CMAKE_PREFIX_PATH}:/opt/ros/humble /usr/bin/cmake --install /home/kuba/PBL/build/pbl_bringup
