[0.021s] Invoking command in '/home/kuba/PBL/build/pbl_bringup': CMAKE_PREFIX_PATH=${CMAKE_PREFIX_PATH}:/opt/ros/humble /usr/bin/cmake /home/kuba/PBL/src/pbl_bringup -DAMENT_CMAKE_SYMLINK_INSTALL=1 -DCMAKE_INSTALL_PREFIX=/home/kuba/PBL/install/pbl_bringup
[0.125s] -- The C compiler identification is GNU 11.4.0
[0.216s] -- The CXX compiler identification is GNU 11.4.0
[0.226s] -- Detecting C compiler ABI info
[0.300s] -- Detecting C compiler ABI info - done
[0.310s] -- Check for working C compiler: /usr/bin/cc - skipped
[0.311s] -- Detecting C compile features
[0.312s] -- Detecting C compile features - done
[0.316s] -- Detecting CXX compiler ABI info
[0.399s] -- Detecting CXX compiler ABI info - done
[0.409s] -- Check for working CXX compiler: /usr/bin/c++ - skipped
[0.409s] -- Detecting CXX compile features
[0.410s] -- Detecting CXX compile features - done
[0.415s] -- Found ament_cmake: 1.3.10 (/opt/ros/humble/share/ament_cmake/cmake)
[0.589s] -- Found Python3: /usr/bin/python3 (found version "3.10.12") found components: Interpreter 
[0.663s] -- Override CMake install command with custom implementation using symlinks instead of copying resources
[0.696s] -- Found ament_lint_auto: 0.12.11 (/opt/ros/humble/share/ament_lint_auto/cmake)
[0.788s] -- Added test 'lint_cmake' to check CMake code style
[0.789s] -- Added test 'xmllint' to check XML markup files
[0.791s] -- Configuring done
[0.793s] -- Generating done
[0.794s] -- Build files have been written to: /home/kuba/PBL/build/pbl_bringup
[0.799s] Invoked command in '/home/kuba/PBL/build/pbl_bringup' returned '0': CMAKE_PREFIX_PATH=${CMAKE_PREFIX_PATH}:/opt/ros/humble /usr/bin/cmake /home/kuba/PBL/src/pbl_bringup -DAMENT_CMAKE_SYMLINK_INSTALL=1 -DCMAKE_INSTALL_PREFIX=/home/kuba/PBL/install/pbl_bringup
[0.801s] Invoking command in '/home/kuba/PBL/build/pbl_bringup': CMAKE_PREFIX_PATH=${CMAKE_PREFIX_PATH}:/opt/ros/humble /usr/bin/cmake --build /home/kuba/PBL/build/pbl_bringup -- -j16 -l16
[0.849s] Invoked command in '/home/kuba/PBL/build/pbl_bringup' returned '0': CMAKE_PREFIX_PATH=${CMAKE_PREFIX_PATH}:/opt/ros/humble /usr/bin/cmake --build /home/kuba/PBL/build/pbl_bringup -- -j16 -l16
[0.884s] Invoking command in '/home/kuba/PBL/build/pbl_bringup': CMAKE_PREFIX_PATH=${CMAKE_PREFIX_PATH}:/opt/ros/humble /usr/bin/cmake --install /home/kuba/PBL/build/pbl_bringup
[0.893s] -- Install configuration: ""
[0.893s] -- Execute custom install script
[0.894s] -- Symlinking: /home/kuba/PBL/install/pbl_bringup/share/ament_index/resource_index/package_run_dependencies/pbl_bringup
[0.904s] -- Symlinking: /home/kuba/PBL/install/pbl_bringup/share/ament_index/resource_index/parent_prefix_path/pbl_bringup
[0.913s] -- Symlinking: /home/kuba/PBL/install/pbl_bringup/share/pbl_bringup/environment/ament_prefix_path.sh
[0.923s] -- Symlinking: /home/kuba/PBL/install/pbl_bringup/share/pbl_bringup/environment/ament_prefix_path.dsv
[0.934s] -- Symlinking: /home/kuba/PBL/install/pbl_bringup/share/pbl_bringup/environment/path.sh
[0.942s] -- Symlinking: /home/kuba/PBL/install/pbl_bringup/share/pbl_bringup/environment/path.dsv
[0.950s] -- Symlinking: /home/kuba/PBL/install/pbl_bringup/share/pbl_bringup/local_setup.bash
[0.959s] -- Symlinking: /home/kuba/PBL/install/pbl_bringup/share/pbl_bringup/local_setup.sh
[0.967s] -- Symlinking: /home/kuba/PBL/install/pbl_bringup/share/pbl_bringup/local_setup.zsh
[0.975s] -- Symlinking: /home/kuba/PBL/install/pbl_bringup/share/pbl_bringup/local_setup.dsv
[0.983s] -- Symlinking: /home/kuba/PBL/install/pbl_bringup/share/pbl_bringup/package.dsv
[0.991s] -- Symlinking: /home/kuba/PBL/install/pbl_bringup/share/ament_index/resource_index/packages/pbl_bringup
[0.999s] -- Symlinking: /home/kuba/PBL/install/pbl_bringup/share/pbl_bringup/cmake/pbl_bringupConfig.cmake
[1.006s] -- Symlinking: /home/kuba/PBL/install/pbl_bringup/share/pbl_bringup/cmake/pbl_bringupConfig-version.cmake
[1.015s] -- Symlinking: /home/kuba/PBL/install/pbl_bringup/share/pbl_bringup/package.xml
[1.025s] Invoked command in '/home/kuba/PBL/build/pbl_bringup' returned '0': CMAKE_PREFIX_PATH=${CMAKE_PREFIX_PATH}:/opt/ros/humble /usr/bin/cmake --install /home/kuba/PBL/build/pbl_bringup
