[0.025s] Invoking command in '/home/kuba/PBL/build/pbl_bringup': CMAKE_PREFIX_PATH=${CMAKE_PREFIX_PATH}:/opt/ros/humble /usr/bin/cmake --build /home/kuba/PBL/build/pbl_bringup -- -j16 -l16
[0.107s] Invoked command in '/home/kuba/PBL/build/pbl_bringup' returned '0': CMAKE_PREFIX_PATH=${CMAKE_PREFIX_PATH}:/opt/ros/humble /usr/bin/cmake --build /home/kuba/PBL/build/pbl_bringup -- -j16 -l16
[0.149s] Invoking command in '/home/kuba/PBL/build/pbl_bringup': CMAKE_PREFIX_PATH=${CMAKE_PREFIX_PATH}:/opt/ros/humble /usr/bin/cmake --install /home/kuba/PBL/build/pbl_bringup
[0.160s] -- Install configuration: ""
[0.161s] -- Execute custom install script
[0.164s] -- Up-to-date symlink: /home/kuba/PBL/install/pbl_bringup/share/pbl_bringup//launch/pbl_bringup.launch.xml
[0.164s] -- Up-to-date symlink: /home/kuba/PBL/install/pbl_bringup/share/pbl_bringup//rviz/pbl_rviz_config.rviz
[0.166s] -- Up-to-date symlink: /home/kuba/PBL/install/pbl_bringup/share/pbl_bringup//worlds/pbl_world.world
[0.167s] -- Up-to-date symlink: /home/kuba/PBL/install/pbl_bringup/share/ament_index/resource_index/package_run_dependencies/pbl_bringup
[0.168s] -- Up-to-date symlink: /home/kuba/PBL/install/pbl_bringup/share/ament_index/resource_index/parent_prefix_path/pbl_bringup
[0.169s] -- Up-to-date symlink: /home/kuba/PBL/install/pbl_bringup/share/pbl_bringup/environment/ament_prefix_path.sh
[0.170s] -- Up-to-date symlink: /home/kuba/PBL/install/pbl_bringup/share/pbl_bringup/environment/ament_prefix_path.dsv
[0.171s] -- Up-to-date symlink: /home/kuba/PBL/install/pbl_bringup/share/pbl_bringup/environment/path.sh
[0.171s] -- Up-to-date symlink: /home/kuba/PBL/install/pbl_bringup/share/pbl_bringup/environment/path.dsv
[0.172s] -- Up-to-date symlink: /home/kuba/PBL/install/pbl_bringup/share/pbl_bringup/local_setup.bash
[0.172s] -- Up-to-date symlink: /home/kuba/PBL/install/pbl_bringup/share/pbl_bringup/local_setup.sh
[0.173s] -- Up-to-date symlink: /home/kuba/PBL/install/pbl_bringup/share/pbl_bringup/local_setup.zsh
[0.174s] -- Up-to-date symlink: /home/kuba/PBL/install/pbl_bringup/share/pbl_bringup/local_setup.dsv
[0.174s] -- Symlinking: /home/kuba/PBL/install/pbl_bringup/share/pbl_bringup/package.dsv
[0.185s] -- Up-to-date symlink: /home/kuba/PBL/install/pbl_bringup/share/ament_index/resource_index/packages/pbl_bringup
[0.185s] -- Up-to-date symlink: /home/kuba/PBL/install/pbl_bringup/share/pbl_bringup/cmake/pbl_bringupConfig.cmake
[0.185s] -- Up-to-date symlink: /home/kuba/PBL/install/pbl_bringup/share/pbl_bringup/cmake/pbl_bringupConfig-version.cmake
[0.186s] -- Up-to-date symlink: /home/kuba/PBL/install/pbl_bringup/share/pbl_bringup/package.xml
[0.189s] Invoked command in '/home/kuba/PBL/build/pbl_bringup' returned '0': CMAKE_PREFIX_PATH=${CMAKE_PREFIX_PATH}:/opt/ros/humble /usr/bin/cmake --install /home/kuba/PBL/build/pbl_bringup
