[0.019s] Invoking command in '/home/kuba/PBL/build/pbl_bringup': CMAKE_PREFIX_PATH=${CMAKE_PREFIX_PATH}:/opt/ros/humble /usr/bin/cmake --build /home/kuba/PBL/build/pbl_bringup -- -j16 -l16
[0.075s] -- Found ament_cmake: 1.3.10 (/opt/ros/humble/share/ament_cmake/cmake)
[0.188s] -- Override CMake install command with custom implementation using symlinks instead of copying resources
[0.266s] -- Configuring done
[0.270s] -- Generating done
[0.271s] -- Build files have been written to: /home/kuba/PBL/build/pbl_bringup
[0.287s] Invoked command in '/home/kuba/PBL/build/pbl_bringup' returned '0': CMAKE_PREFIX_PATH=${CMAKE_PREFIX_PATH}:/opt/ros/humble /usr/bin/cmake --build /home/kuba/PBL/build/pbl_bringup -- -j16 -l16
[0.303s] Invoking command in '/home/kuba/PBL/build/pbl_bringup': CMAKE_PREFIX_PATH=${CMAKE_PREFIX_PATH}:/opt/ros/humble /usr/bin/cmake --install /home/kuba/PBL/build/pbl_bringup
[0.309s] -- Install configuration: ""
[0.309s] -- Execute custom install script
[0.311s] -- Up-to-date symlink: /home/kuba/PBL/install/pbl_bringup/share/pbl_bringup//launch/pbl_bringup.launch.xml
[0.311s] -- Up-to-date symlink: /home/kuba/PBL/install/pbl_bringup/share/pbl_bringup//rviz/pbl_rviz_config.rviz
[0.311s] -- Symlinking: /home/kuba/PBL/install/pbl_bringup/share/pbl_bringup//rviz/test.rviz
[0.318s] -- Up-to-date symlink: /home/kuba/PBL/install/pbl_bringup/share/pbl_bringup//worlds/pbl_world.world
[0.319s] -- Symlinking: /home/kuba/PBL/install/pbl_bringup/share/pbl_bringup//config/slam_toolbox_params.yaml
[0.325s] -- Up-to-date symlink: /home/kuba/PBL/install/pbl_bringup/share/ament_index/resource_index/package_run_dependencies/pbl_bringup
[0.325s] -- Up-to-date symlink: /home/kuba/PBL/install/pbl_bringup/share/ament_index/resource_index/parent_prefix_path/pbl_bringup
[0.326s] -- Up-to-date symlink: /home/kuba/PBL/install/pbl_bringup/share/pbl_bringup/environment/ament_prefix_path.sh
[0.326s] -- Up-to-date symlink: /home/kuba/PBL/install/pbl_bringup/share/pbl_bringup/environment/ament_prefix_path.dsv
[0.326s] -- Up-to-date symlink: /home/kuba/PBL/install/pbl_bringup/share/pbl_bringup/environment/path.sh
[0.326s] -- Up-to-date symlink: /home/kuba/PBL/install/pbl_bringup/share/pbl_bringup/environment/path.dsv
[0.326s] -- Up-to-date symlink: /home/kuba/PBL/install/pbl_bringup/share/pbl_bringup/local_setup.bash
[0.326s] -- Up-to-date symlink: /home/kuba/PBL/install/pbl_bringup/share/pbl_bringup/local_setup.sh
[0.326s] -- Up-to-date symlink: /home/kuba/PBL/install/pbl_bringup/share/pbl_bringup/local_setup.zsh
[0.327s] -- Up-to-date symlink: /home/kuba/PBL/install/pbl_bringup/share/pbl_bringup/local_setup.dsv
[0.327s] -- Symlinking: /home/kuba/PBL/install/pbl_bringup/share/pbl_bringup/package.dsv
[0.333s] -- Up-to-date symlink: /home/kuba/PBL/install/pbl_bringup/share/ament_index/resource_index/packages/pbl_bringup
[0.333s] -- Up-to-date symlink: /home/kuba/PBL/install/pbl_bringup/share/pbl_bringup/cmake/pbl_bringupConfig.cmake
[0.333s] -- Up-to-date symlink: /home/kuba/PBL/install/pbl_bringup/share/pbl_bringup/cmake/pbl_bringupConfig-version.cmake
[0.333s] -- Up-to-date symlink: /home/kuba/PBL/install/pbl_bringup/share/pbl_bringup/package.xml
[0.335s] Invoked command in '/home/kuba/PBL/build/pbl_bringup' returned '0': CMAKE_PREFIX_PATH=${CMAKE_PREFIX_PATH}:/opt/ros/humble /usr/bin/cmake --install /home/kuba/PBL/build/pbl_bringup
